============================= test session starts =============================
platform win32 -- Python 3.11.9, pytest-8.3.4, pluggy-1.6.0
rootdir: C:\Dev\MERID
configfile: pytest.ini
plugins: allure-pytest-2.15.3, anyio-4.7.0, hypothesis-6.151.4, langsmith-0.6.2, asyncio-0.25.2, checklist-0.3.7, cov-6.0.0, dependency-0.6.0, html-4.2.0, metadata-3.1.1, mock-3.15.1, rerunfailures-16.1, timeout-2.4.0, xdist-3.6.1, respx-0.22.0
asyncio: mode=Mode.AUTO, asyncio_default_fixture_loop_scope=function
collected 16875 items / 1 skipped

tests\agents\test_agent_fixed.py .....                                   [  0%]
tests\agents\test_base_agent.py ...............                          [  0%]
tests\agents\test_ollama.py .                                            [  0%]
tests\agents\test_social_bots.py sss                                     [  0%]
tests\ai_signals\test_ai_signals.py ....                                 [  0%]
tests\ai_signals\test_signal_generator.py .............................. [  0%]
..................                                                       [  0%]
tests\ai_signals\test_signal_validation.py ............................. [  0%]
....                                                                     [  0%]
tests\analytics\test_advanced_analytics.py ....                          [  0%]
tests\analytics\test_correlation_analysis.py ...................         [  0%]
tests\analytics\test_health_score.py ..........................          [  0%]
tests\analytics\test_market_regimes.py ........................          [  1%]
tests\analytics\test_performance_attribution.py ........................ [  1%]
...                                                                      [  1%]
tests\analytics\test_predictive_analytics.py .....                       [  1%]
tests\analytics\test_scorecard_fix.py .                                  [  1%]
tests\analytics\test_time_series.py ........................ss           [  1%]
tests\analytics\test_volatility_models.py .........................      [  1%]
tests\api\test_api_directly.py .                                         [  1%]
tests\api\test_auth_fix.py .                                             [  1%]
tests\api\test_canonical_pattern.py .                                    [  1%]
tests\api\test_dashboard_brier.py ..                                     [  1%]
tests\api\test_mock_responses.py sss                                     [  1%]
tests\api\test_unified_dashboard.py .                                    [  1%]
tests\api\test_vertical_slice.py ..                                      [  1%]
tests\config\test_kalshi_crypto_series_meta.py .....                     [  1%]
tests\consensus\test_consensus_coordinator.py .............              [  1%]
tests\consensus\test_taco_consensus.py .................                 [  1%]
tests\core\test_action_handlers.py .....                                 [  1%]
tests\core\test_agent.py ...                                             [  1%]
tests\core\test_alerts.py ......................................         [  2%]
tests\core\test_assertion_status_fix.py .                                [  2%]
tests\core\test_blockchain.py ...E

=================================== ERRORS ====================================
____________ ERROR at setup of TestSolanaManager.test_get_balance _____________
tests\core\test_blockchain.py:77: in solana_manager
    from core.blockchain_solana import SolanaManager
core\blockchain_solana.py:14: in <module>
    from solana.rpc.async_api import AsyncClient
E   ModuleNotFoundError: No module named 'solana'
============================== warnings summary ===============================
..\..\Users\Chris\AppData\Local\Programs\Python\Python311\Lib\site-packages\_hypothesis_pytestplugin.py:469
  C:\Users\Chris\AppData\Local\Programs\Python\Python311\Lib\site-packages\_hypothesis_pytestplugin.py:469: UserWarning: Skipping collection of '.hypothesis' directory - this usually means you've explicitly set the `norecursedirs` pytest config option, replacing rather than extending the default ignores.
    warnings.warn(

tests\agents\test_social_bots.py:11
  C:\Dev\MERID\tests\agents\test_social_bots.py:11: PytestUnknownMarkWarning: Unknown pytest.mark.quarantine - is this a typo?  You can register custom marks to avoid this warning - for details, see https://docs.pytest.org/en/stable/how-to/mark.html
    pytestmark = pytest.mark.quarantine

tests\api\test_mock_responses.py:5
  C:\Dev\MERID\tests\api\test_mock_responses.py:5: PytestUnknownMarkWarning: Unknown pytest.mark.quarantine - is this a typo?  You can register custom marks to avoid this warning - for details, see https://docs.pytest.org/en/stable/how-to/mark.html
    pytestmark = pytest.mark.quarantine

tests\consensus\test_consensus_coordinator.py:16
  C:\Dev\MERID\tests\consensus\test_consensus_coordinator.py:16: PytestUnknownMarkWarning: Unknown pytest.mark.windows_flaky_async - is this a typo?  You can register custom marks to avoid this warning - for details, see https://docs.pytest.org/en/stable/how-to/mark.html
    pytestmark = pytest.mark.windows_flaky_async

..\..\Users\Chris\AppData\Local\Programs\Python\Python311\Lib\site-packages\great_expectations\data_context\types\base.py:1098
  C:\Users\Chris\AppData\Local\Programs\Python\Python311\Lib\site-packages\great_expectations\data_context\types\base.py:1098: ChangedInMarshmallow4Warning: `Number` field should not be instantiated. Use `Integer`, `Float`, or `Decimal` instead.
    config_version: fields.Number = fields.Number(

tests\e2e\test_circuit_breaker_chaos.py:29
  C:\Dev\MERID\tests\e2e\test_circuit_breaker_chaos.py:29: PytestUnknownMarkWarning: Unknown pytest.mark.e2e - is this a typo?  You can register custom marks to avoid this warning - for details, see https://docs.pytest.org/en/stable/how-to/mark.html
    @pytest.mark.e2e

tests\e2e\test_circuit_breaker_chaos.py:30
  C:\Dev\MERID\tests\e2e\test_circuit_breaker_chaos.py:30: PytestUnknownMarkWarning: Unknown pytest.mark.safety_critical - is this a typo?  You can register custom marks to avoid this warning - for details, see https://docs.pytest.org/en/stable/how-to/mark.html
    @pytest.mark.safety_critical

tests\e2e\test_circuit_breaker_chaos.py:292
  C:\Dev\MERID\tests\e2e\test_circuit_breaker_chaos.py:292: PytestUnknownMarkWarning: Unknown pytest.mark.e2e - is this a typo?  You can register custom marks to avoid this warning - for details, see https://docs.pytest.org/en/stable/how-to/mark.html
    @pytest.mark.e2e

tests\e2e\test_circuit_breaker_chaos.py:293
  C:\Dev\MERID\tests\e2e\test_circuit_breaker_chaos.py:293: PytestUnknownMarkWarning: Unknown pytest.mark.stress_core - is this a typo?  You can register custom marks to avoid this warning - for details, see https://docs.pytest.org/en/stable/how-to/mark.html
    @pytest.mark.stress_core

config\__init__.py:3
  C:\Dev\MERID\config\__init__.py:3: DeprecationWarning: config.settings is deprecated ù use merid.settings instead (T-060)
    from config.settings import (

tests\event_venues\test_kalshi_crypto_series.py:630
  C:\Dev\MERID\tests\event_venues\test_kalshi_crypto_series.py:630: PytestUnknownMarkWarning: Unknown pytest.mark.coverage - is this a typo?  You can register custom marks to avoid this warning - for details, see https://docs.pytest.org/en/stable/how-to/mark.html
    @pytest.mark.coverage

tests\integration\test_contracts.py:12
  C:\Dev\MERID\tests\integration\test_contracts.py:12: PytestUnknownMarkWarning: Unknown pytest.mark.contract - is this a typo?  You can register custom marks to avoid this warning - for details, see https://docs.pytest.org/en/stable/how-to/mark.html
    @pytest.mark.contract

tests\integration\test_contracts.py:36
  C:\Dev\MERID\tests\integration\test_contracts.py:36: PytestUnknownMarkWarning: Unknown pytest.mark.contract - is this a typo?  You can register custom marks to avoid this warning - for details, see https://docs.pytest.org/en/stable/how-to/mark.html
    @pytest.mark.contract

tests\integration\test_contracts.py:54
  C:\Dev\MERID\tests\integration\test_contracts.py:54: PytestUnknownMarkWarning: Unknown pytest.mark.contract - is this a typo?  You can register custom marks to avoid this warning - for details, see https://docs.pytest.org/en/stable/how-to/mark.html
    @pytest.mark.contract

tests\integration\test_kalshi_e2e_stress.py:65
  C:\Dev\MERID\tests\integration\test_kalshi_e2e_stress.py:65: PytestUnknownMarkWarning: Unknown pytest.mark.stress_core - is this a typo?  You can register custom marks to avoid this warning - for details, see https://docs.pytest.org/en/stable/how-to/mark.html
    @pytest.mark.stress_core

tests\integration\test_kalshi_e2e_stress.py:90
  C:\Dev\MERID\tests\integration\test_kalshi_e2e_stress.py:90: PytestUnknownMarkWarning: Unknown pytest.mark.stress_core - is this a typo?  You can register custom marks to avoid this warning - for details, see https://docs.pytest.org/en/stable/how-to/mark.html
    @pytest.mark.stress_core

tests\integration\test_kalshi_e2e_stress.py:105
  C:\Dev\MERID\tests\integration\test_kalshi_e2e_stress.py:105: PytestUnknownMarkWarning: Unknown pytest.mark.stress_core - is this a typo?  You can register custom marks to avoid this warning - for details, see https://docs.pytest.org/en/stable/how-to/mark.html
    @pytest.mark.stress_core

tests\integration\test_kalshi_e2e_stress.py:120
  C:\Dev\MERID\tests\integration\test_kalshi_e2e_stress.py:120: PytestUnknownMarkWarning: Unknown pytest.mark.stress_core - is this a typo?  You can register custom marks to avoid this warning - for details, see https://docs.pytest.org/en/stable/how-to/mark.html
    @pytest.mark.stress_core

testing\final_validation.py:29
  C:\Dev\MERID\testing\final_validation.py:29: PytestCollectionWarning: cannot collect test class 'TestType' because it has a __init__ constructor (from: tests/monitoring/test_final_validation.py)
    class TestType(Enum):

testing\final_validation.py:39
  C:\Dev\MERID\testing\final_validation.py:39: PytestCollectionWarning: cannot collect test class 'TestStatus' because it has a __init__ constructor (from: tests/monitoring/test_final_validation.py)
    class TestStatus(Enum):

tests\smoke\test_paper_trading_smoke.py:14
  C:\Dev\MERID\tests\smoke\test_paper_trading_smoke.py:14: PytestUnknownMarkWarning: Unknown pytest.mark.smoke - is this a typo?  You can register custom marks to avoid this warning - for details, see https://docs.pytest.org/en/stable/how-to/mark.html
    @pytest.mark.smoke

tests\smoke\test_paper_trading_smoke.py:149
  C:\Dev\MERID\tests\smoke\test_paper_trading_smoke.py:149: PytestUnknownMarkWarning: Unknown pytest.mark.smoke - is this a typo?  You can register custom marks to avoid this warning - for details, see https://docs.pytest.org/en/stable/how-to/mark.html
    @pytest.mark.smoke

tests\streaming\test_stream_bus.py:8
  C:\Dev\MERID\tests\streaming\test_stream_bus.py:8: PytestUnknownMarkWarning: Unknown pytest.mark.windows_flaky_async - is this a typo?  You can register custom marks to avoid this warning - for details, see https://docs.pytest.org/en/stable/how-to/mark.html
    pytestmark = pytest.mark.windows_flaky_async

tests\test_capital_ladder.py:88
  C:\Dev\MERID\tests\test_capital_ladder.py:88: PytestUnknownMarkWarning: Unknown pytest.mark.slow - is this a typo?  You can register custom marks to avoid this warning - for details, see https://docs.pytest.org/en/stable/how-to/mark.html
    @pytest.mark.slow

tests\test_capital_ladder.py:96
  C:\Dev\MERID\tests\test_capital_ladder.py:96: PytestUnknownMarkWarning: Unknown pytest.mark.slow - is this a typo?  You can register custom marks to avoid this warning - for details, see https://docs.pytest.org/en/stable/how-to/mark.html
    @pytest.mark.slow

tests\test_capital_ladder.py:117
  C:\Dev\MERID\tests\test_capital_ladder.py:117: PytestUnknownMarkWarning: Unknown pytest.mark.slow - is this a typo?  You can register custom marks to avoid this warning - for details, see https://docs.pytest.org/en/stable/how-to/mark.html
    @pytest.mark.slow

tests\test_capital_ladder.py:125
  C:\Dev\MERID\tests\test_capital_ladder.py:125: PytestUnknownMarkWarning: Unknown pytest.mark.slow - is this a typo?  You can register custom marks to avoid this warning - for details, see https://docs.pytest.org/en/stable/how-to/mark.html
    @pytest.mark.slow

tests\test_capital_ladder.py:133
  C:\Dev\MERID\tests\test_capital_ladder.py:133: PytestUnknownMarkWarning: Unknown pytest.mark.slow - is this a typo?  You can register custom marks to avoid this warning - for details, see https://docs.pytest.org/en/stable/how-to/mark.html
    @pytest.mark.slow

tests\test_capital_ladder.py:149
  C:\Dev\MERID\tests\test_capital_ladder.py:149: PytestUnknownMarkWarning: Unknown pytest.mark.slow - is this a typo?  You can register custom marks to avoid this warning - for details, see https://docs.pytest.org/en/stable/how-to/mark.html
    @pytest.mark.slow

tests\test_capital_ladder.py:159
  C:\Dev\MERID\tests\test_capital_ladder.py:159: PytestUnknownMarkWarning: Unknown pytest.mark.slow - is this a typo?  You can register custom marks to avoid this warning - for details, see https://docs.pytest.org/en/stable/how-to/mark.html
    @pytest.mark.slow

tests\test_capital_ladder.py:167
  C:\Dev\MERID\tests\test_capital_ladder.py:167: PytestUnknownMarkWarning: Unknown pytest.mark.slow - is this a typo?  You can register custom marks to avoid this warning - for details, see https://docs.pytest.org/en/stable/how-to/mark.html
    @pytest.mark.slow

tests\test_capital_ladder.py:184
  C:\Dev\MERID\tests\test_capital_ladder.py:184: PytestUnknownMarkWarning: Unknown pytest.mark.slow - is this a typo?  You can register custom marks to avoid this warning - for details, see https://docs.pytest.org/en/stable/how-to/mark.html
    @pytest.mark.slow

tests\test_capital_ladder.py:192
  C:\Dev\MERID\tests\test_capital_ladder.py:192: PytestUnknownMarkWarning: Unknown pytest.mark.slow - is this a typo?  You can register custom marks to avoid this warning - for details, see https://docs.pytest.org/en/stable/how-to/mark.html
    @pytest.mark.slow

tests\test_capital_ladder.py:208
  C:\Dev\MERID\tests\test_capital_ladder.py:208: PytestUnknownMarkWarning: Unknown pytest.mark.slow - is this a typo?  You can register custom marks to avoid this warning - for details, see https://docs.pytest.org/en/stable/how-to/mark.html
    @pytest.mark.slow

tests\test_capital_ladder.py:224
  C:\Dev\MERID\tests\test_capital_ladder.py:224: PytestUnknownMarkWarning: Unknown pytest.mark.slow - is this a typo?  You can register custom marks to avoid this warning - for details, see https://docs.pytest.org/en/stable/how-to/mark.html
    @pytest.mark.slow

tests\test_capital_ladder.py:233
  C:\Dev\MERID\tests\test_capital_ladder.py:233: PytestUnknownMarkWarning: Unknown pytest.mark.slow - is this a typo?  You can register custom marks to avoid this warning - for details, see https://docs.pytest.org/en/stable/how-to/mark.html
    @pytest.mark.slow

tests\test_capital_ladder.py:243
  C:\Dev\MERID\tests\test_capital_ladder.py:243: PytestUnknownMarkWarning: Unknown pytest.mark.slow - is this a typo?  You can register custom marks to avoid this warning - for details, see https://docs.pytest.org/en/stable/how-to/mark.html
    @pytest.mark.slow

tests\test_capital_ladder.py:256
  C:\Dev\MERID\tests\test_capital_ladder.py:256: PytestUnknownMarkWarning: Unknown pytest.mark.slow - is this a typo?  You can register custom marks to avoid this warning - for details, see https://docs.pytest.org/en/stable/how-to/mark.html
    @pytest.mark.slow

tests\test_dev_swarm_xdist_invariants.py:21
  C:\Dev\MERID\tests\test_dev_swarm_xdist_invariants.py:21: PytestUnknownMarkWarning: Unknown pytest.mark.devswarm - is this a typo?  You can register custom marks to avoid this warning - for details, see https://docs.pytest.org/en/stable/how-to/mark.html
    pytestmark = [pytest.mark.devswarm, pytest.mark.auditor]

tests\test_dev_swarm_xdist_invariants.py:21
  C:\Dev\MERID\tests\test_dev_swarm_xdist_invariants.py:21: PytestUnknownMarkWarning: Unknown pytest.mark.auditor - is this a typo?  You can register custom marks to avoid this warning - for details, see https://docs.pytest.org/en/stable/how-to/mark.html
    pytestmark = [pytest.mark.devswarm, pytest.mark.auditor]

tests\test_profile_guard.py:307
  C:\Dev\MERID\tests\test_profile_guard.py:307: PytestUnknownMarkWarning: Unknown pytest.mark.integration - is this a typo?  You can register custom marks to avoid this warning - for details, see https://docs.pytest.org/en/stable/how-to/mark.html
    @pytest.mark.integration

tests\trading\test_spectator.py:9
  C:\Dev\MERID\tests\trading\test_spectator.py:9: PytestCollectionWarning: cannot collect test class 'TestEvent' because it has a __init__ constructor (from: tests/trading/test_spectator.py)
    @dataclass

tests/analytics/test_scorecard_fix.py::test_scorecard_generation
  C:\Users\Chris\AppData\Local\Programs\Python\Python311\Lib\site-packages\_pytest\python.py:163: PytestReturnNotNoneWarning: Expected None, but tests/analytics/test_scorecard_fix.py::test_scorecard_generation returned True, which will be an error in a future version of pytest.  Did you mean to use `assert` instead of `return`?
    warnings.warn(

tests/api/test_api_directly.py::test_api_directly
  C:\Users\Chris\AppData\Local\Programs\Python\Python311\Lib\site-packages\_pytest\python.py:163: PytestReturnNotNoneWarning: Expected None, but tests/api/test_api_directly.py::test_api_directly returned False, which will be an error in a future version of pytest.  Did you mean to use `assert` instead of `return`?
    warnings.warn(

tests/core/test_assertion_status_fix.py::test_assertion_status_fix
  C:\Users\Chris\AppData\Local\Programs\Python\Python311\Lib\site-packages\_pytest\python.py:163: PytestReturnNotNoneWarning: Expected None, but tests/core/test_assertion_status_fix.py::test_assertion_status_fix returned False, which will be an error in a future version of pytest.  Did you mean to use `assert` instead of `return`?
    warnings.warn(

-- Docs: https://docs.pytest.org/en/stable/how-to/capture-warnings.html
=========================== short test summary info ===========================
SKIPPED [1] tests\analytics\test_complete_roi_integration.py:32: per_task_roi_schema.sql not in repo ù archived ROI DB integration not runnable in CI
SKIPPED [3] tests\agents\test_social_bots.py: quarantined ù pass --run-quarantine to include
SKIPPED [1] tests\analytics\test_time_series.py:417: Statsmodels not available
SKIPPED [1] tests\analytics\test_time_series.py:429: Statsmodels not available
SKIPPED [3] tests\api\test_mock_responses.py: quarantined ù pass --run-quarantine to include
ERROR tests/core/test_blockchain.py::TestSolanaManager::test_get_balance - Mo...
!!!!!!!!!!!!!!!!!!!!!!!!!! stopping after 1 failures !!!!!!!!!!!!!!!!!!!!!!!!!!
====== 354 passed, 9 skipped, 45 warnings, 1 error in 705.19s (0:11:45) =======
