TN:
SF:src\App.tsx
FN:57,App
FN:73,(anonymous_2)
FN:85,(anonymous_3)
FN:89,(anonymous_4)
FN:100,(anonymous_5)
FNF:5
FNH:0
FNDA:0,App
FNDA:0,(anonymous_2)
FNDA:0,(anonymous_3)
FNDA:0,(anonymous_4)
FNDA:0,(anonymous_5)
DA:1,0
DA:2,0
DA:3,0
DA:4,0
DA:5,0
DA:6,0
DA:7,0
DA:8,0
DA:9,0
DA:10,0
DA:11,0
DA:12,0
DA:13,0
DA:14,0
DA:15,0
DA:16,0
DA:17,0
DA:18,0
DA:19,0
DA:20,0
DA:21,0
DA:22,0
DA:23,0
DA:24,0
DA:25,0
DA:34,0
DA:57,0
DA:58,0
DA:59,0
DA:60,0
DA:61,0
DA:63,0
DA:74,0
DA:75,0
DA:85,0
DA:90,0
DA:91,0
DA:100,0
LF:38
LH:0
BRDA:81,0,0,0
BRDA:81,0,1,0
BRDA:103,1,0,0
BRDA:103,1,1,0
BRF:4
BRH:0
end_of_record
TN:
SF:src\chartDarkModePlugin.ts
FN:5,(anonymous_0)
FN:37,registerMeridDarkModePlugin
FNF:2
FNH:0
FNDA:0,(anonymous_0)
FNDA:0,registerMeridDarkModePlugin
DA:1,0
DA:3,0
DA:6,0
DA:7,0
DA:9,0
DA:10,0
DA:11,0
DA:13,0
DA:14,0
DA:15,0
DA:17,0
DA:19,0
DA:23,0
DA:24,0
DA:27,0
DA:28,0
DA:29,0
DA:30,0
DA:31,0
DA:37,0
DA:38,0
LF:21
LH:0
BRDA:9,0,0,0
BRDA:9,0,1,0
BRDA:10,1,0,0
BRDA:10,1,1,0
BRDA:11,2,0,0
BRDA:11,2,1,0
BRDA:13,3,0,0
BRDA:15,4,0,0
BRDA:17,5,0,0
BRDA:17,5,1,0
BRDA:19,6,0,0
BRDA:19,6,1,0
BRDA:23,7,0,0
BRDA:27,8,0,0
BRDA:28,9,0,0
BRDA:28,9,1,0
BRF:16
BRH:0
end_of_record
TN:
SF:src\theme.tsx
FN:7,(anonymous_1)
FN:9,(anonymous_2)
FN:10,(anonymous_3)
FN:14,(anonymous_4)
FN:22,(anonymous_5)
FN:22,(anonymous_6)
FN:31,(anonymous_7)
FNF:7
FNH:0
FNDA:0,(anonymous_1)
FNDA:0,(anonymous_2)
FNDA:0,(anonymous_3)
FNDA:0,(anonymous_4)
FNDA:0,(anonymous_5)
FNDA:0,(anonymous_6)
FNDA:0,(anonymous_7)
DA:1,0
DA:4,0
DA:9,0
DA:10,0
DA:11,0
DA:14,0
DA:15,0
DA:16,0
DA:17,0
DA:20,0
DA:22,0
DA:31,0
LF:12
LH:0
BRDA:11,0,0,0
BRDA:11,0,1,0
BRDA:22,1,0,0
BRDA:22,1,1,0
BRDA:24,2,0,0
BRDA:24,2,1,0
BRF:6
BRH:0
end_of_record
TN:
SF:src\api\auth.ts
FN:3,login
FN:11,initAuth
FNF:2
FNH:0
FNDA:0,login
FNDA:0,initAuth
DA:1,0
DA:3,0
DA:4,0
DA:6,0
DA:7,0
DA:8,0
DA:11,0
DA:12,0
DA:13,0
DA:14,0
DA:19,0
LF:11
LH:0
BRDA:13,0,0,0
BRF:1
BRH:0
end_of_record
TN:
SF:src\api\client.ts
FNF:0
FNH:0
DA:1,0
DA:2,0
DA:4,0
DA:9,0
LF:4
LH:0
BRF:0
BRH:0
end_of_record
TN:
SF:src\components\AgentActivityPanel.tsx
FN:22,(anonymous_0)
FN:29,AgentActivityPanel
FN:33,(anonymous_2)
FN:34,fetchAgentActivity
FN:120,(anonymous_4)
FN:128,(anonymous_5)
FN:136,(anonymous_6)
FN:137,(anonymous_7)
FN:155,(anonymous_8)
FNF:9
FNH:0
FNDA:0,(anonymous_0)
FNDA:0,AgentActivityPanel
FNDA:0,(anonymous_2)
FNDA:0,fetchAgentActivity
FNDA:0,(anonymous_4)
FNDA:0,(anonymous_5)
FNDA:0,(anonymous_6)
FNDA:0,(anonymous_7)
FNDA:0,(anonymous_8)
DA:1,0
DA:2,0
DA:3,0
DA:15,0
DA:22,0
DA:23,0
DA:24,0
DA:25,0
DA:26,0
DA:29,0
DA:30,0
DA:31,0
DA:33,0
DA:35,0
DA:36,0
DA:37,0
DA:39,0
DA:41,0
DA:114,0
DA:118,0
DA:119,0
DA:120,0
DA:123,0
DA:124,0
DA:129,0
DA:136,0
DA:137,0
DA:139,0
DA:156,0
DA:158,0
DA:163,0
DA:167,0
LF:32
LH:0
BRDA:23,0,0,0
BRDA:24,1,0,0
BRDA:25,2,0,0
BRDA:37,3,0,0
BRDA:37,3,1,0
BRDA:123,4,0,0
BRDA:158,5,0,0
BRDA:158,5,1,0
BRDA:159,6,0,0
BRDA:159,6,1,0
BRDA:163,7,0,0
BRDA:163,7,1,0
BRDA:164,8,0,0
BRDA:164,8,1,0
BRDA:185,9,0,0
BRDA:185,9,1,0
BRF:16
BRH:0
end_of_record
TN:
SF:src\components\AgentPerformanceTable.tsx
FN:56,AgentPerformanceTable
FN:67,(anonymous_1)
FN:75,(anonymous_2)
FN:78,(anonymous_3)
FN:81,(anonymous_4)
FN:95,(anonymous_5)
FN:105,(anonymous_6)
FN:106,(anonymous_7)
FN:116,(anonymous_8)
FN:118,(anonymous_9)
FN:119,(anonymous_10)
FN:123,(anonymous_11)
FN:125,(anonymous_12)
FN:132,(anonymous_13)
FN:138,(anonymous_14)
FN:140,(anonymous_15)
FN:143,(anonymous_16)
FN:181,(anonymous_17)
FN:186,(anonymous_18)
FN:228,(anonymous_19)
FN:234,(anonymous_20)
FN:305,(anonymous_21)
FN:306,(anonymous_22)
FN:308,(anonymous_23)
FN:309,(anonymous_24)
FN:315,(anonymous_25)
FNF:26
FNH:0
FNDA:0,AgentPerformanceTable
FNDA:0,(anonymous_1)
FNDA:0,(anonymous_2)
FNDA:0,(anonymous_3)
FNDA:0,(anonymous_4)
FNDA:0,(anonymous_5)
FNDA:0,(anonymous_6)
FNDA:0,(anonymous_7)
FNDA:0,(anonymous_8)
FNDA:0,(anonymous_9)
FNDA:0,(anonymous_10)
FNDA:0,(anonymous_11)
FNDA:0,(anonymous_12)
FNDA:0,(anonymous_13)
FNDA:0,(anonymous_14)
FNDA:0,(anonymous_15)
FNDA:0,(anonymous_16)
FNDA:0,(anonymous_17)
FNDA:0,(anonymous_18)
FNDA:0,(anonymous_19)
FNDA:0,(anonymous_20)
FNDA:0,(anonymous_21)
FNDA:0,(anonymous_22)
FNDA:0,(anonymous_23)
FNDA:0,(anonymous_24)
FNDA:0,(anonymous_25)
DA:1,0
DA:2,0
DA:44,0
DA:56,0
DA:61,0
DA:62,0
DA:63,0
DA:64,0
DA:65,0
DA:67,0
DA:68,0
DA:69,0
DA:71,0
DA:75,0
DA:77,0
DA:78,0
DA:81,0
DA:82,0
DA:83,0
DA:84,0
DA:85,0
DA:86,0
DA:89,0
DA:91,0
DA:95,0
DA:96,0
DA:97,0
DA:99,0
DA:100,0
DA:104,0
DA:105,0
DA:107,0
DA:108,0
DA:110,0
DA:111,0
DA:113,0
DA:116,0
DA:118,0
DA:119,0
DA:120,0
DA:121,0
DA:123,0
DA:125,0
DA:126,0
DA:127,0
DA:128,0
DA:129,0
DA:132,0
DA:133,0
DA:134,0
DA:135,0
DA:138,0
DA:140,0
DA:141,0
DA:143,0
DA:154,0
DA:155,0
DA:165,0
DA:181,0
DA:187,0
DA:229,0
DA:234,0
DA:305,0
DA:306,0
DA:308,0
DA:309,0
DA:315,0
LF:67
LH:0
BRDA:59,0,0,0
BRDA:61,1,0,0
BRDA:61,1,1,0
BRDA:68,2,0,0
BRDA:68,2,1,0
BRDA:84,3,0,0
BRDA:86,4,0,0
BRDA:86,4,1,0
BRDA:96,5,0,0
BRDA:96,5,1,0
BRDA:105,6,0,0
BRDA:105,6,1,0
BRDA:110,7,0,0
BRDA:111,8,0,0
BRDA:111,8,1,0
BRDA:113,9,0,0
BRDA:113,9,1,0
BRDA:120,10,0,0
BRDA:120,10,1,0
BRDA:126,11,0,0
BRDA:127,12,0,0
BRDA:128,13,0,0
BRDA:133,14,0,0
BRDA:134,15,0,0
BRDA:138,16,0,0
BRDA:138,16,1,0
BRDA:147,17,0,0
BRDA:147,17,1,0
BRDA:148,18,0,0
BRDA:148,18,1,0
BRDA:154,19,0,0
BRDA:215,20,0,0
BRDA:215,20,1,0
BRDA:219,21,0,0
BRDA:219,21,1,0
BRDA:221,22,0,0
BRDA:221,22,1,0
BRDA:232,23,0,0
BRDA:232,23,1,0
BRDA:232,24,0,0
BRDA:232,24,1,0
BRDA:238,25,0,0
BRDA:238,25,1,0
BRDA:238,25,2,0
BRDA:245,26,0,0
BRDA:245,26,1,0
BRDA:275,27,0,0
BRDA:275,27,1,0
BRDA:277,28,0,0
BRDA:277,28,1,0
BRDA:282,29,0,0
BRDA:282,29,1,0
BRDA:302,30,0,0
BRDA:302,30,1,0
BRF:54
BRH:0
end_of_record
TN:
SF:src\components\AgentReasoningPanel.tsx
FN:20,AgentReasoningPanel
FN:26,(anonymous_1)
FN:30,(anonymous_2)
FN:34,(anonymous_3)
FN:40,(anonymous_4)
FN:58,(anonymous_5)
FN:66,(anonymous_6)
FN:71,(anonymous_7)
FN:84,(anonymous_8)
FN:90,(anonymous_9)
FN:100,(anonymous_10)
FN:107,(anonymous_11)
FN:167,(anonymous_12)
FN:247,(anonymous_13)
FNF:14
FNH:0
FNDA:0,AgentReasoningPanel
FNDA:0,(anonymous_1)
FNDA:0,(anonymous_2)
FNDA:0,(anonymous_3)
FNDA:0,(anonymous_4)
FNDA:0,(anonymous_5)
FNDA:0,(anonymous_6)
FNDA:0,(anonymous_7)
FNDA:0,(anonymous_8)
FNDA:0,(anonymous_9)
FNDA:0,(anonymous_10)
FNDA:0,(anonymous_11)
FNDA:0,(anonymous_12)
FNDA:0,(anonymous_13)
DA:1,0
DA:2,0
DA:20,0
DA:21,0
DA:22,0
DA:23,0
DA:24,0
DA:26,0
DA:27,0
DA:30,0
DA:31,0
DA:32,0
DA:34,0
DA:35,0
DA:36,0
DA:37,0
DA:40,0
DA:41,0
DA:42,0
DA:45,0
DA:46,0
DA:47,0
DA:58,0
DA:62,0
DA:66,0
DA:67,0
DA:68,0
DA:71,0
DA:72,0
DA:74,0
DA:77,0
DA:78,0
DA:82,0
DA:84,0
DA:85,0
DA:86,0
DA:90,0
DA:91,0
DA:92,0
DA:93,0
DA:94,0
DA:95,0
DA:96,0
DA:97,0
DA:100,0
DA:101,0
DA:102,0
DA:103,0
DA:104,0
DA:107,0
DA:108,0
DA:109,0
DA:110,0
DA:111,0
DA:114,0
DA:115,0
DA:125,0
DA:168,0
DA:248,0
LF:59
LH:0
BRDA:20,0,0,0
BRDA:45,1,0,0
BRDA:45,2,0,0
BRDA:45,2,1,0
BRDA:46,3,0,0
BRDA:46,4,0,0
BRDA:46,4,1,0
BRDA:48,5,0,0
BRDA:48,5,1,0
BRDA:50,6,0,0
BRDA:50,6,1,0
BRDA:50,6,2,0
BRDA:51,7,0,0
BRDA:51,7,1,0
BRDA:52,8,0,0
BRDA:52,8,1,0
BRDA:53,9,0,0
BRDA:53,9,1,0
BRDA:54,10,0,0
BRDA:54,10,1,0
BRDA:55,11,0,0
BRDA:55,11,1,0
BRDA:85,12,0,0
BRDA:93,13,0,0
BRDA:95,14,0,0
BRDA:102,15,0,0
BRDA:102,16,0,0
BRDA:102,16,1,0
BRDA:102,16,2,0
BRDA:103,17,0,0
BRDA:103,18,0,0
BRDA:103,18,1,0
BRDA:103,18,2,0
BRDA:109,19,0,0
BRDA:109,20,0,0
BRDA:109,20,1,0
BRDA:109,20,2,0
BRDA:110,21,0,0
BRDA:110,22,0,0
BRDA:110,22,1,0
BRDA:110,22,2,0
BRDA:114,23,0,0
BRDA:131,24,0,0
BRDA:131,24,1,0
BRDA:133,25,0,0
BRDA:133,25,1,0
BRDA:135,26,0,0
BRDA:135,26,1,0
BRDA:148,27,0,0
BRDA:148,27,1,0
BRDA:160,28,0,0
BRDA:160,28,1,0
BRDA:217,29,0,0
BRDA:217,29,1,0
BRDA:240,30,0,0
BRDA:240,30,1,0
BRDA:240,30,2,0
BRF:57
BRH:0
end_of_record
TN:
SF:src\components\AgentStatusPanel.tsx
FN:68,AgentStatusPanel
FN:78,(anonymous_1)
FN:86,(anonymous_2)
FN:121,(anonymous_3)
FN:124,(anonymous_4)
FN:127,(anonymous_5)
FN:132,(anonymous_6)
FN:145,(anonymous_7)
FN:158,(anonymous_8)
FN:168,(anonymous_9)
FN:170,(anonymous_10)
FN:175,(anonymous_11)
FN:181,(anonymous_12)
FN:188,(anonymous_13)
FN:189,(anonymous_14)
FN:190,(anonymous_15)
FN:192,(anonymous_16)
FN:201,(anonymous_17)
FN:256,(anonymous_18)
FN:262,(anonymous_19)
FN:344,(anonymous_20)
FNF:21
FNH:0
FNDA:0,AgentStatusPanel
FNDA:0,(anonymous_1)
FNDA:0,(anonymous_2)
FNDA:0,(anonymous_3)
FNDA:0,(anonymous_4)
FNDA:0,(anonymous_5)
FNDA:0,(anonymous_6)
FNDA:0,(anonymous_7)
FNDA:0,(anonymous_8)
FNDA:0,(anonymous_9)
FNDA:0,(anonymous_10)
FNDA:0,(anonymous_11)
FNDA:0,(anonymous_12)
FNDA:0,(anonymous_13)
FNDA:0,(anonymous_14)
FNDA:0,(anonymous_15)
FNDA:0,(anonymous_16)
FNDA:0,(anonymous_17)
FNDA:0,(anonymous_18)
FNDA:0,(anonymous_19)
FNDA:0,(anonymous_20)
DA:11,0
DA:12,0
DA:44,0
DA:56,0
DA:68,0
DA:73,0
DA:74,0
DA:75,0
DA:78,0
DA:79,0
DA:80,0
DA:81,0
DA:82,0
DA:85,0
DA:86,0
DA:87,0
DA:88,0
DA:90,0
DA:91,0
DA:92,0
DA:93,0
DA:96,0
DA:112,0
DA:115,0
DA:117,0
DA:121,0
DA:122,0
DA:123,0
DA:124,0
DA:127,0
DA:128,0
DA:129,0
DA:132,0
DA:133,0
DA:135,0
DA:137,0
DA:139,0
DA:141,0
DA:145,0
DA:146,0
DA:148,0
DA:150,0
DA:152,0
DA:154,0
DA:158,0
DA:159,0
DA:160,0
DA:161,0
DA:163,0
DA:164,0
DA:165,0
DA:168,0
DA:170,0
DA:171,0
DA:172,0
DA:175,0
DA:176,0
DA:177,0
DA:178,0
DA:181,0
DA:182,0
DA:183,0
DA:184,0
DA:188,0
DA:189,0
DA:190,0
DA:191,0
DA:192,0
DA:195,0
DA:196,0
DA:202,0
DA:210,0
DA:257,0
DA:262,0
DA:344,0
LF:75
LH:0
BRDA:69,0,0,0
BRDA:70,1,0,0
BRDA:81,2,0,0
BRDA:86,3,0,0
BRDA:86,3,1,0
BRDA:87,4,0,0
BRDA:87,4,1,0
BRDA:90,5,0,0
BRDA:90,5,1,0
BRDA:92,6,0,0
BRDA:98,7,0,0
BRDA:98,7,1,0
BRDA:100,8,0,0
BRDA:100,8,1,0
BRDA:101,9,0,0
BRDA:101,9,1,0
BRDA:102,10,0,0
BRDA:102,10,1,0
BRDA:103,11,0,0
BRDA:103,11,1,0
BRDA:104,12,0,0
BRDA:104,12,1,0
BRDA:105,13,0,0
BRDA:105,13,1,0
BRDA:106,14,0,0
BRDA:106,14,1,0
BRDA:107,15,0,0
BRDA:107,15,1,0
BRDA:108,16,0,0
BRDA:108,16,1,0
BRDA:128,17,0,0
BRDA:128,17,1,0
BRDA:133,18,0,0
BRDA:133,18,1,0
BRDA:133,18,2,0
BRDA:133,18,3,0
BRDA:146,19,0,0
BRDA:146,19,1,0
BRDA:146,19,2,0
BRDA:146,19,3,0
BRDA:159,20,0,0
BRDA:163,21,0,0
BRDA:164,22,0,0
BRDA:171,23,0,0
BRDA:171,23,1,0
BRDA:176,24,0,0
BRDA:177,25,0,0
BRDA:182,26,0,0
BRDA:183,27,0,0
BRDA:191,28,0,0
BRDA:191,28,1,0
BRDA:195,29,0,0
BRDA:249,30,0,0
BRDA:249,30,1,0
BRDA:260,31,0,0
BRDA:260,31,1,0
BRDA:261,32,0,0
BRDA:261,32,1,0
BRDA:273,33,0,0
BRDA:273,33,1,0
BRDA:279,34,0,0
BRDA:279,34,1,0
BRDA:295,35,0,0
BRDA:295,35,1,0
BRDA:309,36,0,0
BRDA:309,36,1,0
BRDA:337,37,0,0
BRDA:337,37,1,0
BRF:68
BRH:0
end_of_record
TN:
SF:src\components\AnalyticsCharts.tsx
FN:24,AnalyticsCharts
FN:30,(anonymous_1)
FN:33,(anonymous_2)
FN:36,(anonymous_3)
FN:76,(anonymous_4)
FN:80,(anonymous_5)
FN:101,(anonymous_6)
FN:108,(anonymous_7)
FN:131,(anonymous_8)
FN:132,(anonymous_9)
FN:143,(anonymous_10)
FN:236,(anonymous_11)
FN:239,(anonymous_12)
FNF:13
FNH:0
FNDA:0,AnalyticsCharts
FNDA:0,(anonymous_1)
FNDA:0,(anonymous_2)
FNDA:0,(anonymous_3)
FNDA:0,(anonymous_4)
FNDA:0,(anonymous_5)
FNDA:0,(anonymous_6)
FNDA:0,(anonymous_7)
FNDA:0,(anonymous_8)
FNDA:0,(anonymous_9)
FNDA:0,(anonymous_10)
FNDA:0,(anonymous_11)
FNDA:0,(anonymous_12)
DA:1,0
DA:2,0
DA:24,0
DA:25,0
DA:26,0
DA:27,0
DA:28,0
DA:30,0
DA:31,0
DA:32,0
DA:33,0
DA:36,0
DA:37,0
DA:38,0
DA:39,0
DA:40,0
DA:41,0
DA:42,0
DA:44,0
DA:47,0
DA:49,0
DA:72,0
DA:76,0
DA:77,0
DA:78,0
DA:81,0
DA:82,0
DA:101,0
DA:102,0
DA:103,0
DA:104,0
DA:106,0
DA:109,0
DA:110,0
DA:112,0
DA:131,0
DA:132,0
DA:133,0
DA:141,0
DA:144,0
DA:145,0
DA:169,0
DA:170,0
DA:180,0
DA:237,0
DA:239,0
LF:46
LH:0
BRDA:24,0,0,0
BRDA:39,1,0,0
BRDA:39,1,1,0
BRDA:47,2,0,0
BRDA:47,2,1,0
BRDA:109,3,0,0
BRDA:109,3,1,0
BRDA:110,4,0,0
BRDA:110,4,1,0
BRDA:117,5,0,0
BRDA:117,5,1,0
BRDA:169,6,0,0
BRDA:182,7,0,0
BRDA:182,7,1,0
BRDA:208,8,0,0
BRDA:208,8,1,0
BRDA:241,9,0,0
BRDA:241,9,1,0
BRDA:256,10,0,0
BRDA:256,10,1,0
BRDA:257,11,0,0
BRDA:257,11,1,0
BRDA:258,12,0,0
BRDA:258,12,1,0
BRDA:259,13,0,0
BRDA:259,13,1,0
BRDA:270,14,0,0
BRDA:270,14,1,0
BRDA:270,14,2,0
BRDA:274,15,0,0
BRDA:274,15,1,0
BRDA:274,15,2,0
BRDA:278,16,0,0
BRDA:278,16,1,0
BRDA:278,16,2,0
BRDA:282,17,0,0
BRDA:282,17,1,0
BRDA:282,17,2,0
BRF:38
BRH:0
end_of_record
TN:
SF:src\components\ArbitragePanel.tsx
FN:23,ArbitragePanel
FN:29,(anonymous_1)
FN:32,(anonymous_2)
FN:35,(anonymous_3)
FN:125,(anonymous_4)
FN:135,(anonymous_5)
FN:144,(anonymous_6)
FN:150,(anonymous_7)
FN:156,(anonymous_8)
FN:162,(anonymous_9)
FN:164,(anonymous_10)
FN:226,(anonymous_11)
FN:229,(anonymous_12)
FN:251,(anonymous_13)
FN:315,(anonymous_14)
FNF:15
FNH:4
FNDA:54,ArbitragePanel
FNDA:3,(anonymous_1)
FNDA:3,(anonymous_2)
FNDA:3,(anonymous_3)
FNDA:0,(anonymous_4)
FNDA:0,(anonymous_5)
FNDA:0,(anonymous_6)
FNDA:0,(anonymous_7)
FNDA:0,(anonymous_8)
FNDA:0,(anonymous_9)
FNDA:0,(anonymous_10)
FNDA:0,(anonymous_11)
FNDA:0,(anonymous_12)
FNDA:0,(anonymous_13)
FNDA:0,(anonymous_14)
DA:1,1
DA:2,1
DA:23,1
DA:24,54
DA:25,54
DA:26,54
DA:27,54
DA:29,54
DA:30,3
DA:31,3
DA:32,3
DA:35,54
DA:36,3
DA:37,3
DA:38,3
DA:39,0
DA:40,0
DA:41,0
DA:43,0
DA:46,3
DA:48,3
DA:121,3
DA:125,54
DA:126,0
DA:127,0
DA:133,0
DA:135,0
DA:136,0
DA:140,0
DA:144,54
DA:145,0
DA:146,0
DA:147,0
DA:150,54
DA:151,0
DA:152,0
DA:153,0
DA:156,54
DA:157,0
DA:158,0
DA:159,0
DA:162,54
DA:163,54
DA:164,0
DA:167,54
DA:168,54
DA:178,0
DA:227,0
DA:229,0
DA:252,0
DA:315,0
LF:51
LH:26
BRDA:23,0,0,54
BRDA:38,1,0,0
BRDA:38,1,1,0
BRDA:40,2,0,0
BRDA:40,2,1,0
BRDA:46,3,0,3
BRDA:46,3,1,0
BRDA:133,4,0,0
BRDA:136,5,0,0
BRDA:136,5,1,0
BRDA:145,6,0,0
BRDA:146,7,0,0
BRDA:151,8,0,0
BRDA:152,9,0,0
BRDA:157,10,0,0
BRDA:158,11,0,0
BRDA:158,12,0,0
BRDA:158,12,1,0
BRDA:163,13,0,0
BRDA:163,13,1,54
BRDA:167,14,0,54
BRDA:201,15,0,0
BRDA:201,15,1,0
BRDA:231,16,0,0
BRDA:231,16,1,0
BRDA:236,17,0,0
BRDA:236,17,1,0
BRDA:236,18,0,0
BRDA:236,18,1,0
BRDA:244,19,0,0
BRDA:244,19,1,0
BRDA:307,20,0,0
BRDA:307,20,1,0
BRDA:313,21,0,0
BRDA:313,21,1,0
BRDA:321,22,0,0
BRDA:321,22,1,0
BRF:37
BRH:4
end_of_record
TN:
SF:src\components\BrierMetricsPanel.tsx
FN:40,BrierMetricsPanel
FN:46,(anonymous_1)
FN:49,(anonymous_2)
FN:52,(anonymous_3)
FN:135,(anonymous_4)
FN:141,(anonymous_5)
FN:148,(anonymous_6)
FN:156,(anonymous_7)
FN:183,(anonymous_8)
FN:187,(anonymous_9)
FN:222,(anonymous_10)
FN:241,(anonymous_11)
FN:253,(anonymous_12)
FN:298,(anonymous_13)
FN:347,(anonymous_14)
FN:348,(anonymous_15)
FNF:16
FNH:4
FNDA:57,BrierMetricsPanel
FNDA:4,(anonymous_1)
FNDA:4,(anonymous_2)
FNDA:4,(anonymous_3)
FNDA:0,(anonymous_4)
FNDA:0,(anonymous_5)
FNDA:0,(anonymous_6)
FNDA:0,(anonymous_7)
FNDA:0,(anonymous_8)
FNDA:0,(anonymous_9)
FNDA:0,(anonymous_10)
FNDA:0,(anonymous_11)
FNDA:0,(anonymous_12)
FNDA:0,(anonymous_13)
FNDA:0,(anonymous_14)
FNDA:0,(anonymous_15)
DA:1,1
DA:2,1
DA:40,1
DA:41,57
DA:42,57
DA:43,57
DA:44,57
DA:46,57
DA:47,4
DA:48,4
DA:49,4
DA:52,57
DA:53,4
DA:54,4
DA:58,4
DA:59,4
DA:60,0
DA:61,0
DA:62,0
DA:64,0
DA:67,4
DA:69,4
DA:131,4
DA:135,57
DA:136,0
DA:137,0
DA:138,0
DA:141,57
DA:142,0
DA:143,0
DA:144,0
DA:145,0
DA:148,57
DA:149,0
DA:150,0
DA:151,0
DA:152,0
DA:156,57
DA:158,57
DA:159,57
DA:169,0
DA:183,0
DA:188,0
DA:222,0
DA:241,0
DA:254,0
DA:299,0
DA:300,0
DA:302,0
DA:348,0
DA:349,0
DA:350,0
DA:352,0
LF:53
LH:25
BRDA:40,0,0,57
BRDA:54,1,0,4
BRDA:54,1,1,0
BRDA:59,2,0,0
BRDA:59,2,1,0
BRDA:67,3,0,4
BRDA:67,3,1,0
BRDA:136,4,0,0
BRDA:137,5,0,0
BRDA:142,6,0,0
BRDA:143,7,0,0
BRDA:144,8,0,0
BRDA:149,9,0,0
BRDA:149,9,1,0
BRDA:149,9,2,0
BRDA:156,10,0,57
BRDA:156,10,1,57
BRDA:158,11,0,57
BRDA:189,12,0,0
BRDA:189,12,1,0
BRDA:203,13,0,0
BRDA:203,13,1,0
BRDA:232,14,0,0
BRDA:232,14,1,0
BRDA:259,15,0,0
BRDA:259,15,1,0
BRDA:260,16,0,0
BRDA:260,16,1,0
BRDA:307,17,0,0
BRDA:307,17,1,0
BRDA:318,18,0,0
BRDA:318,18,1,0
BRDA:348,19,0,0
BRDA:348,19,1,0
BRDA:350,20,0,0
BRDA:350,20,1,0
BRDA:357,21,0,0
BRDA:357,21,1,0
BRF:38
BRH:6
end_of_record
TN:
SF:src\components\ChartCard.tsx
FN:7,ChartCard
FN:21,ChartCardLight
FNF:2
FNH:0
FNDA:0,ChartCard
FNDA:0,ChartCardLight
DA:7,0
DA:8,0
DA:21,0
DA:22,0
LF:4
LH:0
BRDA:7,0,0,0
BRDA:21,1,0,0
BRF:2
BRH:0
end_of_record
TN:
SF:src\components\ChartWrapper.tsx
FN:8,ChartWrapper
FNF:1
FNH:0
FNDA:0,ChartWrapper
DA:8,0
DA:9,0
LF:2
LH:0
BRF:0
BRH:0
end_of_record
TN:
SF:src\components\CollapsibleConsole.tsx
FN:5,CollapsibleConsole
FN:12,(anonymous_2)
FNF:2
FNH:0
FNDA:0,CollapsibleConsole
FNDA:0,(anonymous_2)
DA:1,0
DA:2,0
DA:3,0
DA:5,0
DA:6,0
DA:8,0
DA:12,0
LF:7
LH:0
BRDA:20,0,0,0
BRDA:20,0,1,0
BRDA:24,1,0,0
BRDA:24,1,1,0
BRDA:32,2,0,0
BRDA:32,2,1,0
BRF:6
BRH:0
end_of_record
TN:
SF:src\components\ConsensusBoard.tsx
FN:47,ConsensusBoard
FN:53,(anonymous_1)
FN:59,(anonymous_2)
FN:62,(anonymous_3)
FN:66,(anonymous_4)
FN:81,(anonymous_5)
FN:89,(anonymous_6)
FN:100,(anonymous_7)
FN:105,(anonymous_8)
FN:111,(anonymous_9)
FN:123,(anonymous_10)
FN:135,(anonymous_11)
FN:143,(anonymous_12)
FN:151,(anonymous_13)
FN:164,(anonymous_14)
FN:219,(anonymous_15)
FN:270,(anonymous_16)
FNF:17
FNH:0
FNDA:0,ConsensusBoard
FNDA:0,(anonymous_1)
FNDA:0,(anonymous_2)
FNDA:0,(anonymous_3)
FNDA:0,(anonymous_4)
FNDA:0,(anonymous_5)
FNDA:0,(anonymous_6)
FNDA:0,(anonymous_7)
FNDA:0,(anonymous_8)
FNDA:0,(anonymous_9)
FNDA:0,(anonymous_10)
FNDA:0,(anonymous_11)
FNDA:0,(anonymous_12)
FNDA:0,(anonymous_13)
FNDA:0,(anonymous_14)
FNDA:0,(anonymous_15)
FNDA:0,(anonymous_16)
DA:1,1
DA:2,1
DA:47,1
DA:48,0
DA:49,0
DA:50,0
DA:51,0
DA:53,0
DA:55,0
DA:56,0
DA:59,0
DA:60,0
DA:62,0
DA:63,0
DA:66,0
DA:67,0
DA:68,0
DA:70,0
DA:72,0
DA:73,0
DA:74,0
DA:76,0
DA:78,0
DA:79,0
DA:81,0
DA:82,0
DA:85,0
DA:89,0
DA:90,0
DA:91,0
DA:94,0
DA:97,0
DA:100,0
DA:101,0
DA:102,0
DA:105,0
DA:106,0
DA:107,0
DA:111,0
DA:112,0
DA:113,0
DA:114,0
DA:115,0
DA:116,0
DA:119,0
DA:123,0
DA:124,0
DA:125,0
DA:126,0
DA:127,0
DA:128,0
DA:131,0
DA:135,0
DA:136,0
DA:137,0
DA:138,0
DA:139,0
DA:143,0
DA:144,0
DA:145,0
DA:146,0
DA:147,0
DA:151,0
DA:152,0
DA:154,0
DA:156,0
DA:158,0
DA:160,0
DA:164,0
DA:165,0
DA:166,0
DA:169,0
DA:171,0
DA:220,0
DA:271,0
LF:75
LH:3
BRDA:70,0,0,0
BRDA:70,0,1,0
BRDA:73,1,0,0
BRDA:76,2,0,0
BRDA:76,2,1,0
BRDA:79,3,0,0
BRDA:114,4,0,0
BRDA:126,5,0,0
BRDA:128,6,0,0
BRDA:128,6,1,0
BRDA:136,7,0,0
BRDA:136,7,1,0
BRDA:136,7,2,0
BRDA:144,8,0,0
BRDA:144,8,1,0
BRDA:144,8,2,0
BRDA:152,9,0,0
BRDA:152,9,1,0
BRDA:152,9,2,0
BRDA:152,9,3,0
BRDA:165,10,0,0
BRDA:169,11,0,0
BRDA:169,11,1,0
BRDA:179,12,0,0
BRDA:179,12,1,0
BRDA:181,13,0,0
BRDA:181,13,1,0
BRDA:186,14,0,0
BRDA:186,14,1,0
BRDA:211,15,0,0
BRDA:211,15,1,0
BRDA:246,16,0,0
BRDA:246,16,1,0
BRDA:250,17,0,0
BRDA:250,17,1,0
BRDA:263,18,0,0
BRDA:263,18,1,0
BRDA:286,19,0,0
BRDA:286,19,1,0
BRDA:286,20,0,0
BRDA:286,20,1,0
BRF:41
BRH:0
end_of_record
TN:
SF:src\components\ConsensusPanel.tsx
FN:46,ConsensusPanel
FN:53,(anonymous_1)
FN:56,(anonymous_2)
FN:59,(anonymous_3)
FN:79,(anonymous_4)
FN:80,(anonymous_5)
FN:83,(anonymous_6)
FN:91,(anonymous_7)
FN:276,(anonymous_8)
FNF:9
FNH:0
FNDA:0,ConsensusPanel
FNDA:0,(anonymous_1)
FNDA:0,(anonymous_2)
FNDA:0,(anonymous_3)
FNDA:0,(anonymous_4)
FNDA:0,(anonymous_5)
FNDA:0,(anonymous_6)
FNDA:0,(anonymous_7)
FNDA:0,(anonymous_8)
DA:1,0
DA:2,0
DA:3,0
DA:46,0
DA:47,0
DA:48,0
DA:49,0
DA:50,0
DA:51,0
DA:53,0
DA:54,0
DA:55,0
DA:56,0
DA:59,0
DA:60,0
DA:61,0
DA:67,0
DA:68,0
DA:69,0
DA:70,0
DA:72,0
DA:73,0
DA:75,0
DA:79,0
DA:80,0
DA:83,0
DA:84,0
DA:85,0
DA:86,0
DA:87,0
DA:91,0
DA:92,0
DA:93,0
DA:94,0
DA:95,0
DA:99,0
DA:100,0
DA:110,0
DA:277,0
LF:39
LH:0
BRDA:46,0,0,0
BRDA:68,1,0,0
BRDA:68,1,1,0
BRDA:72,2,0,0
BRDA:72,2,1,0
BRDA:84,3,0,0
BRDA:84,3,1,0
BRDA:84,3,2,0
BRDA:92,4,0,0
BRDA:92,4,1,0
BRDA:92,4,2,0
BRDA:99,5,0,0
BRDA:112,6,0,0
BRDA:112,6,1,0
BRDA:126,7,0,0
BRDA:126,7,1,0
BRDA:128,8,0,0
BRDA:128,8,1,0
BRDA:153,9,0,0
BRDA:153,9,1,0
BRDA:157,10,0,0
BRDA:157,10,1,0
BRDA:161,11,0,0
BRDA:161,11,1,0
BRDA:165,12,0,0
BRDA:165,12,1,0
BRDA:169,13,0,0
BRDA:169,13,1,0
BRDA:173,14,0,0
BRDA:173,14,1,0
BRDA:177,15,0,0
BRDA:177,15,1,0
BRDA:187,16,0,0
BRDA:187,16,1,0
BRDA:187,17,0,0
BRDA:187,17,1,0
BRDA:187,18,0,0
BRDA:187,18,1,0
BRDA:199,19,0,0
BRDA:199,19,1,0
BRDA:204,20,0,0
BRDA:204,20,1,0
BRDA:216,21,0,0
BRDA:216,21,1,0
BRDA:221,22,0,0
BRDA:221,22,1,0
BRDA:233,23,0,0
BRDA:233,23,1,0
BRDA:238,24,0,0
BRDA:238,24,1,0
BRDA:251,25,0,0
BRDA:251,25,1,0
BRDA:251,26,0,0
BRDA:251,26,1,0
BRDA:251,27,0,0
BRDA:251,27,1,0
BRDA:255,28,0,0
BRDA:255,28,1,0
BRDA:255,29,0,0
BRDA:255,29,1,0
BRDA:255,30,0,0
BRDA:255,30,1,0
BRF:62
BRH:0
end_of_record
TN:
SF:src\components\ConsoleViewer.tsx
FN:12,ConsoleViewer
FN:21,(anonymous_1)
FN:34,(anonymous_2)
FN:49,(anonymous_3)
FN:60,(anonymous_4)
FN:64,(anonymous_5)
FN:69,(anonymous_6)
FN:78,(anonymous_7)
FN:82,(anonymous_8)
FN:89,(anonymous_9)
FN:93,(anonymous_10)
FN:97,(anonymous_11)
FN:99,(anonymous_12)
FN:100,(anonymous_13)
FN:104,(anonymous_14)
FN:115,(anonymous_15)
FN:125,(anonymous_16)
FN:136,(anonymous_17)
FN:150,(anonymous_18)
FN:177,(anonymous_19)
FN:190,(anonymous_20)
FN:202,(anonymous_21)
FN:234,(anonymous_22)
FNF:23
FNH:0
FNDA:0,ConsoleViewer
FNDA:0,(anonymous_1)
FNDA:0,(anonymous_2)
FNDA:0,(anonymous_3)
FNDA:0,(anonymous_4)
FNDA:0,(anonymous_5)
FNDA:0,(anonymous_6)
FNDA:0,(anonymous_7)
FNDA:0,(anonymous_8)
FNDA:0,(anonymous_9)
FNDA:0,(anonymous_10)
FNDA:0,(anonymous_11)
FNDA:0,(anonymous_12)
FNDA:0,(anonymous_13)
FNDA:0,(anonymous_14)
FNDA:0,(anonymous_15)
FNDA:0,(anonymous_16)
FNDA:0,(anonymous_17)
FNDA:0,(anonymous_18)
FNDA:0,(anonymous_19)
FNDA:0,(anonymous_20)
FNDA:0,(anonymous_21)
FNDA:0,(anonymous_22)
DA:1,0
DA:2,0
DA:12,0
DA:13,0
DA:14,0
DA:15,0
DA:16,0
DA:17,0
DA:18,0
DA:21,0
DA:22,0
DA:23,0
DA:24,0
DA:25,0
DA:26,0
DA:27,0
DA:34,0
DA:35,0
DA:36,0
DA:37,0
DA:38,0
DA:39,0
DA:40,0
DA:43,0
DA:45,0
DA:49,0
DA:50,0
DA:52,0
DA:60,0
DA:64,0
DA:65,0
DA:66,0
DA:67,0
DA:69,0
DA:70,0
DA:71,0
DA:72,0
DA:74,0
DA:78,0
DA:79,0
DA:82,0
DA:83,0
DA:89,0
DA:90,0
DA:91,0
DA:92,0
DA:93,0
DA:97,0
DA:99,0
DA:100,0
DA:101,0
DA:104,0
DA:105,0
DA:111,0
DA:112,0
DA:115,0
DA:116,0
DA:117,0
DA:118,0
DA:119,0
DA:120,0
DA:121,0
DA:125,0
DA:126,0
DA:127,0
DA:128,0
DA:129,0
DA:131,0
DA:132,0
DA:137,0
DA:145,0
DA:146,0
DA:151,0
DA:164,0
DA:167,0
DA:178,0
DA:179,0
DA:191,0
DA:202,0
DA:235,0
LF:80
LH:0
BRDA:22,0,0,0
BRDA:22,1,0,0
BRDA:22,1,1,0
BRDA:24,2,0,0
BRDA:26,3,0,0
BRDA:38,4,0,0
BRDA:50,5,0,0
BRDA:65,6,0,0
BRDA:65,7,0,0
BRDA:65,7,1,0
BRDA:90,8,0,0
BRDA:116,9,0,0
BRDA:116,9,1,0
BRDA:116,9,2,0
BRDA:116,9,3,0
BRDA:116,9,4,0
BRDA:125,10,0,0
BRDA:126,11,0,0
BRDA:127,12,0,0
BRDA:128,13,0,0
BRDA:129,14,0,0
BRDA:131,15,0,0
BRDA:137,16,0,0
BRDA:137,16,1,0
BRDA:145,17,0,0
BRDA:155,18,0,0
BRDA:155,18,1,0
BRDA:191,19,0,0
BRDA:193,20,0,0
BRDA:193,20,1,0
BRDA:196,21,0,0
BRDA:196,21,1,0
BRDA:203,22,0,0
BRDA:203,22,1,0
BRDA:204,23,0,0
BRDA:204,23,1,0
BRDA:206,24,0,0
BRDA:206,24,1,0
BRDA:229,25,0,0
BRDA:229,25,1,0
BRDA:252,26,0,0
BRDA:252,26,1,0
BRDA:252,27,0,0
BRDA:252,27,1,0
BRDA:252,28,0,0
BRDA:252,28,1,0
BRF:46
BRH:0
end_of_record
TN:
SF:src\components\DataTable.tsx
FN:15,DataTable
FN:20,(anonymous_1)
FN:28,(anonymous_2)
FN:30,(anonymous_3)
FN:43,DataTableLight
FN:48,(anonymous_5)
FN:56,(anonymous_6)
FN:58,(anonymous_7)
FNF:8
FNH:0
FNDA:0,DataTable
FNDA:0,(anonymous_1)
FNDA:0,(anonymous_2)
FNDA:0,(anonymous_3)
FNDA:0,DataTableLight
FNDA:0,(anonymous_5)
FNDA:0,(anonymous_6)
FNDA:0,(anonymous_7)
DA:15,0
DA:16,0
DA:21,0
DA:29,0
DA:31,0
DA:43,0
DA:44,0
DA:49,0
DA:57,0
DA:59,0
LF:10
LH:0
BRDA:32,0,0,0
BRDA:32,0,1,0
BRDA:60,1,0,0
BRDA:60,1,1,0
BRF:4
BRH:0
end_of_record
TN:
SF:src\components\DataTableEnhanced.tsx
FN:22,DataTableEnhanced
FN:41,(anonymous_1)
FN:44,(anonymous_2)
FN:45,(anonymous_3)
FN:53,(anonymous_4)
FN:56,(anonymous_5)
FN:69,(anonymous_6)
FN:78,(anonymous_7)
FN:87,(anonymous_8)
FN:96,(anonymous_9)
FN:100,(anonymous_10)
FN:102,(anonymous_11)
FN:111,(anonymous_12)
FN:128,(anonymous_13)
FN:145,(anonymous_14)
FN:150,(anonymous_15)
FN:155,(anonymous_16)
FN:166,(anonymous_17)
FN:182,(anonymous_18)
FN:187,(anonymous_19)
FN:210,(anonymous_20)
FN:222,(anonymous_21)
FNF:22
FNH:14
FNDA:300,DataTableEnhanced
FNDA:299,(anonymous_1)
FNDA:3,(anonymous_2)
FNDA:8,(anonymous_3)
FNDA:300,(anonymous_4)
FNDA:2,(anonymous_5)
FNDA:300,(anonymous_6)
FNDA:1,(anonymous_7)
FNDA:0,(anonymous_8)
FNDA:0,(anonymous_9)
FNDA:0,(anonymous_10)
FNDA:0,(anonymous_11)
FNDA:2272,(anonymous_12)
FNDA:1,(anonymous_13)
FNDA:0,(anonymous_14)
FNDA:2272,(anonymous_15)
FNDA:1,(anonymous_16)
FNDA:222,(anonymous_17)
FNDA:0,(anonymous_18)
FNDA:1718,(anonymous_19)
FNDA:0,(anonymous_20)
FNDA:0,(anonymous_21)
DA:1,7
DA:22,7
DA:33,300
DA:34,300
DA:35,300
DA:36,300
DA:37,300
DA:38,300
DA:41,300
DA:42,299
DA:44,1
DA:45,3
DA:46,8
DA:47,8
DA:53,300
DA:54,300
DA:56,1
DA:57,2
DA:58,2
DA:60,2
DA:61,2
DA:63,2
DA:64,2
DA:69,300
DA:70,300
DA:72,300
DA:73,300
DA:76,300
DA:78,300
DA:79,1
DA:80,0
DA:82,1
DA:83,1
DA:87,300
DA:88,0
DA:89,0
DA:90,0
DA:92,0
DA:94,0
DA:96,0
DA:97,0
DA:100,300
DA:101,0
DA:102,0
DA:103,0
DA:104,0
DA:106,0
DA:107,0
DA:111,300
DA:112,2272
DA:113,2271
DA:115,1
DA:118,300
DA:128,1
DA:145,0
DA:151,2272
DA:155,1
DA:168,222
DA:169,222
DA:182,0
DA:188,1718
DA:210,0
DA:222,0
LF:63
LH:45
BRDA:25,0,0,7
BRDA:26,1,0,11
BRDA:27,2,0,10
BRDA:28,3,0,299
BRDA:30,4,0,300
BRDA:33,5,0,300
BRDA:33,5,1,0
BRDA:42,6,0,298
BRDA:54,7,0,299
BRDA:60,8,0,0
BRDA:60,9,0,2
BRDA:60,9,1,2
BRDA:61,10,0,0
BRDA:61,11,0,2
BRDA:61,11,1,2
BRDA:63,12,0,2
BRDA:63,12,1,0
BRDA:63,13,0,0
BRDA:63,13,1,0
BRDA:64,14,0,0
BRDA:64,14,1,2
BRDA:70,15,0,0
BRDA:79,16,0,0
BRDA:79,16,1,1
BRDA:80,17,0,0
BRDA:80,17,1,0
BRDA:89,18,0,0
BRDA:89,18,1,0
BRDA:101,19,0,0
BRDA:101,19,1,0
BRDA:112,20,0,2271
BRDA:112,21,0,2272
BRDA:112,21,1,1305
BRDA:115,22,0,1
BRDA:115,22,1,0
BRDA:121,23,0,300
BRDA:121,23,1,300
BRDA:139,24,0,300
BRDA:139,24,1,1
BRDA:144,25,0,1
BRDA:144,25,1,0
BRDA:153,26,0,1305
BRDA:153,26,1,967
BRDA:155,27,0,1
BRDA:155,27,1,1
BRDA:168,28,0,222
BRDA:168,28,1,0
BRDA:168,28,2,0
BRDA:173,29,0,0
BRDA:173,29,1,222
BRDA:176,30,0,222
BRDA:176,30,1,3
BRDA:189,31,0,1107
BRDA:189,31,1,611
BRDA:189,32,0,611
BRDA:189,32,1,0
BRDA:200,33,0,300
BRDA:200,33,1,300
BRDA:200,33,2,1
BRF:59
BRH:38
end_of_record
TN:
SF:src\components\DebateTimeline.tsx
FN:60,DebateTimeline
FN:66,(anonymous_1)
FN:70,(anonymous_2)
FN:73,(anonymous_3)
FN:80,(anonymous_4)
FN:87,(anonymous_5)
FN:99,(anonymous_6)
FN:105,(anonymous_7)
FN:119,(anonymous_8)
FN:124,(anonymous_9)
FN:128,(anonymous_10)
FN:134,(anonymous_11)
FN:138,(anonymous_12)
FN:150,(anonymous_13)
FN:157,(anonymous_14)
FN:159,(anonymous_15)
FN:190,(anonymous_16)
FN:199,(anonymous_17)
FN:204,(anonymous_18)
FN:227,(anonymous_19)
FNF:20
FNH:0
FNDA:0,DebateTimeline
FNDA:0,(anonymous_1)
FNDA:0,(anonymous_2)
FNDA:0,(anonymous_3)
FNDA:0,(anonymous_4)
FNDA:0,(anonymous_5)
FNDA:0,(anonymous_6)
FNDA:0,(anonymous_7)
FNDA:0,(anonymous_8)
FNDA:0,(anonymous_9)
FNDA:0,(anonymous_10)
FNDA:0,(anonymous_11)
FNDA:0,(anonymous_12)
FNDA:0,(anonymous_13)
FNDA:0,(anonymous_14)
FNDA:0,(anonymous_15)
FNDA:0,(anonymous_16)
FNDA:0,(anonymous_17)
FNDA:0,(anonymous_18)
FNDA:0,(anonymous_19)
DA:1,0
DA:2,0
DA:28,0
DA:40,0
DA:52,0
DA:60,0
DA:61,0
DA:62,0
DA:63,0
DA:64,0
DA:66,0
DA:67,0
DA:70,0
DA:71,0
DA:73,0
DA:74,0
DA:75,0
DA:77,0
DA:78,0
DA:79,0
DA:80,0
DA:83,0
DA:87,0
DA:88,0
DA:91,0
DA:94,0
DA:97,0
DA:99,0
DA:100,0
DA:101,0
DA:105,0
DA:106,0
DA:107,0
DA:108,0
DA:109,0
DA:110,0
DA:113,0
DA:115,0
DA:119,0
DA:120,0
DA:121,0
DA:124,0
DA:125,0
DA:128,0
DA:129,0
DA:130,0
DA:131,0
DA:134,0
DA:135,0
DA:138,0
DA:139,0
DA:140,0
DA:141,0
DA:142,0
DA:143,0
DA:145,0
DA:146,0
DA:147,0
DA:150,0
DA:151,0
DA:152,0
DA:155,0
DA:157,0
DA:159,0
DA:161,0
DA:162,0
DA:169,0
DA:190,0
DA:200,0
DA:201,0
DA:204,0
DA:228,0
DA:229,0
LF:73
LH:0
BRDA:77,0,0,0
BRDA:77,0,1,0
BRDA:77,1,0,0
BRDA:77,1,1,0
BRDA:79,2,0,0
BRDA:108,3,0,0
BRDA:110,4,0,0
BRDA:110,4,1,0
BRDA:120,5,0,0
BRDA:120,5,1,0
BRDA:125,6,0,0
BRDA:125,6,1,0
BRDA:129,7,0,0
BRDA:130,8,0,0
BRDA:135,9,0,0
BRDA:135,9,1,0
BRDA:139,10,0,0
BRDA:145,11,0,0
BRDA:146,12,0,0
BRDA:151,13,0,0
BRDA:151,13,1,0
BRDA:155,14,0,0
BRDA:155,14,1,0
BRDA:161,15,0,0
BRDA:192,16,0,0
BRDA:192,16,1,0
BRDA:206,17,0,0
BRDA:206,17,1,0
BRDA:220,18,0,0
BRDA:220,18,1,0
BRDA:258,19,0,0
BRDA:258,19,1,0
BRDA:264,20,0,0
BRDA:264,20,1,0
BRF:34
BRH:0
end_of_record
TN:
SF:src\components\DrawdownChart.tsx
FN:16,DrawdownChart
FN:33,(anonymous_1)
FN:40,(anonymous_2)
FN:46,(anonymous_3)
FN:58,(anonymous_4)
FN:59,(anonymous_5)
FN:64,(anonymous_6)
FN:78,(anonymous_7)
FN:82,(anonymous_8)
FN:86,(anonymous_9)
FN:99,(anonymous_10)
FN:119,(anonymous_11)
FN:125,(anonymous_12)
FN:146,(anonymous_13)
FNF:14
FNH:0
FNDA:0,DrawdownChart
FNDA:0,(anonymous_1)
FNDA:0,(anonymous_2)
FNDA:0,(anonymous_3)
FNDA:0,(anonymous_4)
FNDA:0,(anonymous_5)
FNDA:0,(anonymous_6)
FNDA:0,(anonymous_7)
FNDA:0,(anonymous_8)
FNDA:0,(anonymous_9)
FNDA:0,(anonymous_10)
FNDA:0,(anonymous_11)
FNDA:0,(anonymous_12)
FNDA:0,(anonymous_13)
DA:1,0
DA:2,0
DA:16,0
DA:27,0
DA:28,0
DA:29,0
DA:30,0
DA:31,0
DA:33,0
DA:34,0
DA:35,0
DA:36,0
DA:37,0
DA:40,0
DA:41,0
DA:42,0
DA:46,0
DA:47,0
DA:49,0
DA:50,0
DA:56,0
DA:57,0
DA:58,0
DA:59,0
DA:62,0
DA:63,0
DA:64,0
DA:67,0
DA:68,0
DA:69,0
DA:72,0
DA:74,0
DA:78,0
DA:79,0
DA:82,0
DA:83,0
DA:86,0
DA:87,0
DA:88,0
DA:89,0
DA:93,0
DA:94,0
DA:95,0
DA:96,0
DA:97,0
DA:99,0
DA:100,0
DA:101,0
DA:112,0
DA:113,0
DA:114,0
DA:116,0
DA:119,0
DA:120,0
DA:121,0
DA:122,0
DA:125,0
DA:126,0
DA:127,0
DA:128,0
DA:132,0
DA:139,0
DA:140,0
DA:142,0
DA:147,0
DA:233,0
DA:234,0
DA:244,0
LF:68
LH:0
BRDA:22,0,0,0
BRDA:23,1,0,0
BRDA:24,2,0,0
BRDA:25,3,0,0
BRDA:27,4,0,0
BRDA:27,4,1,0
BRDA:28,5,0,0
BRDA:28,5,1,0
BRDA:29,6,0,0
BRDA:29,6,1,0
BRDA:30,7,0,0
BRDA:30,7,1,0
BRDA:31,8,0,0
BRDA:31,8,1,0
BRDA:34,9,0,0
BRDA:35,10,0,0
BRDA:36,11,0,0
BRDA:37,12,0,0
BRDA:41,13,0,0
BRDA:41,14,0,0
BRDA:41,14,1,0
BRDA:47,15,0,0
BRDA:56,16,0,0
BRDA:62,17,0,0
BRDA:67,18,0,0
BRDA:69,19,0,0
BRDA:69,19,1,0
BRDA:87,20,0,0
BRDA:88,21,0,0
BRDA:100,22,0,0
BRDA:114,23,0,0
BRDA:114,23,1,0
BRDA:196,24,0,0
BRDA:196,24,1,0
BRDA:219,25,0,0
BRDA:219,25,1,0
BRDA:233,26,0,0
BRDA:254,27,0,0
BRDA:254,27,1,0
BRDA:260,28,0,0
BRDA:260,28,1,0
BRDA:260,29,0,0
BRDA:260,29,1,0
BRDA:277,30,0,0
BRDA:277,30,1,0
BRF:45
BRH:0
end_of_record
TN:
SF:src\components\DriftDetectionPanel.tsx
FN:23,DriftDetectionPanel
FN:29,(anonymous_1)
FN:32,(anonymous_2)
FN:35,(anonymous_3)
FN:48,(anonymous_4)
FN:58,(anonymous_5)
FN:65,(anonymous_6)
FN:72,(anonymous_7)
FN:78,(anonymous_8)
FN:79,(anonymous_9)
FN:81,(anonymous_10)
FN:152,(anonymous_11)
FN:155,(anonymous_12)
FN:188,(anonymous_13)
FNF:14
FNH:0
FNDA:0,DriftDetectionPanel
FNDA:0,(anonymous_1)
FNDA:0,(anonymous_2)
FNDA:0,(anonymous_3)
FNDA:0,(anonymous_4)
FNDA:0,(anonymous_5)
FNDA:0,(anonymous_6)
FNDA:0,(anonymous_7)
FNDA:0,(anonymous_8)
FNDA:0,(anonymous_9)
FNDA:0,(anonymous_10)
FNDA:0,(anonymous_11)
FNDA:0,(anonymous_12)
FNDA:0,(anonymous_13)
DA:1,1
DA:2,1
DA:3,1
DA:23,1
DA:24,0
DA:25,0
DA:26,0
DA:27,0
DA:29,0
DA:30,0
DA:31,0
DA:32,0
DA:35,0
DA:36,0
DA:37,0
DA:38,0
DA:39,0
DA:41,0
DA:42,0
DA:44,0
DA:48,0
DA:49,0
DA:50,0
DA:51,0
DA:52,0
DA:53,0
DA:54,0
DA:55,0
DA:58,0
DA:59,0
DA:60,0
DA:61,0
DA:62,0
DA:65,0
DA:66,0
DA:67,0
DA:68,0
DA:69,0
DA:72,0
DA:73,0
DA:74,0
DA:75,0
DA:78,0
DA:79,0
DA:80,0
DA:81,0
DA:84,0
DA:85,0
DA:95,0
DA:153,0
DA:155,0
DA:189,0
LF:52
LH:4
BRDA:23,0,0,0
BRDA:38,1,0,0
BRDA:38,1,1,0
BRDA:41,2,0,0
BRDA:41,2,1,0
BRDA:49,3,0,0
BRDA:52,4,0,0
BRDA:54,5,0,0
BRDA:60,6,0,0
BRDA:60,7,0,0
BRDA:60,7,1,0
BRDA:61,8,0,0
BRDA:61,9,0,0
BRDA:61,9,1,0
BRDA:62,10,0,0
BRDA:62,10,1,0
BRDA:67,11,0,0
BRDA:67,12,0,0
BRDA:67,12,1,0
BRDA:68,13,0,0
BRDA:68,14,0,0
BRDA:68,14,1,0
BRDA:73,15,0,0
BRDA:74,16,0,0
BRDA:80,17,0,0
BRDA:80,17,1,0
BRDA:84,18,0,0
BRDA:97,19,0,0
BRDA:97,19,1,0
BRDA:157,20,0,0
BRDA:157,20,1,0
BRDA:158,21,0,0
BRDA:158,21,1,0
BRDA:159,22,0,0
BRDA:159,22,1,0
BRDA:164,23,0,0
BRDA:164,23,1,0
BRDA:164,24,0,0
BRDA:164,24,1,0
BRDA:181,25,0,0
BRDA:181,25,1,0
BRDA:206,26,0,0
BRDA:206,26,1,0
BRDA:211,27,0,0
BRDA:211,27,1,0
BRDA:229,28,0,0
BRDA:229,28,1,0
BRF:47
BRH:0
end_of_record
TN:
SF:src\components\ErrorBoundary.tsx
FN:14,(anonymous_1)
FN:30,(anonymous_2)
FN:22,(anonymous_3)
FN:26,(anonymous_4)
FN:34,(anonymous_5)
FN:64,(anonymous_6)
FNF:6
FNH:0
FNDA:0,(anonymous_1)
FNDA:0,(anonymous_2)
FNDA:0,(anonymous_3)
FNDA:0,(anonymous_4)
FNDA:0,(anonymous_5)
FNDA:0,(anonymous_6)
DA:1,0
DA:2,0
DA:14,0
DA:18,0
DA:23,0
DA:27,0
DA:30,0
DA:31,0
DA:35,0
DA:36,0
DA:64,0
DA:75,0
LF:12
LH:0
BRDA:35,0,0,0
BRDA:44,1,0,0
BRDA:44,1,1,0
BRDA:48,2,0,0
BRDA:48,2,1,0
BRF:5
BRH:0
end_of_record
TN:
SF:src\components\ExplainabilityPanel.tsx
FN:45,ExplainabilityPanel
FN:52,(anonymous_1)
FN:55,(anonymous_2)
FN:58,(anonymous_3)
FN:209,(anonymous_4)
FN:218,(anonymous_5)
FN:227,(anonymous_6)
FN:238,(anonymous_7)
FN:265,(anonymous_8)
FN:269,(anonymous_9)
FN:297,(anonymous_10)
FN:302,(anonymous_11)
FN:356,(anonymous_12)
FN:388,(anonymous_13)
FN:405,(anonymous_14)
FNF:15
FNH:0
FNDA:0,ExplainabilityPanel
FNDA:0,(anonymous_1)
FNDA:0,(anonymous_2)
FNDA:0,(anonymous_3)
FNDA:0,(anonymous_4)
FNDA:0,(anonymous_5)
FNDA:0,(anonymous_6)
FNDA:0,(anonymous_7)
FNDA:0,(anonymous_8)
FNDA:0,(anonymous_9)
FNDA:0,(anonymous_10)
FNDA:0,(anonymous_11)
FNDA:0,(anonymous_12)
FNDA:0,(anonymous_13)
FNDA:0,(anonymous_14)
DA:1,1
DA:2,1
DA:45,1
DA:46,0
DA:47,0
DA:48,0
DA:49,0
DA:50,0
DA:52,0
DA:53,0
DA:54,0
DA:55,0
DA:58,0
DA:59,0
DA:60,0
DA:64,0
DA:65,0
DA:66,0
DA:67,0
DA:68,0
DA:70,0
DA:73,0
DA:75,0
DA:205,0
DA:209,0
DA:210,0
DA:211,0
DA:212,0
DA:213,0
DA:214,0
DA:218,0
DA:219,0
DA:220,0
DA:221,0
DA:222,0
DA:223,0
DA:227,0
DA:228,0
DA:229,0
DA:230,0
DA:231,0
DA:233,0
DA:234,0
DA:235,0
DA:238,0
DA:240,0
DA:241,0
DA:251,0
DA:265,0
DA:270,0
DA:298,0
DA:302,0
DA:357,0
DA:389,0
DA:406,0
LF:55
LH:3
BRDA:45,0,0,0
BRDA:60,1,0,0
BRDA:60,1,1,0
BRDA:65,2,0,0
BRDA:65,2,1,0
BRDA:67,3,0,0
BRDA:67,3,1,0
BRDA:73,4,0,0
BRDA:73,4,1,0
BRDA:210,5,0,0
BRDA:210,5,1,0
BRDA:210,5,2,0
BRDA:210,5,3,0
BRDA:219,6,0,0
BRDA:219,6,1,0
BRDA:219,6,2,0
BRDA:219,6,3,0
BRDA:233,7,0,0
BRDA:234,8,0,0
BRDA:240,9,0,0
BRDA:271,10,0,0
BRDA:271,10,1,0
BRDA:285,11,0,0
BRDA:285,11,1,0
BRDA:302,12,0,0
BRDA:302,12,1,0
BRDA:320,13,0,0
BRDA:320,13,1,0
BRDA:332,14,0,0
BRDA:332,14,1,0
BRDA:333,15,0,0
BRDA:333,15,1,0
BRDA:341,16,0,0
BRDA:341,16,1,0
BRDA:371,17,0,0
BRDA:371,17,1,0
BRDA:372,18,0,0
BRDA:372,18,1,0
BRDA:412,19,0,0
BRDA:412,19,1,0
BRF:40
BRH:0
end_of_record
TN:
SF:src\components\KafkaBridgePanel.tsx
FN:17,KafkaBridgePanel
FN:40,(anonymous_1)
FN:48,(anonymous_2)
FN:53,(anonymous_3)
FN:61,(anonymous_4)
FN:63,(anonymous_5)
FN:63,(anonymous_6)
FN:65,(anonymous_7)
FN:69,(anonymous_8)
FN:79,(anonymous_9)
FN:97,(anonymous_10)
FN:130,(anonymous_11)
FN:135,(anonymous_12)
FN:142,(anonymous_13)
FN:145,(anonymous_14)
FN:170,(anonymous_15)
FNF:16
FNH:0
FNDA:0,KafkaBridgePanel
FNDA:0,(anonymous_1)
FNDA:0,(anonymous_2)
FNDA:0,(anonymous_3)
FNDA:0,(anonymous_4)
FNDA:0,(anonymous_5)
FNDA:0,(anonymous_6)
FNDA:0,(anonymous_7)
FNDA:0,(anonymous_8)
FNDA:0,(anonymous_9)
FNDA:0,(anonymous_10)
FNDA:0,(anonymous_11)
FNDA:0,(anonymous_12)
FNDA:0,(anonymous_13)
FNDA:0,(anonymous_14)
FNDA:0,(anonymous_15)
DA:7,0
DA:8,0
DA:9,0
DA:17,0
DA:22,0
DA:23,0
DA:24,0
DA:25,0
DA:31,0
DA:40,0
DA:41,0
DA:42,0
DA:46,0
DA:48,0
DA:49,0
DA:50,0
DA:53,0
DA:54,0
DA:55,0
DA:56,0
DA:57,0
DA:58,0
DA:61,0
DA:62,0
DA:63,0
DA:65,0
DA:69,0
DA:70,0
DA:71,0
DA:72,0
DA:73,0
DA:74,0
DA:75,0
DA:76,0
DA:79,0
DA:81,0
DA:97,0
DA:130,0
DA:136,0
DA:143,0
DA:145,0
DA:171,0
LF:42
LH:0
BRDA:18,0,0,0
BRDA:19,1,0,0
BRDA:20,2,0,0
BRDA:41,3,0,0
BRDA:46,4,0,0
BRDA:46,4,1,0
BRDA:49,5,0,0
BRDA:54,6,0,0
BRDA:55,7,0,0
BRDA:56,8,0,0
BRDA:57,9,0,0
BRDA:62,10,0,0
BRDA:62,10,1,0
BRDA:86,11,0,0
BRDA:86,11,1,0
BRDA:89,12,0,0
BRDA:89,12,1,0
BRDA:91,13,0,0
BRDA:91,13,1,0
BRDA:99,14,0,0
BRDA:99,14,1,0
BRDA:101,15,0,0
BRDA:101,15,1,0
BRDA:103,16,0,0
BRDA:103,16,1,0
BRDA:147,17,0,0
BRDA:147,17,1,0
BRDA:164,18,0,0
BRDA:164,18,1,0
BRDA:166,19,0,0
BRDA:166,19,1,0
BRDA:184,20,0,0
BRDA:184,20,1,0
BRF:33
BRH:0
end_of_record
TN:
SF:src\components\LiveNotifications.tsx
FN:14,LiveNotifications
FN:19,(anonymous_1)
FN:20,(anonymous_2)
FN:21,(anonymous_3)
FN:26,(anonymous_4)
FN:27,(anonymous_5)
FN:31,(anonymous_6)
FN:32,(anonymous_7)
FN:33,(anonymous_8)
FN:37,(anonymous_9)
FN:38,(anonymous_10)
FN:38,(anonymous_11)
FN:41,(anonymous_12)
FN:42,(anonymous_13)
FN:42,(anonymous_14)
FN:45,(anonymous_15)
FN:54,(anonymous_16)
FN:67,(anonymous_17)
FN:86,(anonymous_18)
FN:115,(anonymous_19)
FN:121,(anonymous_20)
FN:133,(anonymous_21)
FNF:22
FNH:0
FNDA:0,LiveNotifications
FNDA:0,(anonymous_1)
FNDA:0,(anonymous_2)
FNDA:0,(anonymous_3)
FNDA:0,(anonymous_4)
FNDA:0,(anonymous_5)
FNDA:0,(anonymous_6)
FNDA:0,(anonymous_7)
FNDA:0,(anonymous_8)
FNDA:0,(anonymous_9)
FNDA:0,(anonymous_10)
FNDA:0,(anonymous_11)
FNDA:0,(anonymous_12)
FNDA:0,(anonymous_13)
FNDA:0,(anonymous_14)
FNDA:0,(anonymous_15)
FNDA:0,(anonymous_16)
FNDA:0,(anonymous_17)
FNDA:0,(anonymous_18)
FNDA:0,(anonymous_19)
FNDA:0,(anonymous_20)
FNDA:0,(anonymous_21)
DA:1,0
DA:2,0
DA:3,0
DA:14,0
DA:15,0
DA:16,0
DA:17,0
DA:19,0
DA:20,0
DA:21,0
DA:24,0
DA:26,0
DA:27,0
DA:28,0
DA:31,0
DA:32,0
DA:33,0
DA:37,0
DA:38,0
DA:41,0
DA:42,0
DA:45,0
DA:46,0
DA:47,0
DA:48,0
DA:49,0
DA:50,0
DA:54,0
DA:55,0
DA:56,0
DA:57,0
DA:58,0
DA:59,0
DA:60,0
DA:61,0
DA:64,0
DA:67,0
DA:86,0
DA:116,0
DA:121,0
DA:134,0
DA:135,0
LF:42
LH:0
BRDA:33,0,0,0
BRDA:33,0,1,0
BRDA:46,1,0,0
BRDA:46,1,1,0
BRDA:46,1,2,0
BRDA:46,1,3,0
BRDA:56,2,0,0
BRDA:58,3,0,0
BRDA:60,4,0,0
BRDA:72,5,0,0
BRDA:72,5,1,0
BRDA:74,6,0,0
BRDA:74,6,1,0
BRDA:77,7,0,0
BRDA:77,7,1,0
BRDA:82,8,0,0
BRDA:82,8,1,0
BRDA:92,9,0,0
BRDA:92,9,1,0
BRDA:94,10,0,0
BRDA:94,10,1,0
BRDA:105,11,0,0
BRDA:105,11,1,0
BRDA:110,12,0,0
BRDA:110,12,1,0
BRDA:119,13,0,0
BRDA:119,13,1,0
BRF:27
BRH:0
end_of_record
TN:
SF:src\components\LivePortfolioValue.tsx
FN:14,LivePortfolioValue
FN:25,(anonymous_1)
FN:31,(anonymous_2)
FNF:3
FNH:0
FNDA:0,LivePortfolioValue
FNDA:0,(anonymous_1)
FNDA:0,(anonymous_2)
DA:1,0
DA:2,0
DA:3,0
DA:14,0
DA:15,0
DA:16,0
DA:25,0
DA:26,0
DA:27,0
DA:31,0
DA:32,0
DA:33,0
DA:34,0
DA:37,0
LF:14
LH:0
BRDA:26,0,0,0
BRDA:32,1,0,0
BRDA:33,2,0,0
BRDA:47,3,0,0
BRDA:47,3,1,0
BRDA:48,4,0,0
BRDA:48,4,1,0
BRDA:61,5,0,0
BRDA:61,5,1,0
BRDA:63,6,0,0
BRDA:63,6,1,0
BRDA:67,7,0,0
BRDA:67,7,1,0
BRDA:70,8,0,0
BRDA:70,8,1,0
BRDA:81,9,0,0
BRDA:81,9,1,0
BRF:17
BRH:0
end_of_record
TN:
SF:src\components\LivePriceStream.tsx
FN:18,LivePriceStream
FN:22,(anonymous_1)
FN:24,(anonymous_2)
FN:32,(anonymous_3)
FN:49,(anonymous_4)
FNF:5
FNH:0
FNDA:0,LivePriceStream
FNDA:0,(anonymous_1)
FNDA:0,(anonymous_2)
FNDA:0,(anonymous_3)
FNDA:0,(anonymous_4)
DA:1,0
DA:2,0
DA:3,0
DA:18,0
DA:19,0
DA:20,0
DA:22,0
DA:23,0
DA:24,0
DA:25,0
DA:26,0
DA:27,0
DA:32,0
DA:33,0
DA:34,0
DA:35,0
DA:38,0
DA:50,0
DA:51,0
DA:52,0
DA:62,0
LF:21
LH:0
BRDA:18,0,0,0
BRDA:18,1,0,0
BRDA:23,2,0,0
BRDA:33,3,0,0
BRDA:34,4,0,0
BRDA:43,5,0,0
BRDA:43,5,1,0
BRDA:44,6,0,0
BRDA:44,6,1,0
BRDA:51,7,0,0
BRDA:77,8,0,0
BRDA:77,8,1,0
BRDA:79,9,0,0
BRDA:79,9,1,0
BRDA:83,10,0,0
BRDA:83,10,1,0
BRF:16
BRH:0
end_of_record
TN:
SF:src\components\LoadingState.tsx
FN:8,LoadingState
FNF:1
FNH:0
FNDA:0,LoadingState
DA:8,1
DA:14,0
LF:2
LH:1
BRDA:9,0,0,0
BRDA:11,1,0,0
BRDA:12,2,0,0
BRDA:16,3,0,0
BRDA:16,3,1,0
BRDA:23,4,0,0
BRDA:23,4,1,0
BRF:7
BRH:0
end_of_record
TN:
SF:src\components\MetricCard.tsx
FN:14,MetricCard
FN:23,(anonymous_1)
FN:39,(anonymous_2)
FN:55,(anonymous_3)
FN:71,(anonymous_4)
FN:84,(anonymous_5)
FN:101,(anonymous_6)
FN:119,(anonymous_7)
FNF:8
FNH:8
FNDA:826,MetricCard
FNDA:826,(anonymous_1)
FNDA:826,(anonymous_2)
FNDA:816,(anonymous_3)
FNDA:826,(anonymous_4)
FNDA:265,(anonymous_5)
FNDA:265,(anonymous_6)
FNDA:270,(anonymous_7)
DA:1,8
DA:14,8
DA:23,826
DA:24,826
DA:27,797
DA:30,16
DA:33,3
DA:35,10
DA:39,826
DA:40,826
DA:43,797
DA:46,16
DA:49,3
DA:51,10
DA:55,826
DA:56,816
DA:59,797
DA:62,16
DA:65,3
DA:67,0
DA:71,826
DA:72,826
DA:73,194
DA:74,5
DA:76,189
DA:77,0
DA:79,189
DA:81,632
DA:84,826
DA:85,265
DA:86,6
DA:88,4
DA:90,2
DA:92,0
DA:95,259
DA:96,254
DA:98,5
DA:101,826
DA:102,265
DA:103,258
DA:105,7
DA:106,2
DA:108,2
DA:110,0
DA:112,0
DA:115,5
DA:119,826
DA:120,270
DA:121,258
DA:123,12
DA:124,12
DA:126,0
DA:129,826
LF:53
LH:47
BRDA:21,0,0,826
BRDA:24,1,0,667
BRDA:24,1,1,797
BRDA:24,1,2,16
BRDA:24,1,3,16
BRDA:24,1,4,3
BRDA:24,1,5,3
BRDA:24,1,6,10
BRDA:40,2,0,667
BRDA:40,2,1,797
BRDA:40,2,2,16
BRDA:40,2,3,16
BRDA:40,2,4,3
BRDA:40,2,5,3
BRDA:40,2,6,10
BRDA:56,3,0,667
BRDA:56,3,1,797
BRDA:56,3,2,16
BRDA:56,3,3,16
BRDA:56,3,4,3
BRDA:56,3,5,3
BRDA:56,3,6,0
BRDA:72,4,0,194
BRDA:73,5,0,5
BRDA:73,6,0,194
BRDA:73,6,1,194
BRDA:76,7,0,0
BRDA:76,8,0,189
BRDA:76,8,1,189
BRDA:85,9,0,6
BRDA:86,10,0,4
BRDA:86,10,1,2
BRDA:86,10,2,0
BRDA:95,11,0,254
BRDA:96,12,0,224
BRDA:96,12,1,30
BRDA:96,13,0,6
BRDA:96,13,1,24
BRDA:102,14,0,258
BRDA:103,15,0,226
BRDA:103,15,1,32
BRDA:103,16,0,8
BRDA:103,16,1,24
BRDA:105,17,0,2
BRDA:106,18,0,2
BRDA:106,18,1,0
BRDA:106,18,2,0
BRDA:120,19,0,258
BRDA:121,20,0,250
BRDA:121,20,1,8
BRDA:123,21,0,12
BRDA:124,22,0,12
BRDA:124,22,1,0
BRDA:135,23,0,826
BRDA:135,23,1,816
BRDA:150,24,0,826
BRDA:150,24,1,697
BRDA:150,24,2,691
BRDA:150,24,3,135
BRDA:152,25,0,135
BRDA:152,25,1,130
BRDA:162,26,0,135
BRDA:162,26,1,135
BRF:63
BRH:57
end_of_record
TN:
SF:src\components\NotificationPanel.tsx
FN:17,NotificationPanel
FN:22,(anonymous_1)
FN:25,(anonymous_2)
FN:28,(anonymous_3)
FN:29,(anonymous_4)
FN:36,(anonymous_5)
FN:39,(anonymous_6)
FN:87,(anonymous_7)
FN:88,(anonymous_8)
FN:93,(anonymous_9)
FN:94,(anonymous_10)
FN:97,(anonymous_11)
FN:98,(anonymous_12)
FN:101,(anonymous_13)
FN:103,(anonymous_14)
FN:113,(anonymous_15)
FN:123,(anonymous_16)
FN:139,(anonymous_17)
FN:186,(anonymous_18)
FN:201,(anonymous_19)
FN:212,(anonymous_20)
FNF:21
FNH:0
FNDA:0,NotificationPanel
FNDA:0,(anonymous_1)
FNDA:0,(anonymous_2)
FNDA:0,(anonymous_3)
FNDA:0,(anonymous_4)
FNDA:0,(anonymous_5)
FNDA:0,(anonymous_6)
FNDA:0,(anonymous_7)
FNDA:0,(anonymous_8)
FNDA:0,(anonymous_9)
FNDA:0,(anonymous_10)
FNDA:0,(anonymous_11)
FNDA:0,(anonymous_12)
FNDA:0,(anonymous_13)
FNDA:0,(anonymous_14)
FNDA:0,(anonymous_15)
FNDA:0,(anonymous_16)
FNDA:0,(anonymous_17)
FNDA:0,(anonymous_18)
FNDA:0,(anonymous_19)
FNDA:0,(anonymous_20)
DA:1,0
DA:2,0
DA:17,0
DA:18,0
DA:19,0
DA:20,0
DA:22,0
DA:23,0
DA:24,0
DA:25,0
DA:28,0
DA:29,0
DA:30,0
DA:31,0
DA:35,0
DA:36,0
DA:39,0
DA:40,0
DA:41,0
DA:42,0
DA:43,0
DA:44,0
DA:47,0
DA:83,0
DA:87,0
DA:88,0
DA:89,0
DA:93,0
DA:94,0
DA:97,0
DA:98,0
DA:101,0
DA:103,0
DA:104,0
DA:105,0
DA:106,0
DA:107,0
DA:108,0
DA:109,0
DA:113,0
DA:114,0
DA:115,0
DA:116,0
DA:117,0
DA:118,0
DA:119,0
DA:123,0
DA:124,0
DA:125,0
DA:126,0
DA:127,0
DA:129,0
DA:130,0
DA:131,0
DA:132,0
DA:135,0
DA:139,0
DA:187,0
DA:201,0
DA:212,0
LF:60
LH:0
BRDA:17,0,0,0
BRDA:30,1,0,0
BRDA:30,2,0,0
BRDA:30,2,1,0
BRDA:42,3,0,0
BRDA:42,3,1,0
BRDA:44,4,0,0
BRDA:44,4,1,0
BRDA:89,5,0,0
BRDA:89,5,1,0
BRDA:104,6,0,0
BRDA:104,6,1,0
BRDA:104,6,2,0
BRDA:104,6,3,0
BRDA:104,6,4,0
BRDA:114,7,0,0
BRDA:114,7,1,0
BRDA:114,7,2,0
BRDA:114,7,3,0
BRDA:114,7,4,0
BRDA:129,8,0,0
BRDA:130,9,0,0
BRDA:131,10,0,0
BRDA:144,11,0,0
BRDA:144,11,1,0
BRDA:155,12,0,0
BRDA:155,12,1,0
BRDA:162,13,0,0
BRDA:162,13,1,0
BRDA:168,14,0,0
BRDA:168,14,1,0
BRDA:180,15,0,0
BRDA:180,15,1,0
BRDA:190,16,0,0
BRDA:190,16,1,0
BRDA:210,17,0,0
BRDA:210,17,1,0
BRF:37
BRH:0
end_of_record
TN:
SF:src\components\PaperTradingPanel.tsx
FN:46,PaperTradingPanel
FN:52,(anonymous_1)
FN:55,(anonymous_2)
FN:58,(anonymous_3)
FN:81,(anonymous_4)
FN:94,(anonymous_5)
FN:107,(anonymous_6)
FN:197,(anonymous_7)
FN:200,(anonymous_8)
FN:223,(anonymous_9)
FN:246,(anonymous_10)
FN:291,(anonymous_11)
FN:309,(anonymous_12)
FNF:13
FNH:0
FNDA:0,PaperTradingPanel
FNDA:0,(anonymous_1)
FNDA:0,(anonymous_2)
FNDA:0,(anonymous_3)
FNDA:0,(anonymous_4)
FNDA:0,(anonymous_5)
FNDA:0,(anonymous_6)
FNDA:0,(anonymous_7)
FNDA:0,(anonymous_8)
FNDA:0,(anonymous_9)
FNDA:0,(anonymous_10)
FNDA:0,(anonymous_11)
FNDA:0,(anonymous_12)
DA:1,0
DA:2,0
DA:3,0
DA:46,0
DA:47,0
DA:48,0
DA:49,0
DA:50,0
DA:52,0
DA:53,0
DA:54,0
DA:55,0
DA:58,0
DA:59,0
DA:60,0
DA:61,0
DA:72,0
DA:74,0
DA:75,0
DA:77,0
DA:81,0
DA:82,0
DA:83,0
DA:86,0
DA:87,0
DA:90,0
DA:94,0
DA:95,0
DA:96,0
DA:99,0
DA:100,0
DA:103,0
DA:107,0
DA:108,0
DA:109,0
DA:110,0
DA:111,0
DA:112,0
DA:115,0
DA:116,0
DA:118,0
DA:119,0
DA:129,0
DA:198,0
DA:200,0
DA:224,0
DA:246,0
DA:292,0
DA:309,0
LF:49
LH:0
BRDA:46,0,0,0
BRDA:46,1,0,0
BRDA:62,2,0,0
BRDA:62,2,1,0
BRDA:63,3,0,0
BRDA:63,3,1,0
BRDA:64,4,0,0
BRDA:64,4,1,0
BRDA:65,5,0,0
BRDA:65,5,1,0
BRDA:66,6,0,0
BRDA:66,6,1,0
BRDA:67,7,0,0
BRDA:67,7,1,0
BRDA:68,8,0,0
BRDA:68,8,1,0
BRDA:69,9,0,0
BRDA:69,9,1,0
BRDA:70,10,0,0
BRDA:70,10,1,0
BRDA:74,11,0,0
BRDA:74,11,1,0
BRDA:86,12,0,0
BRDA:99,13,0,0
BRDA:110,14,0,0
BRDA:111,15,0,0
BRDA:115,16,0,0
BRDA:115,16,1,0
BRDA:115,17,0,0
BRDA:115,17,1,0
BRDA:116,18,0,0
BRDA:116,18,1,0
BRDA:118,19,0,0
BRDA:131,20,0,0
BRDA:131,20,1,0
BRDA:154,21,0,0
BRDA:154,21,1,0
BRDA:154,22,0,0
BRDA:154,22,1,0
BRDA:161,23,0,0
BRDA:161,23,1,0
BRDA:161,24,0,0
BRDA:161,24,1,0
BRDA:162,25,0,0
BRDA:162,25,1,0
BRDA:162,26,0,0
BRDA:162,26,1,0
BRDA:164,27,0,0
BRDA:164,27,1,0
BRDA:165,28,0,0
BRDA:165,28,1,0
BRDA:174,29,0,0
BRDA:174,29,1,0
BRDA:176,30,0,0
BRDA:176,30,1,0
BRDA:177,31,0,0
BRDA:177,31,1,0
BRDA:188,32,0,0
BRDA:188,32,1,0
BRDA:202,33,0,0
BRDA:202,33,1,0
BRDA:215,34,0,0
BRDA:215,34,1,0
BRDA:217,35,0,0
BRDA:217,35,1,0
BRDA:230,36,0,0
BRDA:230,36,1,0
BRDA:234,37,0,0
BRDA:234,37,1,0
BRDA:272,38,0,0
BRDA:272,38,1,0
BRDA:273,39,0,0
BRDA:273,39,1,0
BRDA:283,40,0,0
BRDA:283,40,1,0
BRDA:285,41,0,0
BRDA:285,41,1,0
BRDA:298,42,0,0
BRDA:298,42,1,0
BRDA:321,43,0,0
BRDA:321,43,1,0
BRDA:335,44,0,0
BRDA:335,44,1,0
BRF:83
BRH:0
end_of_record
TN:
SF:src\components\PerformanceAnalyticsDashboard.tsx
FN:26,PerformanceAnalyticsDashboard
FN:31,(anonymous_1)
FN:34,(anonymous_2)
FN:37,(anonymous_3)
FN:50,(anonymous_4)
FN:57,(anonymous_5)
FNF:6
FNH:0
FNDA:0,PerformanceAnalyticsDashboard
FNDA:0,(anonymous_1)
FNDA:0,(anonymous_2)
FNDA:0,(anonymous_3)
FNDA:0,(anonymous_4)
FNDA:0,(anonymous_5)
DA:1,0
DA:2,0
DA:3,0
DA:26,0
DA:27,0
DA:28,0
DA:29,0
DA:31,0
DA:32,0
DA:33,0
DA:34,0
DA:37,0
DA:38,0
DA:39,0
DA:40,0
DA:41,0
DA:43,0
DA:44,0
DA:46,0
DA:50,0
DA:51,0
DA:52,0
DA:54,0
DA:57,0
DA:58,0
DA:59,0
DA:60,0
DA:61,0
DA:64,0
DA:65,0
DA:75,0
DA:77,0
DA:79,0
LF:33
LH:0
BRDA:26,0,0,0
BRDA:26,1,0,0
BRDA:43,2,0,0
BRDA:43,2,1,0
BRDA:50,3,0,0
BRDA:51,4,0,0
BRDA:52,5,0,0
BRDA:52,5,1,0
BRDA:54,6,0,0
BRDA:54,6,1,0
BRDA:58,7,0,0
BRDA:59,8,0,0
BRDA:60,9,0,0
BRDA:64,10,0,0
BRDA:75,11,0,0
BRDA:81,12,0,0
BRDA:81,12,1,0
BRDA:117,13,0,0
BRDA:117,13,1,0
BRDA:123,14,0,0
BRDA:123,14,1,0
BRDA:245,15,0,0
BRDA:245,15,1,0
BRDA:255,16,0,0
BRDA:255,16,1,0
BRDA:265,17,0,0
BRDA:265,17,1,0
BRDA:275,18,0,0
BRDA:275,18,1,0
BRDA:285,19,0,0
BRDA:285,19,1,0
BRF:31
BRH:0
end_of_record
TN:
SF:src\components\PortfolioChart.tsx
FN:8,PortfolioChart
FNF:1
FNH:0
FNDA:0,PortfolioChart
DA:1,0
DA:2,0
DA:8,0
DA:9,0
DA:11,0
LF:5
LH:0
BRF:0
BRH:0
end_of_record
TN:
SF:src\components\PredictionMarketsPanel.tsx
FN:6,PredictionMarketsPanel
FN:10,(anonymous_1)
FN:11,fetchMarkets
FN:24,(anonymous_3)
FN:59,(anonymous_4)
FNF:5
FNH:0
FNDA:0,PredictionMarketsPanel
FNDA:0,(anonymous_1)
FNDA:0,fetchMarkets
FNDA:0,(anonymous_3)
FNDA:0,(anonymous_4)
DA:1,0
DA:2,0
DA:3,0
DA:6,0
DA:7,0
DA:8,0
DA:10,0
DA:12,0
DA:13,0
DA:14,0
DA:16,0
DA:18,0
DA:22,0
DA:23,0
DA:24,0
DA:27,0
DA:28,0
DA:40,0
DA:60,0
LF:19
LH:0
BRDA:14,0,0,0
BRDA:14,0,1,0
BRDA:27,1,0,0
BRDA:53,2,0,0
BRDA:53,2,1,0
BRDA:96,3,0,0
BRDA:96,3,1,0
BRDA:61,4,0,0
BRDA:61,4,1,0
BRDA:106,5,0,0
BRDA:106,5,1,0
BRF:11
BRH:0
end_of_record
TN:
SF:src\components\PriceTicker.tsx
FN:21,PriceTicker
FN:38,(anonymous_1)
FN:99,formatNumber
FN:106,formatTime
FNF:4
FNH:4
FNDA:179,PriceTicker
FNDA:16,(anonymous_1)
FNDA:163,formatNumber
FNDA:1,formatTime
DA:1,2
DA:2,2
DA:21,2
DA:28,179
DA:38,179
DA:39,16
DA:41,9
DA:49,9
DA:52,7
DA:56,179
DA:57,179
DA:59,179
DA:100,163
DA:107,1
DA:108,1
LF:15
LH:15
BRDA:24,0,0,7
BRDA:25,1,0,178
BRDA:26,2,0,179
BRDA:29,3,0,179
BRDA:29,3,1,171
BRDA:39,4,0,9
BRDA:39,4,1,7
BRDA:57,5,0,20
BRDA:57,5,1,159
BRDA:74,6,0,20
BRDA:74,6,1,159
BRDA:78,7,0,124
BRDA:78,7,1,55
BRDA:85,8,0,179
BRDA:85,8,1,172
BRDA:85,8,2,163
BRDA:89,9,0,179
BRDA:89,9,1,1
BRDA:89,9,2,1
BRF:19
BRH:19
end_of_record
TN:
SF:src\components\QuickActionsPanel.tsx
FN:12,QuickActionsPanel
FN:19,(anonymous_1)
FN:26,(anonymous_2)
FN:33,(anonymous_3)
FN:40,(anonymous_4)
FN:47,(anonymous_5)
FN:54,(anonymous_6)
FN:58,(anonymous_7)
FN:78,(anonymous_8)
FNF:9
FNH:0
FNDA:0,QuickActionsPanel
FNDA:0,(anonymous_1)
FNDA:0,(anonymous_2)
FNDA:0,(anonymous_3)
FNDA:0,(anonymous_4)
FNDA:0,(anonymous_5)
FNDA:0,(anonymous_6)
FNDA:0,(anonymous_7)
FNDA:0,(anonymous_8)
DA:1,0
DA:12,0
DA:13,0
DA:19,0
DA:26,0
DA:33,0
DA:40,0
DA:47,0
DA:54,0
DA:58,0
DA:59,0
DA:67,0
DA:70,0
DA:79,0
DA:80,0
LF:15
LH:0
BRDA:67,0,0,0
BRDA:67,0,1,0
BRF:2
BRH:0
end_of_record
TN:
SF:src\components\ReflectionPanel.tsx
FN:34,ReflectionPanel
FN:41,(anonymous_1)
FN:44,(anonymous_2)
FN:47,(anonymous_3)
FN:65,(anonymous_4)
FN:71,(anonymous_5)
FN:77,(anonymous_6)
FN:78,(anonymous_7)
FN:81,(anonymous_8)
FN:138,(anonymous_9)
FN:149,(anonymous_10)
FN:182,(anonymous_11)
FN:186,(anonymous_12)
FN:229,(anonymous_13)
FNF:14
FNH:0
FNDA:0,ReflectionPanel
FNDA:0,(anonymous_1)
FNDA:0,(anonymous_2)
FNDA:0,(anonymous_3)
FNDA:0,(anonymous_4)
FNDA:0,(anonymous_5)
FNDA:0,(anonymous_6)
FNDA:0,(anonymous_7)
FNDA:0,(anonymous_8)
FNDA:0,(anonymous_9)
FNDA:0,(anonymous_10)
FNDA:0,(anonymous_11)
FNDA:0,(anonymous_12)
FNDA:0,(anonymous_13)
DA:1,1
DA:2,1
DA:3,1
DA:34,1
DA:35,0
DA:36,0
DA:37,0
DA:38,0
DA:39,0
DA:41,0
DA:42,0
DA:43,0
DA:44,0
DA:47,0
DA:48,0
DA:49,0
DA:54,0
DA:55,0
DA:56,0
DA:58,0
DA:59,0
DA:61,0
DA:65,0
DA:66,0
DA:67,0
DA:68,0
DA:71,0
DA:72,0
DA:73,0
DA:74,0
DA:77,0
DA:78,0
DA:81,0
DA:82,0
DA:83,0
DA:84,0
DA:85,0
DA:86,0
DA:87,0
DA:90,0
DA:91,0
DA:101,0
DA:138,0
DA:149,0
DA:183,0
DA:186,0
DA:230,0
LF:47
LH:4
BRDA:34,0,0,0
BRDA:55,1,0,0
BRDA:55,1,1,0
BRDA:58,2,0,0
BRDA:58,2,1,0
BRDA:66,3,0,0
BRDA:67,4,0,0
BRDA:72,5,0,0
BRDA:73,6,0,0
BRDA:84,7,0,0
BRDA:85,8,0,0
BRDA:86,9,0,0
BRDA:90,10,0,0
BRDA:103,11,0,0
BRDA:103,11,1,0
BRDA:120,12,0,0
BRDA:120,12,1,0
BRDA:128,13,0,0
BRDA:128,13,1,0
BRDA:137,14,0,0
BRDA:137,14,1,0
BRDA:149,15,0,0
BRDA:149,15,1,0
BRDA:186,16,0,0
BRDA:186,16,1,0
BRDA:190,17,0,0
BRDA:190,17,1,0
BRDA:234,18,0,0
BRDA:234,18,1,0
BRDA:235,19,0,0
BRDA:235,19,1,0
BRDA:243,20,0,0
BRDA:243,20,1,0
BRDA:245,21,0,0
BRDA:245,21,1,0
BRDA:247,22,0,0
BRDA:247,22,1,0
BRDA:267,23,0,0
BRDA:267,23,1,0
BRF:39
BRH:0
end_of_record
TN:
SF:src\components\RiskProtectionsPanel.tsx
FN:22,RiskProtectionsPanel
FN:35,(anonymous_1)
FN:42,(anonymous_2)
FN:266,(anonymous_3)
FN:385,(anonymous_4)
FN:415,RiskProtectionsCard
FN:423,(anonymous_6)
FN:458,(anonymous_7)
FNF:8
FNH:0
FNDA:0,RiskProtectionsPanel
FNDA:0,(anonymous_1)
FNDA:0,(anonymous_2)
FNDA:0,(anonymous_3)
FNDA:0,(anonymous_4)
FNDA:0,RiskProtectionsCard
FNDA:0,(anonymous_6)
FNDA:0,(anonymous_7)
DA:1,0
DA:2,0
DA:13,0
DA:15,0
DA:22,0
DA:30,0
DA:32,0
DA:33,0
DA:35,0
DA:36,0
DA:37,0
DA:38,0
DA:39,0
DA:42,0
DA:43,0
DA:46,0
DA:47,0
DA:48,0
DA:49,0
DA:52,0
DA:53,0
DA:61,0
DA:62,0
DA:79,0
DA:81,0
DA:82,0
DA:83,0
DA:84,0
DA:87,0
DA:88,0
DA:119,0
DA:266,0
DA:386,0
DA:415,0
DA:416,0
DA:417,0
DA:419,0
DA:420,0
DA:423,0
DA:429,0
DA:430,0
DA:438,0
DA:439,0
DA:446,0
DA:448,0
DA:449,0
DA:451,0
DA:458,0
LF:48
LH:0
BRDA:22,0,0,0
BRDA:36,1,0,0
BRDA:43,2,0,0
BRDA:43,2,1,0
BRDA:46,3,0,0
BRDA:52,4,0,0
BRDA:52,5,0,0
BRDA:52,5,1,0
BRDA:61,6,0,0
BRDA:79,7,0,0
BRDA:87,8,0,0
BRDA:91,9,0,0
BRDA:91,9,1,0
BRDA:93,10,0,0
BRDA:93,10,1,0
BRDA:100,11,0,0
BRDA:100,11,1,0
BRDA:102,12,0,0
BRDA:102,12,1,0
BRDA:108,13,0,0
BRDA:108,13,1,0
BRDA:109,14,0,0
BRDA:109,14,1,0
BRDA:136,15,0,0
BRDA:136,15,1,0
BRDA:143,16,0,0
BRDA:143,16,1,0
BRDA:144,17,0,0
BRDA:144,17,1,0
BRDA:149,18,0,0
BRDA:149,18,1,0
BRDA:151,19,0,0
BRDA:151,19,1,0
BRDA:157,20,0,0
BRDA:157,20,1,0
BRDA:158,21,0,0
BRDA:158,21,1,0
BRDA:164,22,0,0
BRDA:164,22,1,0
BRDA:184,23,0,0
BRDA:184,23,1,0
BRDA:185,24,0,0
BRDA:185,24,1,0
BRDA:214,25,0,0
BRDA:214,25,1,0
BRDA:221,26,0,0
BRDA:221,26,1,0
BRDA:223,27,0,0
BRDA:223,27,1,0
BRDA:231,28,0,0
BRDA:231,28,1,0
BRDA:248,29,0,0
BRDA:248,29,1,0
BRDA:255,30,0,0
BRDA:255,30,1,0
BRDA:257,31,0,0
BRDA:257,31,1,0
BRDA:260,32,0,0
BRDA:260,32,1,0
BRDA:266,33,0,0
BRDA:266,33,1,0
BRDA:269,34,0,0
BRDA:269,34,1,0
BRDA:274,35,0,0
BRDA:274,35,1,0
BRDA:276,36,0,0
BRDA:276,36,1,0
BRDA:282,37,0,0
BRDA:282,37,1,0
BRDA:303,38,0,0
BRDA:303,38,1,0
BRDA:304,39,0,0
BRDA:304,39,1,0
BRDA:313,40,0,0
BRDA:313,40,1,0
BRDA:314,41,0,0
BRDA:314,41,1,0
BRDA:349,42,0,0
BRDA:349,42,1,0
BRDA:368,43,0,0
BRDA:368,43,1,0
BRDA:392,44,0,0
BRDA:392,44,1,0
BRDA:393,45,0,0
BRDA:393,45,1,0
BRDA:419,46,0,0
BRDA:429,47,0,0
BRDA:429,48,0,0
BRDA:429,48,1,0
BRDA:438,49,0,0
BRDA:446,50,0,0
BRDA:454,51,0,0
BRDA:454,51,1,0
BRDA:455,52,0,0
BRDA:455,52,1,0
BRDA:462,53,0,0
BRDA:462,53,1,0
BRDA:463,54,0,0
BRDA:463,54,1,0
BRDA:467,55,0,0
BRDA:467,55,1,0
BRDA:475,56,0,0
BRDA:475,56,1,0
BRDA:477,57,0,0
BRDA:477,57,1,0
BRDA:483,58,0,0
BRDA:483,58,1,0
BRDA:484,59,0,0
BRDA:484,59,1,0
BRDA:492,60,0,0
BRDA:492,60,1,0
BRDA:493,61,0,0
BRDA:493,61,1,0
BRDA:493,62,0,0
BRDA:493,62,1,0
BRF:115
BRH:0
end_of_record
TN:
SF:src\components\SharpeRatioTile.tsx
FN:13,SharpeRatioTile
FN:25,(anonymous_1)
FN:34,(anonymous_2)
FN:40,(anonymous_3)
FN:56,(anonymous_4)
FN:63,(anonymous_5)
FN:70,(anonymous_6)
FN:76,(anonymous_7)
FN:81,(anonymous_8)
FN:88,(anonymous_9)
FN:93,(anonymous_10)
FNF:11
FNH:0
FNDA:0,SharpeRatioTile
FNDA:0,(anonymous_1)
FNDA:0,(anonymous_2)
FNDA:0,(anonymous_3)
FNDA:0,(anonymous_4)
FNDA:0,(anonymous_5)
FNDA:0,(anonymous_6)
FNDA:0,(anonymous_7)
FNDA:0,(anonymous_8)
FNDA:0,(anonymous_9)
FNDA:0,(anonymous_10)
DA:1,0
DA:2,0
DA:13,0
DA:21,0
DA:22,0
DA:23,0
DA:25,0
DA:26,0
DA:27,0
DA:29,0
DA:30,0
DA:34,0
DA:35,0
DA:36,0
DA:40,0
DA:41,0
DA:43,0
DA:44,0
DA:45,0
DA:46,0
DA:47,0
DA:50,0
DA:52,0
DA:56,0
DA:57,0
DA:58,0
DA:59,0
DA:60,0
DA:63,0
DA:64,0
DA:65,0
DA:66,0
DA:67,0
DA:70,0
DA:71,0
DA:72,0
DA:73,0
DA:76,0
DA:77,0
DA:81,0
DA:82,0
DA:84,0
DA:85,0
DA:86,0
DA:88,0
DA:89,0
DA:90,0
DA:91,0
DA:93,0
DA:94,0
DA:95,0
DA:96,0
DA:99,0
DA:102,0
DA:103,0
DA:113,0
DA:114,0
DA:129,0
LF:58
LH:0
BRDA:17,0,0,0
BRDA:18,1,0,0
BRDA:19,2,0,0
BRDA:21,3,0,0
BRDA:21,3,1,0
BRDA:22,4,0,0
BRDA:22,4,1,0
BRDA:23,5,0,0
BRDA:23,5,1,0
BRDA:26,6,0,0
BRDA:29,7,0,0
BRDA:35,8,0,0
BRDA:35,9,0,0
BRDA:35,9,1,0
BRDA:41,10,0,0
BRDA:45,11,0,0
BRDA:47,12,0,0
BRDA:47,12,1,0
BRDA:57,13,0,0
BRDA:58,14,0,0
BRDA:59,15,0,0
BRDA:64,16,0,0
BRDA:65,17,0,0
BRDA:66,18,0,0
BRDA:71,19,0,0
BRDA:72,20,0,0
BRDA:82,21,0,0
BRDA:91,22,0,0
BRDA:91,22,1,0
BRDA:102,23,0,0
BRDA:104,24,0,0
BRDA:104,24,1,0
BRDA:113,25,0,0
BRDA:136,26,0,0
BRDA:136,26,1,0
BRDA:155,27,0,0
BRDA:155,27,1,0
BRDA:160,28,0,0
BRDA:160,28,1,0
BRDA:160,29,0,0
BRDA:160,29,1,0
BRDA:169,30,0,0
BRDA:169,30,1,0
BRDA:170,31,0,0
BRDA:170,31,1,0
BRDA:170,32,0,0
BRDA:170,32,1,0
BRDA:171,33,0,0
BRDA:171,33,1,0
BRDA:171,34,0,0
BRDA:171,34,1,0
BRDA:172,35,0,0
BRDA:172,35,1,0
BRF:53
BRH:0
end_of_record
TN:
SF:src\components\Sidebar.tsx
FN:61,Sidebar
FN:80,(anonymous_1)
FN:87,(anonymous_2)
FN:110,(anonymous_3)
FN:117,(anonymous_4)
FN:140,(anonymous_5)
FN:147,(anonymous_6)
FNF:7
FNH:0
FNDA:0,Sidebar
FNDA:0,(anonymous_1)
FNDA:0,(anonymous_2)
FNDA:0,(anonymous_3)
FNDA:0,(anonymous_4)
FNDA:0,(anonymous_5)
FNDA:0,(anonymous_6)
DA:1,0
DA:32,0
DA:46,0
DA:56,0
DA:61,0
DA:62,0
DA:81,0
DA:82,0
DA:84,0
DA:87,0
DA:111,0
DA:112,0
DA:114,0
DA:117,0
DA:141,0
DA:142,0
DA:144,0
DA:147,0
LF:18
LH:0
BRDA:90,0,0,0
BRDA:90,0,1,0
BRDA:96,1,0,0
BRDA:96,1,1,0
BRDA:120,2,0,0
BRDA:120,2,1,0
BRDA:126,3,0,0
BRDA:126,3,1,0
BRDA:150,4,0,0
BRDA:150,4,1,0
BRDA:156,5,0,0
BRDA:156,5,1,0
BRF:12
BRH:0
end_of_record
TN:
SF:src\components\SimulationControlPanel.tsx
FN:17,SimulationControlPanel
FN:34,(anonymous_1)
FN:37,(anonymous_2)
FN:40,(anonymous_3)
FN:49,(anonymous_4)
FN:65,(anonymous_5)
FN:79,(anonymous_6)
FN:83,(anonymous_7)
FN:91,(anonymous_8)
FN:107,(anonymous_9)
FN:177,(anonymous_10)
FN:180,(anonymous_11)
FN:193,(anonymous_12)
FNF:13
FNH:0
FNDA:0,SimulationControlPanel
FNDA:0,(anonymous_1)
FNDA:0,(anonymous_2)
FNDA:0,(anonymous_3)
FNDA:0,(anonymous_4)
FNDA:0,(anonymous_5)
FNDA:0,(anonymous_6)
FNDA:0,(anonymous_7)
FNDA:0,(anonymous_8)
FNDA:0,(anonymous_9)
FNDA:0,(anonymous_10)
FNDA:0,(anonymous_11)
FNDA:0,(anonymous_12)
DA:1,0
DA:2,0
DA:3,0
DA:17,0
DA:18,0
DA:25,0
DA:27,0
DA:34,0
DA:35,0
DA:36,0
DA:37,0
DA:40,0
DA:41,0
DA:42,0
DA:43,0
DA:45,0
DA:49,0
DA:50,0
DA:51,0
DA:52,0
DA:53,0
DA:55,0
DA:57,0
DA:59,0
DA:61,0
DA:65,0
DA:66,0
DA:68,0
DA:69,0
DA:70,0
DA:71,0
DA:73,0
DA:75,0
DA:79,0
DA:80,0
DA:81,0
DA:82,0
DA:83,0
DA:85,0
DA:87,0
DA:91,0
DA:92,0
DA:93,0
DA:94,0
DA:95,0
DA:96,0
DA:97,0
DA:98,0
DA:99,0
DA:100,0
DA:103,0
DA:107,0
DA:108,0
DA:109,0
DA:110,0
DA:111,0
DA:114,0
DA:178,0
DA:180,0
DA:193,0
LF:60
LH:0
BRDA:17,0,0,0
BRDA:52,1,0,0
BRDA:52,1,1,0
BRDA:66,2,0,0
BRDA:94,3,0,0
BRDA:124,4,0,0
BRDA:124,4,1,0
BRDA:128,5,0,0
BRDA:128,5,1,0
BRDA:142,6,0,0
BRDA:142,6,1,0
BRDA:146,7,0,0
BRDA:146,7,1,0
BRDA:148,8,0,0
BRDA:148,8,1,0
BRDA:183,9,0,0
BRDA:183,9,1,0
BRF:17
BRH:0
end_of_record
TN:
SF:src\components\SocketTest.tsx
FN:4,SocketTest
FN:7,(anonymous_1)
FN:17,(anonymous_2)
FN:23,(anonymous_3)
FNF:4
FNH:0
FNDA:0,SocketTest
FNDA:0,(anonymous_1)
FNDA:0,(anonymous_2)
FNDA:0,(anonymous_3)
DA:1,0
DA:2,0
DA:4,0
DA:5,0
DA:7,0
DA:8,0
DA:11,0
DA:12,0
DA:13,0
DA:17,0
DA:18,0
DA:21,0
DA:23,0
DA:24,0
DA:28,0
LF:15
LH:0
BRDA:8,0,0,0
BRDA:11,1,0,0
BRDA:34,2,0,0
BRDA:34,2,1,0
BRDA:36,3,0,0
BRDA:36,3,1,0
BRDA:41,4,0,0
BRDA:41,4,1,0
BRF:8
BRH:0
end_of_record
TN:
SF:src\components\StatusIndicator.tsx
FN:12,StatusIndicator
FN:20,(anonymous_1)
FN:75,(anonymous_2)
FNF:3
FNH:3
FNDA:399,StatusIndicator
FNDA:399,(anonymous_1)
FNDA:399,(anonymous_2)
DA:1,6
DA:12,6
DA:20,399
DA:21,399
DA:22,399
DA:24,241
DA:31,1
DA:38,1
DA:45,59
DA:52,95
DA:59,2
DA:66,0
DA:75,399
DA:76,399
DA:78,0
DA:80,1
DA:82,398
DA:86,399
DA:87,399
DA:88,399
DA:90,399
LF:21
LH:19
BRDA:14,0,0,398
BRDA:15,1,0,7
BRDA:18,2,0,327
BRDA:22,3,0,241
BRDA:22,3,1,1
BRDA:22,3,2,1
BRDA:22,3,3,59
BRDA:22,3,4,95
BRDA:22,3,5,2
BRDA:22,3,6,0
BRDA:76,4,0,0
BRDA:76,4,1,1
BRDA:76,4,2,398
BRDA:88,5,0,399
BRDA:88,5,1,398
BRDA:94,6,0,399
BRDA:94,6,1,398
BRDA:105,7,0,399
BRDA:105,7,1,256
BRF:19
BRH:17
end_of_record
TN:
SF:src\components\SwarmPanel.tsx
FN:39,SwarmPanel
FN:49,(anonymous_1)
FN:52,(anonymous_2)
FN:55,(anonymous_3)
FN:166,(anonymous_4)
FN:175,(anonymous_5)
FN:184,(anonymous_6)
FN:287,(anonymous_7)
FN:290,(anonymous_8)
FN:336,(anonymous_9)
FNF:10
FNH:4
FNDA:5,SwarmPanel
FNDA:4,(anonymous_1)
FNDA:4,(anonymous_2)
FNDA:4,(anonymous_3)
FNDA:0,(anonymous_4)
FNDA:0,(anonymous_5)
FNDA:0,(anonymous_6)
FNDA:0,(anonymous_7)
FNDA:0,(anonymous_8)
FNDA:0,(anonymous_9)
DA:1,1
DA:2,1
DA:39,1
DA:40,5
DA:45,5
DA:46,5
DA:47,5
DA:49,5
DA:50,4
DA:51,4
DA:52,4
DA:55,5
DA:56,4
DA:57,4
DA:58,4
DA:59,0
DA:60,0
DA:61,0
DA:63,0
DA:66,4
DA:68,4
DA:162,4
DA:166,5
DA:167,0
DA:168,0
DA:169,0
DA:170,0
DA:171,0
DA:175,5
DA:176,0
DA:177,0
DA:178,0
DA:179,0
DA:180,0
DA:184,5
DA:185,0
DA:186,0
DA:187,0
DA:188,0
DA:189,0
DA:190,0
DA:194,5
DA:195,5
DA:205,0
DA:288,0
DA:290,0
DA:337,0
LF:47
LH:23
BRDA:39,0,0,5
BRDA:58,1,0,0
BRDA:58,1,1,0
BRDA:66,2,0,4
BRDA:66,2,1,0
BRDA:167,3,0,0
BRDA:167,3,1,0
BRDA:167,3,2,0
BRDA:167,3,3,0
BRDA:176,4,0,0
BRDA:176,4,1,0
BRDA:176,4,2,0
BRDA:176,4,3,0
BRDA:185,5,0,0
BRDA:185,5,1,0
BRDA:185,5,2,0
BRDA:185,5,3,0
BRDA:185,5,4,0
BRDA:194,6,0,5
BRDA:207,7,0,0
BRDA:207,7,1,0
BRDA:257,8,0,0
BRDA:257,8,1,0
BRDA:290,9,0,0
BRDA:290,9,1,0
BRDA:292,10,0,0
BRDA:292,10,1,0
BRDA:307,11,0,0
BRDA:307,11,1,0
BRDA:374,12,0,0
BRDA:374,12,1,0
BRDA:375,13,0,0
BRDA:375,13,1,0
BRF:33
BRH:3
end_of_record
TN:
SF:src\components\ThemeToggle.tsx
FN:4,ThemeToggle
FNF:1
FNH:0
FNDA:0,ThemeToggle
DA:1,0
DA:2,0
DA:4,0
DA:5,0
DA:7,0
LF:5
LH:0
BRDA:11,0,0,0
BRDA:11,0,1,0
BRDA:13,1,0,0
BRDA:13,1,1,0
BRF:4
BRH:0
end_of_record
TN:
SF:src\components\TopBar.tsx
FN:9,TopBar
FNF:1
FNH:0
FNDA:0,TopBar
DA:1,0
DA:2,0
DA:3,0
DA:9,0
DA:10,0
DA:12,0
LF:6
LH:0
BRDA:72,0,0,0
BRDA:72,0,1,0
BRDA:74,1,0,0
BRDA:74,1,1,0
BRF:4
BRH:0
end_of_record
TN:
SF:src\components\TradesTable.tsx
FN:50,TradesTable
FN:65,(anonymous_1)
FN:71,(anonymous_2)
FN:78,(anonymous_3)
FN:85,(anonymous_4)
FN:90,(anonymous_5)
FN:97,(anonymous_6)
FN:108,(anonymous_7)
FN:113,(anonymous_8)
FN:119,(anonymous_9)
FN:124,(anonymous_10)
FN:131,(anonymous_11)
FN:137,(anonymous_12)
FN:148,(anonymous_13)
FN:171,(anonymous_14)
FN:193,(anonymous_15)
FN:198,(anonymous_16)
FN:211,(anonymous_17)
FN:223,(anonymous_18)
FN:233,(anonymous_19)
FN:236,(anonymous_20)
FN:274,(anonymous_21)
FN:330,(anonymous_22)
FN:332,(anonymous_23)
FN:335,(anonymous_24)
FN:337,(anonymous_25)
FNF:26
FNH:0
FNDA:0,TradesTable
FNDA:0,(anonymous_1)
FNDA:0,(anonymous_2)
FNDA:0,(anonymous_3)
FNDA:0,(anonymous_4)
FNDA:0,(anonymous_5)
FNDA:0,(anonymous_6)
FNDA:0,(anonymous_7)
FNDA:0,(anonymous_8)
FNDA:0,(anonymous_9)
FNDA:0,(anonymous_10)
FNDA:0,(anonymous_11)
FNDA:0,(anonymous_12)
FNDA:0,(anonymous_13)
FNDA:0,(anonymous_14)
FNDA:0,(anonymous_15)
FNDA:0,(anonymous_16)
FNDA:0,(anonymous_17)
FNDA:0,(anonymous_18)
FNDA:0,(anonymous_19)
FNDA:0,(anonymous_20)
FNDA:0,(anonymous_21)
FNDA:0,(anonymous_22)
FNDA:0,(anonymous_23)
FNDA:0,(anonymous_24)
FNDA:0,(anonymous_25)
DA:11,0
DA:12,0
DA:25,0
DA:50,0
DA:56,0
DA:57,0
DA:58,0
DA:59,0
DA:60,0
DA:61,0
DA:62,0
DA:65,0
DA:66,0
DA:67,0
DA:70,0
DA:71,0
DA:72,0
DA:77,0
DA:78,0
DA:79,0
DA:84,0
DA:85,0
DA:89,0
DA:90,0
DA:93,0
DA:97,0
DA:98,0
DA:99,0
DA:100,0
DA:108,0
DA:109,0
DA:110,0
DA:113,0
DA:114,0
DA:115,0
DA:116,0
DA:119,0
DA:120,0
DA:121,0
DA:124,0
DA:125,0
DA:126,0
DA:131,0
DA:132,0
DA:137,0
DA:138,0
DA:139,0
DA:140,0
DA:142,0
DA:143,0
DA:145,0
DA:148,0
DA:150,0
DA:171,0
DA:193,0
DA:198,0
DA:211,0
DA:223,0
DA:234,0
DA:236,0
DA:275,0
DA:330,0
DA:332,0
DA:335,0
DA:337,0
LF:65
LH:0
BRDA:51,0,0,0
BRDA:52,1,0,0
BRDA:53,2,0,0
BRDA:66,3,0,0
BRDA:70,4,0,0
BRDA:77,5,0,0
BRDA:77,6,0,0
BRDA:77,6,1,0
BRDA:79,7,0,0
BRDA:79,7,1,0
BRDA:84,8,0,0
BRDA:89,9,0,0
BRDA:98,10,0,0
BRDA:109,11,0,0
BRDA:114,12,0,0
BRDA:115,13,0,0
BRDA:120,14,0,0
BRDA:121,15,0,0
BRDA:121,15,1,0
BRDA:125,16,0,0
BRDA:126,17,0,0
BRDA:126,17,1,0
BRDA:132,18,0,0
BRDA:132,18,1,0
BRDA:139,19,0,0
BRDA:142,20,0,0
BRDA:163,21,0,0
BRDA:163,21,1,0
BRDA:165,22,0,0
BRDA:165,22,1,0
BRDA:166,23,0,0
BRDA:166,23,1,0
BRDA:173,24,0,0
BRDA:173,24,1,0
BRDA:175,25,0,0
BRDA:175,25,1,0
BRDA:177,26,0,0
BRDA:177,26,1,0
BRDA:183,27,0,0
BRDA:183,27,1,0
BRDA:196,28,0,0
BRDA:196,28,1,0
BRDA:236,29,0,0
BRDA:236,29,1,0
BRDA:238,30,0,0
BRDA:238,30,1,0
BRDA:253,31,0,0
BRDA:253,31,1,0
BRDA:265,32,0,0
BRDA:265,32,1,0
BRDA:278,33,0,0
BRDA:278,33,1,0
BRDA:280,34,0,0
BRDA:280,34,1,0
BRDA:284,35,0,0
BRDA:284,35,1,0
BRDA:290,36,0,0
BRDA:290,36,1,0
BRDA:296,37,0,0
BRDA:296,37,1,0
BRDA:301,38,0,0
BRDA:301,38,1,0
BRDA:311,39,0,0
BRDA:311,39,1,0
BRDA:312,40,0,0
BRDA:312,40,1,0
BRDA:275,41,0,0
BRDA:275,41,1,0
BRDA:327,42,0,0
BRDA:327,42,1,0
BRF:70
BRH:0
end_of_record
TN:
SF:src\components\VenueSelector.tsx
FN:40,VenueSelector
FN:45,(anonymous_1)
FN:47,(anonymous_2)
FN:48,(anonymous_3)
FN:55,(anonymous_4)
FN:60,(anonymous_5)
FN:62,(anonymous_6)
FN:71,(anonymous_7)
FN:84,(anonymous_8)
FN:105,(anonymous_9)
FN:108,(anonymous_10)
FN:122,(anonymous_11)
FN:125,(anonymous_12)
FNF:13
FNH:5
FNDA:54,VenueSelector
FNDA:864,(anonymous_1)
FNDA:3,(anonymous_2)
FNDA:0,(anonymous_3)
FNDA:3,(anonymous_4)
FNDA:0,(anonymous_5)
FNDA:0,(anonymous_6)
FNDA:54,(anonymous_7)
FNDA:0,(anonymous_8)
FNDA:0,(anonymous_9)
FNDA:0,(anonymous_10)
FNDA:0,(anonymous_11)
FNDA:0,(anonymous_12)
DA:1,1
DA:2,1
DA:11,1
DA:40,1
DA:41,54
DA:42,54
DA:43,54
DA:45,864
DA:47,54
DA:48,3
DA:49,0
DA:50,0
DA:54,3
DA:55,3
DA:58,54
DA:60,0
DA:62,54
DA:63,0
DA:64,0
DA:65,0
DA:66,0
DA:67,0
DA:71,54
DA:72,54
DA:73,54
DA:74,0
DA:75,0
DA:76,0
DA:80,54
DA:84,0
DA:106,0
DA:108,0
DA:123,0
DA:126,0
DA:127,0
LF:35
LH:18
BRDA:40,0,0,54
BRDA:45,1,0,54
BRDA:45,1,1,54
BRDA:49,2,0,0
BRDA:49,3,0,0
BRDA:49,3,1,0
BRDA:58,4,0,54
BRDA:58,4,1,0
BRDA:63,5,0,0
BRDA:63,5,1,0
BRDA:63,5,2,0
BRDA:63,5,3,0
BRDA:72,6,0,54
BRDA:72,6,1,0
BRDA:72,6,2,0
BRDA:72,6,3,0
BRDA:91,7,0,0
BRDA:91,7,1,54
BRDA:101,8,0,54
BRDA:101,8,1,0
BRDA:110,9,0,0
BRDA:110,9,1,0
BRDA:115,10,0,0
BRDA:115,10,1,0
BRDA:130,11,0,0
BRDA:130,11,1,0
BRDA:144,12,0,0
BRDA:144,12,1,0
BRF:28
BRH:7
end_of_record
TN:
SF:src\components\charts\AgentOpinionChart.tsx
FN:48,getStanceIcon
FN:54,formatTimestamp
FN:59,AgentOpinionChart
FN:69,(anonymous_3)
FN:81,(anonymous_4)
FN:89,(anonymous_5)
FN:93,(anonymous_6)
FN:98,(anonymous_7)
FN:100,(anonymous_8)
FN:177,(anonymous_9)
FN:188,(anonymous_10)
FN:225,(anonymous_11)
FNF:12
FNH:0
FNDA:0,getStanceIcon
FNDA:0,formatTimestamp
FNDA:0,AgentOpinionChart
FNDA:0,(anonymous_3)
FNDA:0,(anonymous_4)
FNDA:0,(anonymous_5)
FNDA:0,(anonymous_6)
FNDA:0,(anonymous_7)
FNDA:0,(anonymous_8)
FNDA:0,(anonymous_9)
FNDA:0,(anonymous_10)
FNDA:0,(anonymous_11)
DA:8,0
DA:9,0
DA:31,0
DA:39,0
DA:49,0
DA:50,0
DA:51,0
DA:55,0
DA:56,0
DA:59,0
DA:66,0
DA:69,0
DA:70,0
DA:72,0
DA:73,0
DA:74,0
DA:76,0
DA:80,0
DA:81,0
DA:82,0
DA:85,0
DA:89,0
DA:90,0
DA:92,0
DA:93,0
DA:96,0
DA:98,0
DA:99,0
DA:100,0
DA:102,0
DA:103,0
DA:104,0
DA:105,0
DA:106,0
DA:108,0
DA:111,0
DA:113,0
DA:178,0
DA:179,0
DA:180,0
DA:182,0
DA:188,0
DA:226,0
LF:43
LH:0
BRDA:49,0,0,0
BRDA:50,1,0,0
BRDA:62,2,0,0
BRDA:63,3,0,0
BRDA:73,4,0,0
BRDA:90,5,0,0
BRDA:96,6,0,0
BRDA:103,7,0,0
BRDA:104,8,0,0
BRDA:105,9,0,0
BRDA:106,10,0,0
BRDA:122,11,0,0
BRDA:122,11,1,0
BRDA:140,12,0,0
BRDA:140,12,1,0
BRDA:141,13,0,0
BRDA:141,13,1,0
BRDA:155,14,0,0
BRDA:155,14,1,0
BRDA:159,15,0,0
BRDA:159,15,1,0
BRDA:172,16,0,0
BRDA:172,16,1,0
BRDA:180,17,0,0
BRDA:180,17,1,0
BRDA:187,18,0,0
BRDA:187,18,1,0
BRDA:188,19,0,0
BRDA:188,19,1,0
BRDA:201,20,0,0
BRDA:201,20,1,0
BRDA:202,21,0,0
BRDA:202,21,1,0
BRDA:204,22,0,0
BRDA:204,22,1,0
BRDA:213,23,0,0
BRDA:213,23,1,0
BRDA:213,23,2,0
BRDA:213,23,3,0
BRDA:223,24,0,0
BRDA:223,24,1,0
BRDA:223,24,2,0
BRDA:229,25,0,0
BRDA:229,25,1,0
BRDA:230,26,0,0
BRDA:230,26,1,0
BRDA:231,27,0,0
BRDA:231,27,1,0
BRDA:232,28,0,0
BRDA:232,28,1,0
BRF:50
BRH:0
end_of_record
TN:
SF:src\components\charts\MarketHeatmap.tsx
FN:30,getColorForValue
FN:57,formatValue
FN:63,formatPrice
FN:69,MarketHeatmap
FN:77,(anonymous_4)
FN:78,(anonymous_5)
FN:112,(anonymous_6)
FNF:7
FNH:0
FNDA:0,getColorForValue
FNDA:0,formatValue
FNDA:0,formatPrice
FNDA:0,MarketHeatmap
FNDA:0,(anonymous_4)
FNDA:0,(anonymous_5)
FNDA:0,(anonymous_6)
DA:8,0
DA:9,0
DA:31,0
DA:32,0
DA:33,0
DA:34,0
DA:35,0
DA:38,0
DA:39,0
DA:40,0
DA:41,0
DA:42,0
DA:43,0
DA:47,0
DA:48,0
DA:49,0
DA:50,0
DA:51,0
DA:52,0
DA:53,0
DA:54,0
DA:58,0
DA:59,0
DA:60,0
DA:64,0
DA:65,0
DA:66,0
DA:69,0
DA:77,0
DA:78,0
DA:79,0
DA:80,0
DA:81,0
DA:85,0
DA:92,0
DA:113,0
DA:114,0
DA:116,0
LF:38
LH:0
BRDA:31,0,0,0
BRDA:32,1,0,0
BRDA:33,2,0,0
BRDA:34,3,0,0
BRDA:38,4,0,0
BRDA:39,5,0,0
BRDA:40,6,0,0
BRDA:41,7,0,0
BRDA:42,8,0,0
BRDA:47,9,0,0
BRDA:48,10,0,0
BRDA:49,11,0,0
BRDA:50,12,0,0
BRDA:51,13,0,0
BRDA:52,14,0,0
BRDA:53,15,0,0
BRDA:58,16,0,0
BRDA:59,17,0,0
BRDA:60,18,0,0
BRDA:60,18,1,0
BRDA:64,19,0,0
BRDA:65,20,0,0
BRDA:72,21,0,0
BRDA:73,22,0,0
BRDA:75,23,0,0
BRDA:79,24,0,0
BRDA:79,24,1,0
BRDA:80,25,0,0
BRDA:80,25,1,0
BRDA:95,26,0,0
BRDA:95,26,1,0
BRDA:102,27,0,0
BRDA:102,27,1,0
BRDA:113,28,0,0
BRDA:113,28,1,0
BRDA:142,29,0,0
BRDA:142,29,1,0
BRDA:147,30,0,0
BRDA:147,30,1,0
BRDA:160,31,0,0
BRDA:160,31,1,0
BRDA:168,32,0,0
BRDA:168,32,1,0
BRDA:184,33,0,0
BRDA:184,33,1,0
BRDA:189,34,0,0
BRDA:189,34,1,0
BRF:47
BRH:0
end_of_record
TN:
SF:src\config\constants.ts
FN:4,(anonymous_0)
FN:34,(anonymous_1)
FNF:2
FNH:0
FNDA:0,(anonymous_0)
FNDA:0,(anonymous_1)
DA:4,0
DA:5,0
DA:7,0
DA:9,0
DA:13,0
DA:14,0
DA:17,0
DA:34,0
DA:72,0
DA:88,0
DA:104,0
DA:114,0
DA:122,0
LF:13
LH:0
BRDA:7,0,0,0
BRDA:7,0,1,0
BRF:2
BRH:0
end_of_record
TN:
SF:src\hooks\useAgentsHealth.ts
FN:18,mergePartialAgent
FN:25,isValidAgentPayload
FN:32,useAgentsHealth
FN:43,(anonymous_3)
FN:47,(anonymous_4)
FN:59,(anonymous_5)
FN:63,(anonymous_6)
FN:68,(anonymous_7)
FN:83,(anonymous_8)
FN:88,(anonymous_9)
FN:119,(anonymous_10)
FN:125,(anonymous_11)
FN:133,(anonymous_12)
FN:139,(anonymous_13)
FN:153,(anonymous_14)
FN:163,(anonymous_15)
FN:173,(anonymous_16)
FN:174,(anonymous_17)
FN:185,(anonymous_18)
FN:191,(anonymous_19)
FN:192,(anonymous_20)
FN:193,(anonymous_21)
FNF:22
FNH:18
FNDA:2,mergePartialAgent
FNDA:3,isValidAgentPayload
FNDA:16,useAgentsHealth
FNDA:7,(anonymous_3)
FNDA:3,(anonymous_4)
FNDA:7,(anonymous_5)
FNDA:1,(anonymous_6)
FNDA:1,(anonymous_7)
FNDA:1,(anonymous_8)
FNDA:1,(anonymous_9)
FNDA:1,(anonymous_10)
FNDA:1,(anonymous_11)
FNDA:0,(anonymous_12)
FNDA:0,(anonymous_13)
FNDA:0,(anonymous_14)
FNDA:7,(anonymous_15)
FNDA:14,(anonymous_16)
FNDA:0,(anonymous_17)
FNDA:14,(anonymous_18)
FNDA:6,(anonymous_19)
FNDA:6,(anonymous_20)
FNDA:6,(anonymous_21)
DA:1,3
DA:2,3
DA:3,3
DA:19,2
DA:26,3
DA:32,3
DA:34,16
DA:39,16
DA:40,16
DA:43,16
DA:44,7
DA:46,4
DA:48,3
DA:49,3
DA:52,4
DA:56,16
DA:59,16
DA:60,7
DA:63,7
DA:64,1
DA:65,0
DA:66,0
DA:68,1
DA:69,1
DA:70,1
DA:71,0
DA:72,0
DA:74,1
DA:75,1
DA:83,7
DA:84,1
DA:85,0
DA:86,0
DA:88,1
DA:89,1
DA:90,1
DA:92,0
DA:93,0
DA:110,1
DA:111,1
DA:119,7
DA:120,1
DA:121,0
DA:122,0
DA:124,1
DA:125,1
DA:129,1
DA:133,7
DA:134,0
DA:135,0
DA:136,0
DA:138,0
DA:139,0
DA:140,0
DA:141,0
DA:142,0
DA:143,0
DA:145,0
DA:146,0
DA:153,7
DA:154,0
DA:157,7
DA:158,7
DA:159,7
DA:160,7
DA:161,7
DA:163,7
DA:164,7
DA:165,7
DA:166,7
DA:167,7
DA:168,7
DA:173,16
DA:174,14
DA:176,0
DA:177,0
DA:178,0
DA:179,0
DA:180,0
DA:185,16
DA:186,14
DA:187,5
DA:189,9
DA:191,6
DA:192,6
DA:193,6
DA:197,16
LF:87
LH:60
BRDA:26,0,0,3
BRDA:26,0,1,3
BRDA:26,0,2,3
BRDA:44,1,0,3
BRDA:60,2,0,0
BRDA:64,3,0,0
BRDA:70,4,0,0
BRDA:84,5,0,0
BRDA:90,6,0,0
BRDA:102,7,0,0
BRDA:102,7,1,0
BRDA:103,8,0,0
BRDA:103,8,1,0
BRDA:104,9,0,0
BRDA:104,9,1,0
BRDA:105,10,0,0
BRDA:105,10,1,0
BRDA:106,11,0,0
BRDA:106,11,1,0
BRDA:120,12,0,0
BRDA:134,13,0,0
BRDA:141,14,0,0
BRDA:177,15,0,0
BRDA:177,15,1,0
BRDA:178,16,0,0
BRDA:178,16,1,0
BRDA:179,17,0,0
BRDA:186,18,0,5
BRDA:186,19,0,14
BRDA:186,19,1,11
BRF:30
BRH:7
end_of_record
TN:
SF:src\hooks\useApiData.ts
FN:21,useApiData
FN:40,(anonymous_1)
FN:82,(anonymous_2)
FN:87,(anonymous_3)
FN:95,(anonymous_4)
FN:107,(anonymous_5)
FN:108,(anonymous_6)
FNF:7
FNH:6
FNDA:17,useApiData
FNDA:6,(anonymous_1)
FNDA:0,(anonymous_2)
FNDA:7,(anonymous_3)
FNDA:1,(anonymous_4)
FNDA:7,(anonymous_5)
FNDA:7,(anonymous_6)
DA:1,12
DA:21,12
DA:30,17
DA:32,17
DA:33,17
DA:34,17
DA:35,17
DA:37,17
DA:38,17
DA:40,17
DA:41,6
DA:44,6
DA:45,0
DA:48,6
DA:49,6
DA:50,6
DA:52,6
DA:53,6
DA:64,5
DA:65,0
DA:68,4
DA:69,4
DA:71,4
DA:72,4
DA:74,2
DA:75,2
DA:78,6
DA:82,17
DA:83,0
DA:87,17
DA:88,7
DA:90,1
DA:93,1
DA:95,1
DA:96,1
DA:97,1
DA:100,6
DA:102,5
DA:107,17
DA:108,7
DA:109,7
DA:110,6
DA:112,7
DA:113,1
DA:118,17
LF:45
LH:42
BRDA:23,0,0,8
BRDA:29,1,0,16
BRDA:32,2,0,17
BRDA:32,2,1,15
BRDA:41,3,0,0
BRDA:44,4,0,0
BRDA:58,5,0,6
BRDA:58,5,1,0
BRDA:64,6,0,0
BRDA:69,7,0,1
BRDA:69,7,1,3
BRDA:74,8,0,2
BRDA:74,9,0,2
BRDA:74,9,1,2
BRDA:88,10,0,1
BRDA:88,10,1,6
BRDA:88,11,0,7
BRDA:88,11,1,6
BRDA:88,11,2,1
BRDA:96,12,0,1
BRDA:100,13,0,5
BRDA:109,14,0,6
BRDA:112,15,0,1
BRF:23
BRH:19
end_of_record
TN:
SF:src\hooks\useChartTheme.ts
FN:3,getChartThemeColors
FN:34,updateChartTheme
FN:49,createThemedChart
FNF:3
FNH:0
FNDA:0,getChartThemeColors
FNDA:0,updateChartTheme
FNDA:0,createThemedChart
DA:1,0
DA:3,0
DA:4,0
DA:6,0
DA:34,0
DA:35,0
DA:37,0
DA:38,0
DA:39,0
DA:41,0
DA:42,0
DA:43,0
DA:46,0
DA:49,0
DA:50,0
DA:52,0
DA:53,0
DA:54,0
DA:56,0
LF:19
LH:0
BRDA:8,0,0,0
BRDA:8,0,1,0
BRDA:9,1,0,0
BRDA:9,1,1,0
BRDA:10,2,0,0
BRDA:10,2,1,0
BRDA:11,3,0,0
BRDA:11,3,1,0
BRDA:18,4,0,0
BRDA:18,4,1,0
BRDA:23,5,0,0
BRDA:23,5,1,0
BRDA:24,6,0,0
BRDA:24,6,1,0
BRDA:27,7,0,0
BRDA:27,7,1,0
BRDA:28,8,0,0
BRDA:28,8,1,0
BRDA:37,9,0,0
BRDA:41,10,0,0
BRDA:52,11,0,0
BRDA:52,11,1,0
BRDA:53,12,0,0
BRDA:53,12,1,0
BRDA:54,13,0,0
BRDA:54,13,1,0
BRF:26
BRH:0
end_of_record
TN:
SF:src\hooks\useChartTooltip.ts
FN:3,getTooltipColors
FN:14,createTooltipOptions
FN:30,updateChartTooltip
FN:39,getChartOptions
FNF:4
FNH:0
FNDA:0,getTooltipColors
FNDA:0,createTooltipOptions
FNDA:0,updateChartTooltip
FNDA:0,getChartOptions
DA:3,0
DA:4,0
DA:6,0
DA:14,0
DA:15,0
DA:17,0
DA:30,0
DA:31,0
DA:32,0
DA:33,0
DA:35,0
DA:39,0
DA:40,0
LF:13
LH:0
BRDA:7,0,0,0
BRDA:7,0,1,0
BRDA:8,1,0,0
BRDA:8,1,1,0
BRDA:9,2,0,0
BRDA:9,2,1,0
BRDA:10,3,0,0
BRDA:10,3,1,0
BRDA:32,4,0,0
BRDA:39,5,0,0
BRF:10
BRH:0
end_of_record
TN:
SF:src\hooks\useDashboard.tsx
FN:55,useSystemHealth
FN:60,(anonymous_1)
FN:61,fetchHealth
FN:76,(anonymous_3)
FN:82,usePnLSummary
FN:86,(anonymous_5)
FN:87,fetchPnL
FN:100,(anonymous_7)
FN:106,useAgentsSummary
FN:110,(anonymous_9)
FN:111,fetchAgents
FN:124,(anonymous_11)
FN:130,useTradingSummary
FN:134,(anonymous_13)
FN:135,fetchTrading
FN:148,(anonymous_15)
FN:154,usePrimeStatus
FN:158,(anonymous_17)
FN:159,fetchPrime
FN:172,(anonymous_19)
FN:179,SystemHealthCard
FN:223,(anonymous_21)
FN:236,PnLCard
FN:292,TradingOperationsCard
FN:328,(anonymous_24)
FN:351,PrimeStatusCard
FN:381,(anonymous_26)
FN:399,AgentStatusCard
FN:446,(anonymous_28)
FN:466,(anonymous_29)
FNF:30
FNH:0
FNDA:0,useSystemHealth
FNDA:0,(anonymous_1)
FNDA:0,fetchHealth
FNDA:0,(anonymous_3)
FNDA:0,usePnLSummary
FNDA:0,(anonymous_5)
FNDA:0,fetchPnL
FNDA:0,(anonymous_7)
FNDA:0,useAgentsSummary
FNDA:0,(anonymous_9)
FNDA:0,fetchAgents
FNDA:0,(anonymous_11)
FNDA:0,useTradingSummary
FNDA:0,(anonymous_13)
FNDA:0,fetchTrading
FNDA:0,(anonymous_15)
FNDA:0,usePrimeStatus
FNDA:0,(anonymous_17)
FNDA:0,fetchPrime
FNDA:0,(anonymous_19)
FNDA:0,SystemHealthCard
FNDA:0,(anonymous_21)
FNDA:0,PnLCard
FNDA:0,TradingOperationsCard
FNDA:0,(anonymous_24)
FNDA:0,PrimeStatusCard
FNDA:0,(anonymous_26)
FNDA:0,AgentStatusCard
FNDA:0,(anonymous_28)
FNDA:0,(anonymous_29)
DA:1,0
DA:2,0
DA:3,0
DA:55,0
DA:56,0
DA:57,0
DA:58,0
DA:60,0
DA:62,0
DA:63,0
DA:64,0
DA:65,0
DA:67,0
DA:68,0
DA:70,0
DA:74,0
DA:75,0
DA:76,0
DA:79,0
DA:82,0
DA:83,0
DA:84,0
DA:86,0
DA:88,0
DA:89,0
DA:90,0
DA:92,0
DA:94,0
DA:98,0
DA:99,0
DA:100,0
DA:103,0
DA:106,0
DA:107,0
DA:108,0
DA:110,0
DA:112,0
DA:113,0
DA:114,0
DA:116,0
DA:118,0
DA:122,0
DA:123,0
DA:124,0
DA:127,0
DA:130,0
DA:131,0
DA:132,0
DA:134,0
DA:136,0
DA:137,0
DA:138,0
DA:140,0
DA:142,0
DA:146,0
DA:147,0
DA:148,0
DA:151,0
DA:154,0
DA:155,0
DA:156,0
DA:158,0
DA:160,0
DA:161,0
DA:162,0
DA:164,0
DA:166,0
DA:170,0
DA:171,0
DA:172,0
DA:175,0
DA:179,0
DA:180,0
DA:182,0
DA:183,0
DA:191,0
DA:192,0
DA:194,0
DA:224,0
DA:236,0
DA:237,0
DA:239,0
DA:240,0
DA:248,0
DA:249,0
DA:251,0
DA:292,0
DA:293,0
DA:295,0
DA:296,0
DA:304,0
DA:329,0
DA:351,0
DA:352,0
DA:354,0
DA:355,0
DA:363,0
DA:364,0
DA:366,0
DA:382,0
DA:399,0
DA:400,0
DA:402,0
DA:403,0
DA:411,0
DA:412,0
DA:423,0
DA:447,0
DA:466,0
LF:109
LH:0
BRDA:67,0,0,0
BRDA:67,0,1,0
BRDA:182,1,0,0
BRDA:195,2,0,0
BRDA:195,2,1,0
BRDA:195,3,0,0
BRDA:195,3,1,0
BRDA:197,4,0,0
BRDA:197,4,1,0
BRDA:199,5,0,0
BRDA:199,5,1,0
BRDA:208,6,0,0
BRDA:208,6,1,0
BRDA:208,7,0,0
BRDA:208,7,1,0
BRDA:209,8,0,0
BRDA:209,8,1,0
BRDA:209,9,0,0
BRDA:209,9,1,0
BRDA:214,10,0,0
BRDA:214,10,1,0
BRDA:221,11,0,0
BRDA:221,11,1,0
BRDA:225,12,0,0
BRDA:225,12,1,0
BRDA:239,13,0,0
BRDA:248,14,0,0
BRDA:248,14,1,0
BRDA:249,15,0,0
BRDA:249,15,1,0
BRDA:249,16,0,0
BRDA:249,16,1,0
BRDA:249,17,0,0
BRDA:249,17,1,0
BRDA:249,18,0,0
BRDA:249,18,1,0
BRDA:259,19,0,0
BRDA:259,19,1,0
BRDA:260,20,0,0
BRDA:260,20,1,0
BRDA:260,21,0,0
BRDA:260,21,1,0
BRDA:262,22,0,0
BRDA:262,22,1,0
BRDA:263,23,0,0
BRDA:263,23,1,0
BRDA:263,24,0,0
BRDA:263,24,1,0
BRDA:268,25,0,0
BRDA:268,25,1,0
BRDA:275,26,0,0
BRDA:275,26,1,0
BRDA:279,27,0,0
BRDA:279,27,1,0
BRDA:279,28,0,0
BRDA:279,28,1,0
BRDA:279,29,0,0
BRDA:279,29,1,0
BRDA:279,30,0,0
BRDA:279,30,1,0
BRDA:280,31,0,0
BRDA:280,31,1,0
BRDA:284,32,0,0
BRDA:284,32,1,0
BRDA:295,33,0,0
BRDA:313,34,0,0
BRDA:313,34,1,0
BRDA:317,35,0,0
BRDA:317,35,1,0
BRDA:325,36,0,0
BRDA:325,36,1,0
BRDA:337,37,0,0
BRDA:337,37,1,0
BRDA:337,38,0,0
BRDA:337,38,1,0
BRDA:342,39,0,0
BRDA:342,39,1,0
BRDA:354,40,0,0
BRDA:363,41,0,0
BRDA:363,41,1,0
BRDA:367,42,0,0
BRDA:367,42,1,0
BRDA:369,43,0,0
BRDA:369,43,1,0
BRDA:371,44,0,0
BRDA:371,44,1,0
BRDA:375,45,0,0
BRDA:375,45,1,0
BRDA:376,46,0,0
BRDA:376,46,1,0
BRDA:379,47,0,0
BRDA:379,47,1,0
BRDA:383,48,0,0
BRDA:383,48,1,0
BRDA:385,49,0,0
BRDA:385,49,1,0
BRDA:392,50,0,0
BRDA:392,50,1,0
BRDA:402,51,0,0
BRDA:411,52,0,0
BRDA:411,53,0,0
BRDA:411,53,1,0
BRDA:411,53,2,0
BRDA:432,54,0,0
BRDA:432,54,1,0
BRDA:436,55,0,0
BRDA:436,55,1,0
BRDA:440,56,0,0
BRDA:440,56,1,0
BRDA:449,57,0,0
BRDA:449,57,1,0
BRDA:449,58,0,0
BRDA:449,58,1,0
BRDA:453,59,0,0
BRDA:453,59,1,0
BRDA:455,60,0,0
BRDA:455,60,1,0
BRF:117
BRH:0
end_of_record
TN:
SF:src\hooks\useEquityChart.ts
FN:24,(anonymous_0)
FN:33,(anonymous_1)
FN:36,(anonymous_2)
FN:40,(anonymous_3)
FN:50,(anonymous_4)
FN:84,useEquityChart
FN:87,(anonymous_6)
FN:112,(anonymous_7)
FN:155,(anonymous_8)
FNF:9
FNH:0
FNDA:0,(anonymous_0)
FNDA:0,(anonymous_1)
FNDA:0,(anonymous_2)
FNDA:0,(anonymous_3)
FNDA:0,(anonymous_4)
FNDA:0,useEquityChart
FNDA:0,(anonymous_6)
FNDA:0,(anonymous_7)
FNDA:0,(anonymous_8)
DA:1,0
DA:2,0
DA:14,0
DA:24,0
DA:33,0
DA:34,0
DA:35,0
DA:36,0
DA:40,0
DA:50,0
DA:51,0
DA:52,0
DA:84,0
DA:85,0
DA:87,0
DA:88,0
DA:89,0
DA:91,0
DA:92,0
DA:94,0
DA:97,0
DA:98,0
DA:99,0
DA:102,0
DA:103,0
DA:105,0
DA:112,0
DA:113,0
DA:114,0
DA:115,0
DA:117,0
DA:120,0
DA:121,0
DA:122,0
DA:126,0
DA:127,0
DA:128,0
DA:130,0
DA:131,0
DA:132,0
DA:133,0
DA:134,0
DA:136,0
DA:137,0
DA:139,0
DA:140,0
DA:142,0
DA:143,0
DA:145,0
DA:146,0
DA:149,0
DA:152,0
DA:153,0
DA:155,0
DA:156,0
DA:157,0
DA:158,0
DA:160,0
LF:58
LH:0
BRDA:25,0,0,0
BRDA:25,0,1,0
BRDA:26,1,0,0
BRDA:26,1,1,0
BRDA:27,2,0,0
BRDA:27,2,1,0
BRDA:28,3,0,0
BRDA:28,3,1,0
BRDA:29,4,0,0
BRDA:29,4,1,0
BRDA:30,5,0,0
BRDA:30,5,1,0
BRDA:89,6,0,0
BRDA:92,7,0,0
BRDA:97,8,0,0
BRDA:117,9,0,0
BRDA:121,10,0,0
BRDA:127,11,0,0
BRDA:130,12,0,0
BRDA:136,13,0,0
BRDA:139,14,0,0
BRDA:142,15,0,0
BRDA:145,16,0,0
BRDA:156,17,0,0
BRF:24
BRH:0
end_of_record
TN:
SF:src\hooks\useKafkaStream.ts
FN:82,useKafkaStream
FN:112,(anonymous_1)
FN:120,(anonymous_2)
FN:172,(anonymous_3)
FN:176,(anonymous_4)
FN:185,(anonymous_5)
FN:191,(anonymous_6)
FN:200,(anonymous_7)
FN:211,(anonymous_8)
FN:218,(anonymous_9)
FN:225,(anonymous_10)
FN:233,(anonymous_11)
FN:240,(anonymous_12)
FN:241,(anonymous_13)
FN:255,(anonymous_14)
FN:270,(anonymous_15)
FN:280,(anonymous_16)
FN:288,(anonymous_17)
FN:295,(anonymous_18)
FN:320,useTradeEvents
FN:329,usePriceStream
FN:336,parseConsensusStreamMessage
FN:372,useAgentOpinions
FN:382,useConsensusStream
FNF:24
FNH:0
FNDA:0,useKafkaStream
FNDA:0,(anonymous_1)
FNDA:0,(anonymous_2)
FNDA:0,(anonymous_3)
FNDA:0,(anonymous_4)
FNDA:0,(anonymous_5)
FNDA:0,(anonymous_6)
FNDA:0,(anonymous_7)
FNDA:0,(anonymous_8)
FNDA:0,(anonymous_9)
FNDA:0,(anonymous_10)
FNDA:0,(anonymous_11)
FNDA:0,(anonymous_12)
FNDA:0,(anonymous_13)
FNDA:0,(anonymous_14)
FNDA:0,(anonymous_15)
FNDA:0,(anonymous_16)
FNDA:0,(anonymous_17)
FNDA:0,(anonymous_18)
FNDA:0,useTradeEvents
FNDA:0,usePriceStream
FNDA:0,parseConsensusStreamMessage
FNDA:0,useAgentOpinions
FNDA:0,useConsensusStream
DA:15,0
DA:82,0
DA:95,0
DA:98,0
DA:99,0
DA:100,0
DA:101,0
DA:102,0
DA:103,0
DA:106,0
DA:107,0
DA:108,0
DA:109,0
DA:112,0
DA:113,0
DA:114,0
DA:115,0
DA:116,0
DA:120,0
DA:121,0
DA:123,0
DA:124,0
DA:127,0
DA:128,0
DA:129,0
DA:131,0
DA:134,0
DA:138,0
DA:139,0
DA:143,0
DA:144,0
DA:145,0
DA:150,0
DA:151,0
DA:155,0
DA:156,0
DA:157,0
DA:159,0
DA:162,0
DA:163,0
DA:164,0
DA:168,0
DA:172,0
DA:173,0
DA:176,0
DA:177,0
DA:178,0
DA:182,0
DA:183,0
DA:184,0
DA:185,0
DA:186,0
DA:187,0
DA:188,0
DA:191,0
DA:200,0
DA:201,0
DA:202,0
DA:205,0
DA:206,0
DA:208,0
DA:209,0
DA:211,0
DA:212,0
DA:213,0
DA:214,0
DA:215,0
DA:218,0
DA:219,0
DA:220,0
DA:221,0
DA:225,0
DA:227,0
DA:228,0
DA:230,0
DA:233,0
DA:234,0
DA:235,0
DA:236,0
DA:239,0
DA:240,0
DA:241,0
DA:242,0
DA:247,0
DA:249,0
DA:250,0
DA:255,0
DA:256,0
DA:257,0
DA:258,0
DA:261,0
DA:262,0
DA:263,0
DA:266,0
DA:270,0
DA:271,0
DA:272,0
DA:273,0
DA:275,0
DA:280,0
DA:281,0
DA:282,0
DA:283,0
DA:284,0
DA:288,0
DA:289,0
DA:291,0
DA:292,0
DA:295,0
DA:296,0
DA:297,0
DA:301,0
DA:320,0
DA:321,0
DA:329,0
DA:330,0
DA:337,0
DA:339,0
DA:340,0
DA:341,0
DA:343,0
DA:347,0
DA:348,0
DA:351,0
DA:352,0
DA:355,0
DA:356,0
DA:357,0
DA:359,0
DA:368,0
DA:372,0
DA:373,0
DA:382,0
DA:383,0
DA:389,0
LF:135
LH:0
BRDA:84,0,0,0
BRDA:88,1,0,0
BRDA:89,2,0,0
BRDA:90,3,0,0
BRDA:91,4,0,0
BRDA:93,5,0,0
BRDA:113,6,0,0
BRDA:113,6,1,0
BRDA:123,7,0,0
BRDA:123,7,1,0
BRDA:127,8,0,0
BRDA:127,8,1,0
BRDA:138,9,0,0
BRDA:143,10,0,0
BRDA:143,11,0,0
BRDA:143,11,1,0
BRDA:144,12,0,0
BRDA:150,13,0,0
BRDA:150,14,0,0
BRDA:150,14,1,0
BRDA:155,15,0,0
BRDA:155,16,0,0
BRDA:155,16,1,0
BRDA:156,17,0,0
BRDA:162,18,0,0
[...]
DA:390,0
DA:402,0
DA:416,0
DA:431,0
DA:443,0
DA:450,0
DA:451,0
DA:452,0
DA:460,0
DA:461,0
DA:472,0
DA:493,0
DA:520,0
LF:86
LH:0
BRDA:92,0,0,0
BRDA:116,1,0,0
BRDA:116,1,1,0
BRDA:116,1,2,0
BRDA:116,1,3,0
BRDA:116,1,4,0
BRDA:130,2,0,0
BRDA:130,2,1,0
BRDA:134,3,0,0
BRDA:135,4,0,0
BRDA:140,5,0,0
BRDA:141,6,0,0
BRDA:146,7,0,0
BRDA:147,8,0,0
BRDA:152,9,0,0
BRDA:157,10,0,0
BRDA:158,11,0,0
BRDA:163,12,0,0
BRDA:164,13,0,0
BRDA:179,14,0,0
BRDA:179,14,1,0
BRDA:180,15,0,0
BRDA:180,15,1,0
BRDA:191,16,0,0
BRDA:191,16,1,0
BRDA:245,17,0,0
BRDA:245,17,1,0
BRDA:245,18,0,0
BRDA:245,18,1,0
BRDA:263,19,0,0
BRDA:263,19,1,0
BRDA:303,20,0,0
BRDA:303,20,1,0
BRDA:313,21,0,0
BRDA:313,21,1,0
BRDA:342,22,0,0
BRDA:342,22,1,0
BRDA:457,23,0,0
BRDA:457,23,1,0
BRDA:508,24,0,0
BRDA:508,24,1,0
BRDA:517,25,0,0
BRDA:517,25,1,0
BRDA:517,25,2,0
BRDA:524,26,0,0
BRDA:524,26,1,0
BRDA:525,27,0,0
BRDA:525,27,1,0
BRF:48
BRH:0
end_of_record
TN:
SF:src\views\Risk.tsx
FN:54,Risk
FN:82,(anonymous_2)
FN:84,(anonymous_3)
FN:90,(anonymous_4)
FN:96,(anonymous_5)
FN:110,(anonymous_6)
FN:116,(anonymous_7)
FN:123,(anonymous_8)
FN:129,(anonymous_9)
FN:139,(anonymous_10)
FN:157,(anonymous_11)
FN:162,(anonymous_12)
FN:171,(anonymous_13)
FN:178,(anonymous_14)
FN:185,(anonymous_15)
FN:204,(anonymous_16)
FN:212,(anonymous_17)
FN:218,(anonymous_18)
FN:228,(anonymous_19)
FN:238,(anonymous_20)
FN:266,(anonymous_21)
FN:287,(anonymous_22)
FN:359,(anonymous_23)
FNF:23
FNH:0
FNDA:0,Risk
FNDA:0,(anonymous_2)
FNDA:0,(anonymous_3)
FNDA:0,(anonymous_4)
FNDA:0,(anonymous_5)
FNDA:0,(anonymous_6)
FNDA:0,(anonymous_7)
FNDA:0,(anonymous_8)
FNDA:0,(anonymous_9)
FNDA:0,(anonymous_10)
FNDA:0,(anonymous_11)
FNDA:0,(anonymous_12)
FNDA:0,(anonymous_13)
FNDA:0,(anonymous_14)
FNDA:0,(anonymous_15)
FNDA:0,(anonymous_16)
FNDA:0,(anonymous_17)
FNDA:0,(anonymous_18)
FNDA:0,(anonymous_19)
FNDA:0,(anonymous_20)
FNDA:0,(anonymous_21)
FNDA:0,(anonymous_22)
FNDA:0,(anonymous_23)
DA:1,0
DA:2,0
DA:3,0
DA:4,0
DA:5,0
DA:6,0
DA:7,0
DA:8,0
DA:9,0
DA:10,0
DA:11,0
DA:13,0
DA:54,0
DA:56,0
DA:62,0
DA:68,0
DA:74,0
DA:80,0
DA:82,0
DA:83,0
DA:84,0
DA:88,0
DA:90,0
DA:91,0
DA:96,0
DA:97,0
DA:99,0
DA:101,0
DA:103,0
DA:106,0
DA:110,0
DA:111,0
DA:112,0
DA:113,0
DA:116,0
DA:117,0
DA:118,0
DA:119,0
DA:120,0
DA:123,0
DA:124,0
DA:125,0
DA:126,0
DA:129,0
DA:130,0
DA:131,0
DA:132,0
DA:133,0
DA:134,0
DA:135,0
DA:139,0
DA:140,0
DA:142,0
DA:144,0
DA:146,0
DA:148,0
DA:152,0
DA:157,0
DA:163,0
DA:172,0
DA:179,0
DA:186,0
DA:195,0
DA:205,0
DA:212,0
DA:219,0
DA:229,0
DA:239,0
DA:246,0
DA:267,0
DA:288,0
DA:293,0
DA:359,0
LF:73
LH:0
BRDA:83,0,0,0
BRDA:83,1,0,0
BRDA:83,1,1,0
BRDA:97,2,0,0
BRDA:97,2,1,0
BRDA:97,2,2,0
BRDA:97,2,3,0
BRDA:97,2,4,0
BRDA:111,3,0,0
BRDA:112,4,0,0
BRDA:118,5,0,0
BRDA:119,6,0,0
BRDA:124,7,0,0
BRDA:125,8,0,0
BRDA:130,9,0,0
BRDA:130,9,1,0
BRDA:130,9,2,0
BRDA:130,9,3,0
BRDA:130,9,4,0
BRDA:140,10,0,0
BRDA:140,10,1,0
BRDA:140,10,2,0
BRDA:140,10,3,0
BRDA:187,11,0,0
BRDA:187,11,1,0
BRDA:189,12,0,0
BRDA:189,12,1,0
BRDA:219,13,0,0
BRDA:219,13,1,0
BRDA:219,14,0,0
BRDA:219,14,1,0
BRDA:229,15,0,0
BRDA:229,15,1,0
BRDA:229,16,0,0
BRDA:229,16,1,0
BRDA:239,17,0,0
BRDA:239,17,1,0
BRDA:239,18,0,0
BRDA:239,18,1,0
BRDA:271,19,0,0
BRDA:271,19,1,0
BRDA:271,20,0,0
BRDA:271,20,1,0
BRDA:277,21,0,0
BRDA:277,21,1,0
BRDA:277,22,0,0
BRDA:277,22,1,0
BRDA:299,23,0,0
BRDA:299,23,1,0
BRDA:305,24,0,0
BRDA:305,24,1,0
BRDA:315,25,0,0
BRDA:315,25,1,0
BRDA:331,26,0,0
BRDA:331,26,1,0
BRDA:346,27,0,0
BRDA:346,27,1,0
BRDA:351,28,0,0
BRDA:351,28,1,0
BRDA:351,29,0,0
BRDA:351,29,1,0
BRDA:359,30,0,0
BRDA:359,30,1,0
BRDA:362,31,0,0
BRDA:362,31,1,0
BRDA:374,32,0,0
BRDA:374,32,1,0
BRDA:386,33,0,0
BRDA:386,33,1,0
BRF:69
BRH:0
end_of_record
TN:
SF:src\views\Settings.tsx
FN:47,Settings
FN:98,(anonymous_2)
FN:122,(anonymous_3)
FN:125,(anonymous_4)
FN:131,(anonymous_5)
FN:237,(anonymous_6)
FN:247,(anonymous_7)
FN:257,(anonymous_8)
FN:267,(anonymous_9)
FN:277,(anonymous_10)
FN:302,(anonymous_11)
FN:316,(anonymous_12)
FN:331,(anonymous_13)
FN:347,(anonymous_14)
FN:361,(anonymous_15)
FN:379,(anonymous_16)
FN:408,(anonymous_17)
FN:422,(anonymous_18)
FN:445,(anonymous_19)
FN:462,(anonymous_20)
FN:479,(anonymous_21)
FN:489,(anonymous_22)
FN:505,(anonymous_23)
FN:515,(anonymous_24)
FN:525,(anonymous_25)
FN:547,(anonymous_26)
FN:557,(anonymous_27)
FN:567,(anonymous_28)
FN:577,(anonymous_29)
FN:587,(anonymous_30)
FN:597,(anonymous_31)
FN:607,(anonymous_32)
FN:623,(anonymous_33)
FN:633,(anonymous_34)
FNF:34
FNH:0
FNDA:0,Settings
FNDA:0,(anonymous_2)
FNDA:0,(anonymous_3)
FNDA:0,(anonymous_4)
FNDA:0,(anonymous_5)
FNDA:0,(anonymous_6)
FNDA:0,(anonymous_7)
FNDA:0,(anonymous_8)
FNDA:0,(anonymous_9)
FNDA:0,(anonymous_10)
FNDA:0,(anonymous_11)
FNDA:0,(anonymous_12)
FNDA:0,(anonymous_13)
FNDA:0,(anonymous_14)
FNDA:0,(anonymous_15)
FNDA:0,(anonymous_16)
FNDA:0,(anonymous_17)
FNDA:0,(anonymous_18)
FNDA:0,(anonymous_19)
FNDA:0,(anonymous_20)
FNDA:0,(anonymous_21)
FNDA:0,(anonymous_22)
FNDA:0,(anonymous_23)
FNDA:0,(anonymous_24)
FNDA:0,(anonymous_25)
FNDA:0,(anonymous_26)
FNDA:0,(anonymous_27)
FNDA:0,(anonymous_28)
FNDA:0,(anonymous_29)
FNDA:0,(anonymous_30)
FNDA:0,(anonymous_31)
FNDA:0,(anonymous_32)
FNDA:0,(anonymous_33)
FNDA:0,(anonymous_34)
DA:1,0
DA:2,0
DA:3,0
DA:4,0
DA:5,0
DA:47,0
DA:48,0
DA:49,0
DA:50,0
DA:53,0
DA:70,0
DA:83,0
DA:96,0
DA:98,0
DA:99,0
DA:100,0
DA:102,0
DA:104,0
DA:117,0
DA:118,0
DA:121,0
DA:122,0
DA:124,0
DA:125,0
DA:127,0
DA:131,0
DA:132,0
DA:133,0
DA:149,0
DA:161,0
DA:175,0
DA:237,0
DA:247,0
DA:257,0
DA:267,0
DA:277,0
DA:302,0
DA:316,0
DA:331,0
DA:347,0
DA:361,0
DA:379,0
DA:408,0
DA:423,0
DA:424,0
DA:425,0
DA:426,0
DA:445,0
DA:462,0
DA:479,0
DA:489,0
DA:505,0
DA:515,0
DA:525,0
DA:547,0
DA:557,0
DA:567,0
DA:577,0
DA:587,0
DA:597,0
DA:607,0
DA:623,0
DA:633,0
LF:63
LH:0
BRDA:117,0,0,0
BRDA:132,1,0,0
BRDA:181,2,0,0
BRDA:181,2,1,0
BRDA:183,3,0,0
BRDA:183,3,1,0
BRDA:199,4,0,0
BRDA:199,4,1,0
BRDA:205,5,0,0
BRDA:205,5,1,0
BRDA:239,6,0,0
BRDA:239,6,1,0
BRDA:249,7,0,0
BRDA:249,7,1,0
BRDA:259,8,0,0
BRDA:259,8,1,0
BRDA:269,9,0,0
BRDA:269,9,1,0
BRDA:279,10,0,0
BRDA:279,10,1,0
BRDA:292,11,0,0
BRDA:292,11,1,0
BRDA:394,12,0,0
BRDA:394,12,1,0
BRDA:425,13,0,0
BRDA:535,14,0,0
BRDA:535,14,1,0
BRDA:644,15,0,0
BRDA:644,15,1,0
BRDA:776,16,0,0
BRDA:776,16,1,0
BRF:31
BRH:0
end_of_record
TN:
SF:src\views\Social.tsx
FN:36,Social
FN:45,(anonymous_2)
FN:48,(anonymous_3)
FN:51,(anonymous_4)
FN:71,(anonymous_5)
FN:90,(anonymous_6)
FN:98,(anonymous_7)
FN:106,(anonymous_8)
FN:179,(anonymous_9)
FN:182,(anonymous_10)
FN:202,(anonymous_11)
FN:222,(anonymous_12)
FN:245,(anonymous_13)
FN:283,(anonymous_14)
FN:319,(anonymous_15)
FN:343,(anonymous_16)
FNF:16
FNH:0
FNDA:0,Social
FNDA:0,(anonymous_2)
FNDA:0,(anonymous_3)
FNDA:0,(anonymous_4)
FNDA:0,(anonymous_5)
FNDA:0,(anonymous_6)
FNDA:0,(anonymous_7)
FNDA:0,(anonymous_8)
FNDA:0,(anonymous_9)
FNDA:0,(anonymous_10)
FNDA:0,(anonymous_11)
FNDA:0,(anonymous_12)
FNDA:0,(anonymous_13)
FNDA:0,(anonymous_14)
FNDA:0,(anonymous_15)
FNDA:0,(anonymous_16)
DA:1,0
DA:2,0
DA:3,0
DA:36,0
DA:37,0
DA:38,0
DA:39,0
DA:40,0
DA:41,0
DA:42,0
DA:43,0
DA:45,0
DA:46,0
DA:47,0
DA:48,0
DA:51,0
DA:52,0
DA:53,0
DA:54,0
DA:55,0
DA:56,0
DA:57,0
DA:58,0
DA:59,0
DA:61,0
DA:64,0
DA:65,0
DA:67,0
DA:71,0
DA:72,0
DA:74,0
DA:75,0
DA:81,0
DA:82,0
DA:83,0
DA:86,0
DA:90,0
DA:91,0
DA:92,0
DA:93,0
DA:94,0
DA:98,0
DA:99,0
DA:100,0
DA:101,0
DA:102,0
DA:106,0
DA:107,0
DA:108,0
DA:109,0
DA:110,0
DA:112,0
DA:113,0
DA:114,0
DA:117,0
DA:118,0
DA:121,0
DA:180,0
DA:182,0
DA:202,0
DA:223,0
DA:246,0
DA:284,0
DA:320,0
DA:321,0
DA:322,0
DA:344,0
LF:67
LH:0
BRDA:54,0,0,0
BRDA:54,0,1,0
BRDA:56,1,0,0
BRDA:56,1,1,0
BRDA:57,2,0,0
BRDA:57,2,1,0
BRDA:58,3,0,0
BRDA:58,3,1,0
BRDA:64,4,0,0
BRDA:64,4,1,0
BRDA:72,5,0,0
BRDA:81,6,0,0
BRDA:91,7,0,0
BRDA:91,7,1,0
BRDA:91,7,2,0
BRDA:99,8,0,0
BRDA:99,8,1,0
BRDA:99,8,2,0
BRDA:112,9,0,0
BRDA:113,10,0,0
BRDA:117,11,0,0
BRDA:141,12,0,0
BRDA:141,12,1,0
BRDA:148,13,0,0
BRDA:148,13,1,0
BRDA:184,14,0,0
BRDA:184,14,1,0
BRDA:195,15,0,0
BRDA:195,15,1,0
BRDA:274,16,0,0
BRDA:274,16,1,0
BRDA:293,17,0,0
BRDA:293,17,1,0
BRDA:294,18,0,0
BRDA:294,18,1,0
BRDA:314,19,0,0
BRDA:314,19,1,0
BRF:37
BRH:0
end_of_record
TN:
SF:src\views\TradeFloor.tsx
FN:68,TradeFloor
FN:88,(anonymous_2)
FN:89,(anonymous_3)
FN:92,(anonymous_4)
FN:97,(anonymous_5)
FN:110,(anonymous_6)
FN:114,(anonymous_7)
FN:115,(anonymous_8)
FN:129,(anonymous_9)
FN:134,(anonymous_10)
FN:142,(anonymous_11)
FN:145,(anonymous_12)
FN:162,(anonymous_13)
FN:169,(anonymous_14)
FN:175,(anonymous_15)
FN:179,(anonymous_16)
FN:183,(anonymous_17)
FN:189,(anonymous_18)
FN:200,(anonymous_19)
FN:207,(anonymous_20)
FN:223,(anonymous_21)
FN:230,(anonymous_22)
FN:237,(anonymous_23)
FN:238,(anonymous_24)
FN:256,(anonymous_25)
FN:259,(anonymous_26)
FN:260,(anonymous_27)
FN:263,(anonymous_28)
FN:269,(anonymous_29)
FN:270,(anonymous_30)
FN:364,(anonymous_31)
FN:375,(anonymous_32)
FN:386,(anonymous_33)
FN:401,(anonymous_34)
FN:404,(anonymous_35)
FN:439,(anonymous_36)
FN:445,(anonymous_37)
FN:456,(anonymous_38)
FN:465,(anonymous_39)
FN:485,(anonymous_40)
FN:526,(anonymous_41)
FN:564,(anonymous_42)
FNF:42
FNH:0
FNDA:0,TradeFloor
FNDA:0,(anonymous_2)
FNDA:0,(anonymous_3)
FNDA:0,(anonymous_4)
FNDA:0,(anonymous_5)
FNDA:0,(anonymous_6)
FNDA:0,(anonymous_7)
FNDA:0,(anonymous_8)
FNDA:0,(anonymous_9)
FNDA:0,(anonymous_10)
FNDA:0,(anonymous_11)
FNDA:0,(anonymous_12)
FNDA:0,(anonymous_13)
FNDA:0,(anonymous_14)
FNDA:0,(anonymous_15)
FNDA:0,(anonymous_16)
FNDA:0,(anonymous_17)
FNDA:0,(anonymous_18)
FNDA:0,(anonymous_19)
FNDA:0,(anonymous_20)
FNDA:0,(anonymous_21)
FNDA:0,(anonymous_22)
FNDA:0,(anonymous_23)
FNDA:0,(anonymous_24)
FNDA:0,(anonymous_25)
FNDA:0,(anonymous_26)
FNDA:0,(anonymous_27)
FNDA:0,(anonymous_28)
FNDA:0,(anonymous_29)
FNDA:0,(anonymous_30)
FNDA:0,(anonymous_31)
FNDA:0,(anonymous_32)
FNDA:0,(anonymous_33)
FNDA:0,(anonymous_34)
FNDA:0,(anonymous_35)
FNDA:0,(anonymous_36)
FNDA:0,(anonymous_37)
FNDA:0,(anonymous_38)
FNDA:0,(anonymous_39)
FNDA:0,(anonymous_40)
FNDA:0,(anonymous_41)
FNDA:0,(anonymous_42)
DA:1,0
DA:2,0
DA:17,0
DA:18,0
DA:19,0
DA:20,0
DA:21,0
DA:22,0
DA:23,0
DA:24,0
DA:68,0
DA:69,0
DA:70,0
DA:71,0
DA:72,0
DA:73,0
DA:74,0
DA:75,0
DA:76,0
DA:77,0
DA:78,0
DA:79,0
DA:80,0
DA:85,0
DA:88,0
DA:89,0
DA:90,0
DA:92,0
DA:93,0
DA:94,0
DA:97,0
DA:98,0
DA:99,0
DA:101,0
DA:103,0
DA:104,0
DA:105,0
DA:106,0
DA:110,0
DA:113,0
DA:114,0
DA:115,0
DA:116,0
DA:117,0
DA:118,0
DA:119,0
DA:121,0
DA:125,0
DA:129,0
DA:130,0
DA:131,0
DA:134,0
DA:135,0
DA:138,0
DA:142,0
DA:143,0
DA:145,0
DA:146,0
DA:147,0
DA:148,0
DA:149,0
DA:158,0
DA:162,0
DA:163,0
DA:166,0
DA:167,0
DA:169,0
DA:170,0
DA:171,0
DA:175,0
DA:176,0
DA:179,0
DA:180,0
DA:183,0
DA:184,0
DA:185,0
DA:186,0
DA:189,0
DA:190,0
DA:191,0
DA:193,0
DA:194,0
DA:195,0
DA:196,0
DA:200,0
DA:201,0
DA:202,0
DA:207,0
DA:208,0
DA:210,0
DA:213,0
DA:215,0
DA:217,0
DA:219,0
DA:223,0
DA:224,0
DA:225,0
DA:226,0
DA:227,0
DA:230,0
DA:231,0
DA:232,0
DA:233,0
DA:234,0
DA:237,0
DA:238,0
DA:239,0
DA:240,0
DA:241,0
DA:245,0
DA:256,0
DA:259,0
DA:260,0
DA:263,0
DA:264,0
DA:265,0
DA:269,0
DA:270,0
DA:273,0
DA:275,0
DA:364,0
DA:375,0
DA:386,0
DA:402,0
DA:404,0
DA:439,0
DA:446,0
DA:456,0
DA:465,0
DA:485,0
DA:527,0
DA:565,0
LF:132
LH:0
BRDA:101,0,0,0
BRDA:103,1,0,0
BRDA:103,2,0,0
BRDA:103,2,1,0
BRDA:104,3,0,0
BRDA:104,3,1,0
BRDA:113,4,0,0
BRDA:116,5,0,0
BRDA:148,6,0,0
BRDA:184,7,0,0
BRDA:185,8,0,0
BRDA:190,9,0,0
BRDA:190,9,1,0
BRDA:190,9,2,0
BRDA:190,9,3,0
BRDA:190,9,4,0
BRDA:190,9,5,0
BRDA:195,10,0,0
BRDA:195,10,1,0
BRDA:201,11,0,0
BRDA:202,12,0,0
BRDA:202,12,1,0
BRDA:202,13,0,0
BRDA:202,13,1,0
BRDA:208,14,0,0
BRDA:208,14,1,0
BRDA:208,14,2,0
BRDA:208,14,3,0
BRDA:208,14,4,0
BRDA:208,14,5,0
BRDA:219,15,0,0
BRDA:219,15,1,0
BRDA:224,16,0,0
BRDA:225,17,0,0
BRDA:226,18,0,0
BRDA:231,19,0,0
BRDA:232,20,0,0
BRDA:233,21,0,0
BRDA:239,22,0,0
BRDA:239,22,1,0
BRDA:240,23,0,0
BRDA:240,23,1,0
BRDA:241,24,0,0
BRDA:241,24,1,0
BRDA:246,25,0,0
BRDA:246,25,1,0
BRDA:247,26,0,0
BRDA:247,26,1,0
BRDA:248,27,0,0
BRDA:248,27,1,0
BRDA:248,27,2,0
BRDA:249,28,0,0
BRDA:249,28,1,0
BRDA:251,29,0,0
BRDA:251,29,1,0
BRDA:252,30,0,0
BRDA:252,30,1,0
BRDA:253,31,0,0
BRDA:253,31,1,0
BRDA:253,31,2,0
BRDA:264,32,0,0
BRDA:264,33,0,0
BRDA:264,33,1,0
BRDA:289,34,0,0
BRDA:289,34,1,0
BRDA:290,35,0,0
BRDA:290,35,1,0
BRDA:291,36,0,0
BRDA:291,36,1,0
BRDA:292,37,0,0
BRDA:292,37,1,0
BRDA:298,38,0,0
BRDA:298,38,1,0
BRDA:302,39,0,0
BRDA:302,39,1,0
BRDA:315,40,0,0
BRDA:315,40,1,0
BRDA:324,41,0,0
BRDA:324,41,1,0
BRDA:324,42,0,0
BRDA:324,42,1,0
BRDA:325,43,0,0
BRDA:325,43,1,0
BRDA:334,44,0,0
BRDA:334,44,1,0
BRDA:334,45,0,0
BRDA:334,45,1,0
BRDA:335,46,0,0
BRDA:335,46,1,0
BRDA:345,47,0,0
BRDA:345,47,1,0
BRDA:355,48,0,0
BRDA:355,48,1,0
BRDA:366,49,0,0
BRDA:366,49,1,0
BRDA:377,50,0,0
BRDA:377,50,1,0
BRDA:388,51,0,0
BRDA:388,51,1,0
BRDA:399,52,0,0
BRDA:399,52,1,0
BRDA:406,53,0,0
BRDA:406,53,1,0
BRDA:411,54,0,0
BRDA:411,54,1,0
BRDA:412,55,0,0
BRDA:412,55,1,0
BRDA:413,56,0,0
BRDA:413,56,1,0
BRDA:423,57,0,0
BRDA:423,57,1,0
BRDA:445,58,0,0
BRDA:445,58,1,0
BRDA:460,59,0,0
BRDA:460,59,1,0
BRDA:475,60,0,0
BRDA:475,60,1,0
BRDA:478,61,0,0
BRDA:478,61,1,0
BRDA:517,62,0,0
BRDA:517,62,1,0
BRDA:530,63,0,0
BRDA:530,63,1,0
BRDA:531,64,0,0
BRDA:531,64,1,0
BRDA:533,65,0,0
BRDA:533,65,1,0
BRDA:535,66,0,0
BRDA:535,66,1,0
BRDA:536,67,0,0
BRDA:536,67,1,0
BRDA:527,68,0,0
BRDA:527,68,1,0
BRDA:557,69,0,0
BRDA:557,69,1,0
BRDA:576,70,0,0
BRDA:576,70,1,0
BRDA:579,71,0,0
BRDA:579,71,1,0
BRDA:580,72,0,0
BRDA:580,72,1,0
BRDA:584,73,0,0
BRDA:584,73,1,0
BRDA:587,74,0,0
BRDA:587,74,1,0
BRDA:588,75,0,0
BRDA:588,75,1,0
BRDA:589,76,0,0
BRDA:589,76,1,0
BRDA:593,77,0,0
BRDA:593,77,1,0
BRDA:595,78,0,0
BRDA:595,78,1,0
BRDA:596,79,0,0
BRDA:596,79,1,0
BRDA:600,80,0,0
BRDA:600,80,1,0
BRDA:605,81,0,0
BRDA:605,81,1,0
BRF:159
BRH:0
end_of_record
TN:
SF:src\views\Trading.tsx
FN:51,Trading
FN:82,(anonymous_8)
FN:86,(anonymous_9)
FN:93,(anonymous_10)
FN:97,(anonymous_11)
FN:105,(anonymous_12)
FN:113,(anonymous_13)
FN:159,(anonymous_14)
FN:175,(anonymous_15)
FN:180,(anonymous_16)
FN:186,(anonymous_17)
FN:207,(anonymous_18)
FN:227,(anonymous_19)
FN:236,(anonymous_20)
FN:250,(anonymous_21)
FN:259,(anonymous_22)
FN:271,(anonymous_23)
FN:276,(anonymous_24)
FN:297,(anonymous_25)
FN:318,(anonymous_26)
FN:324,(anonymous_27)
FN:336,(anonymous_28)
FN:339,(anonymous_29)
FN:350,(anonymous_30)
FN:353,(anonymous_31)
FN:364,(anonymous_32)
FN:367,(anonymous_33)
FN:382,(anonymous_34)
FN:398,(anonymous_35)
FN:412,(anonymous_36)
FN:415,(anonymous_37)
FN:430,(anonymous_38)
FN:454,(anonymous_39)
FNF:33
FNH:12
FNDA:55,Trading
FNDA:3,(anonymous_8)
FNDA:0,(anonymous_9)
FNDA:0,(anonymous_10)
FNDA:0,(anonymous_11)
FNDA:3,(anonymous_12)
FNDA:0,(anonymous_13)
FNDA:0,(anonymous_14)
FNDA:0,(anonymous_15)
FNDA:0,(anonymous_16)
FNDA:0,(anonymous_17)
FNDA:54,(anonymous_18)
FNDA:54,(anonymous_19)
FNDA:54,(anonymous_20)
FNDA:0,(anonymous_21)
FNDA:0,(anonymous_22)
FNDA:0,(anonymous_23)
FNDA:0,(anonymous_24)
FNDA:162,(anonymous_25)
FNDA:0,(anonymous_26)
FNDA:0,(anonymous_27)
FNDA:0,(anonymous_28)
FNDA:216,(anonymous_29)
FNDA:0,(anonymous_30)
FNDA:108,(anonymous_31)
FNDA:0,(anonymous_32)
FNDA:216,(anonymous_33)
FNDA:0,(anonymous_34)
FNDA:0,(anonymous_35)
FNDA:0,(anonymous_36)
FNDA:216,(anonymous_37)
FNDA:0,(anonymous_38)
FNDA:54,(anonymous_39)
DA:1,1
DA:2,1
DA:3,1
DA:4,1
DA:5,1
DA:6,1
DA:7,1
DA:8,1
DA:9,1
DA:10,1
DA:11,1
DA:12,1
DA:13,1
DA:51,1
DA:52,55
DA:60,54
DA:61,54
DA:64,54
DA:69,54
DA:74,54
DA:80,54
DA:82,54
DA:83,3
DA:84,3
DA:86,3
DA:88,0
DA:93,3
DA:97,3
DA:101,3
DA:102,3
DA:103,3
DA:105,3
DA:106,3
DA:107,3
DA:108,3
DA:113,54
DA:114,0
DA:115,0
DA:116,0
DA:117,0
DA:120,0
DA:122,0
DA:123,0
DA:132,0
DA:133,0
DA:137,0
DA:146,0
DA:150,54
DA:160,0
DA:175,0
DA:180,0
DA:187,0
DA:198,54
DA:208,54
DA:227,54
DA:237,54
DA:245,54
DA:250,0
DA:260,0
DA:271,0
DA:276,0
DA:284,54
DA:298,162
DA:318,0
DA:325,0
DA:336,0
DA:340,216
DA:350,0
DA:354,108
DA:364,0
DA:368,216
DA:382,0
DA:398,0
DA:412,0
DA:416,216
DA:430,0
DA:454,54
LF:77
LH:48
BRDA:83,0,0,3
BRDA:83,1,0,3
BRDA:83,1,1,3
BRDA:88,2,0,0
BRDA:115,3,0,0
BRDA:116,4,0,0
BRDA:116,4,1,0
BRDA:132,5,0,0
BRDA:161,6,0,0
BRDA:161,6,1,0
BRDA:187,7,0,0
BRDA:187,7,1,0
BRDA:209,8,0,0
BRDA:209,8,1,54
BRDA:227,9,0,54
BRDA:227,9,1,0
BRDA:238,10,0,0
BRDA:238,10,1,54
BRDA:238,11,0,0
BRDA:238,11,1,54
BRDA:261,12,0,0
BRDA:261,12,1,0
BRDA:290,13,0,54
BRDA:290,13,1,0
BRDA:322,14,0,54
BRDA:322,14,1,0
BRDA:389,15,0,54
BRDA:389,15,1,0
BRDA:442,16,0,54
BRDA:442,16,1,0
BRDA:454,17,0,54
BRDA:454,17,1,0
BRDA:469,18,0,54
BRDA:469,18,1,0
BRF:34
BRH:13
end_of_record
TN:
SF:src\views\Treasury.tsx
FN:50,Treasury
FN:56,(anonymous_2)
FN:59,(anonymous_3)
FN:62,(anonymous_4)
FN:75,(anonymous_5)
FN:79,(anonymous_6)
FN:83,(anonymous_7)
FN:95,(anonymous_8)
FN:99,(anonymous_9)
FN:194,(anonymous_10)
FN:197,(anonymous_11)
FN:217,(anonymous_12)
FN:251,(anonymous_13)
FN:320,(anonymous_14)
FNF:14
FNH:0
FNDA:0,Treasury
FNDA:0,(anonymous_2)
FNDA:0,(anonymous_3)
FNDA:0,(anonymous_4)
FNDA:0,(anonymous_5)
FNDA:0,(anonymous_6)
FNDA:0,(anonymous_7)
FNDA:0,(anonymous_8)
FNDA:0,(anonymous_9)
FNDA:0,(anonymous_10)
FNDA:0,(anonymous_11)
FNDA:0,(anonymous_12)
FNDA:0,(anonymous_13)
FNDA:0,(anonymous_14)
DA:1,0
DA:2,0
DA:3,0
DA:4,0
DA:50,0
DA:51,0
DA:52,0
DA:53,0
DA:54,0
DA:56,0
DA:57,0
DA:58,0
DA:59,0
DA:62,0
DA:63,0
DA:64,0
DA:65,0
DA:66,0
DA:68,0
DA:69,0
DA:71,0
DA:75,0
DA:76,0
DA:79,0
DA:80,0
DA:83,0
DA:84,0
DA:85,0
DA:86,0
DA:87,0
DA:88,0
DA:89,0
DA:90,0
DA:91,0
DA:95,0
DA:96,0
DA:99,0
DA:100,0
DA:101,0
DA:102,0
DA:103,0
DA:104,0
DA:106,0
DA:107,0
DA:108,0
DA:111,0
DA:112,0
DA:115,0
DA:195,0
DA:197,0
DA:218,0
DA:252,0
DA:253,0
DA:321,0
LF:54
LH:0
BRDA:68,0,0,0
BRDA:68,0,1,0
BRDA:84,1,0,0
BRDA:84,1,1,0
BRDA:84,1,2,0
BRDA:84,1,3,0
BRDA:84,1,4,0
BRDA:84,1,5,0
BRDA:84,1,6,0
BRDA:96,2,0,0
BRDA:96,2,1,0
BRDA:106,3,0,0
BRDA:107,4,0,0
BRDA:111,5,0,0
BRDA:135,6,0,0
BRDA:135,6,1,0
BRDA:150,7,0,0
BRDA:150,7,1,0
BRDA:160,8,0,0
BRDA:160,8,1,0
BRDA:163,9,0,0
BRDA:163,9,1,0
BRDA:173,10,0,0
BRDA:173,10,1,0
BRDA:176,11,0,0
BRDA:176,11,1,0
BRDA:186,12,0,0
BRDA:186,12,1,0
BRDA:199,13,0,0
BRDA:199,13,1,0
BRDA:210,14,0,0
BRDA:210,14,1,0
BRDA:231,15,0,0
BRDA:231,15,1,0
BRDA:242,16,0,0
BRDA:242,16,1,0
BRDA:245,17,0,0
BRDA:245,17,1,0
BRDA:274,18,0,0
BRDA:274,18,1,0
BRDA:311,19,0,0
BRDA:311,19,1,0
BRDA:355,20,0,0
BRDA:355,20,1,0
BRF:44
BRH:0
end_of_record
TN:
SF:src\views\Wallet.tsx
FN:29,Wallet
FN:35,(anonymous_2)
FN:38,(anonymous_3)
FN:41,(anonymous_4)
FN:54,(anonymous_5)
FN:61,(anonymous_6)
FN:72,(anonymous_7)
FN:81,(anonymous_8)
FN:92,(anonymous_9)
FN:111,(anonymous_10)
FN:118,(anonymous_11)
FN:154,(anonymous_12)
FN:160,(anonymous_13)
FN:169,(anonymous_14)
FN:178,(anonymous_15)
FN:181,(anonymous_16)
FN:195,(anonymous_17)
FN:227,(anonymous_18)
FNF:18
FNH:0
FNDA:0,Wallet
FNDA:0,(anonymous_2)
FNDA:0,(anonymous_3)
FNDA:0,(anonymous_4)
FNDA:0,(anonymous_5)
FNDA:0,(anonymous_6)
FNDA:0,(anonymous_7)
FNDA:0,(anonymous_8)
FNDA:0,(anonymous_9)
FNDA:0,(anonymous_10)
FNDA:0,(anonymous_11)
FNDA:0,(anonymous_12)
FNDA:0,(anonymous_13)
FNDA:0,(anonymous_14)
FNDA:0,(anonymous_15)
FNDA:0,(anonymous_16)
FNDA:0,(anonymous_17)
FNDA:0,(anonymous_18)
DA:1,0
DA:2,0
DA:3,0
DA:4,0
DA:29,0
DA:30,0
DA:31,0
DA:32,0
DA:33,0
DA:35,0
DA:36,0
DA:37,0
DA:38,0
DA:41,0
DA:42,0
DA:43,0
DA:44,0
DA:45,0
DA:47,0
DA:48,0
DA:50,0
DA:54,0
DA:55,0
DA:56,0
DA:58,0
DA:61,0
DA:62,0
DA:63,0
DA:64,0
DA:65,0
DA:67,0
DA:68,0
DA:69,0
DA:72,0
DA:73,0
DA:74,0
DA:75,0
DA:76,0
DA:77,0
DA:81,0
DA:82,0
DA:83,0
DA:84,0
DA:85,0
DA:86,0
DA:90,0
DA:92,0
DA:94,0
DA:95,0
DA:98,0
DA:111,0
DA:118,0
DA:154,0
DA:160,0
DA:169,0
DA:179,0
DA:181,0
DA:196,0
DA:228,0
LF:59
LH:0
BRDA:47,0,0,0
BRDA:47,0,1,0
BRDA:55,1,0,0
BRDA:67,2,0,0
BRDA:68,3,0,0
BRDA:73,4,0,0
BRDA:73,4,1,0
BRDA:73,4,2,0
BRDA:73,4,3,0
BRDA:82,5,0,0
BRDA:82,5,1,0
BRDA:82,5,2,0
BRDA:82,5,3,0
BRDA:90,6,0,0
BRDA:90,6,1,0
BRDA:91,7,0,0
BRDA:91,7,1,0
BRDA:92,8,0,0
BRDA:92,8,1,0
BRDA:94,9,0,0
BRDA:134,10,0,0
BRDA:134,10,1,0
BRDA:154,11,0,0
BRDA:154,11,1,0
BRDA:160,12,0,0
BRDA:160,12,1,0
BRDA:171,13,0,0
BRDA:171,13,1,0
BRDA:183,14,0,0
BRDA:183,14,1,0
BRDA:239,15,0,0
BRDA:239,15,1,0
BRDA:244,16,0,0
BRDA:244,16,1,0
BRF:34
BRH:0
end_of_record
